CRITICAL - 2022-04-08 06:20:44 --> Trying to access array offset on value of type null
#0 C:\xampp\htdocs\codeigniter\rent-a-ride\app\Views\pages\booking\details.php(58): CodeIgniter\Debug\Exceptions->errorHandler(2, 'Trying to acces...', 'C:\\xampp\\htdocs...', 58)
#1 C:\xampp\htdocs\codeigniter\rent-a-ride\system\View\View.php(210): include('C:\\xampp\\htdocs...')
#2 C:\xampp\htdocs\codeigniter\rent-a-ride\system\View\View.php(213): CodeIgniter\View\View->CodeIgniter\View\{closure}()
#3 C:\xampp\htdocs\codeigniter\rent-a-ride\system\Common.php(1089): CodeIgniter\View\View->render('pages/booking/d...', Array, true)
#4 C:\xampp\htdocs\codeigniter\rent-a-ride\app\Controllers\Booking.php(71): view('pages/booking/d...', Array)
#5 C:\xampp\htdocs\codeigniter\rent-a-ride\system\CodeIgniter.php(832): App\Controllers\Booking->details('assets', 'img', 'favicon.png')
#6 C:\xampp\htdocs\codeigniter\rent-a-ride\system\CodeIgniter.php(419): CodeIgniter\CodeIgniter->runController(Object(App\Controllers\Booking))
#7 C:\xampp\htdocs\codeigniter\rent-a-ride\system\CodeIgniter.php(326): CodeIgniter\CodeIgniter->handleRequest(NULL, Object(Config\Cache), false)
#8 C:\xampp\htdocs\codeigniter\rent-a-ride\index.php(38): CodeIgniter\CodeIgniter->run()
#9 {main}
CRITICAL - 2022-04-08 06:21:40 --> Trying to access array offset on value of type null
#0 C:\xampp\htdocs\codeigniter\rent-a-ride\app\Views\pages\booking\details.php(58): CodeIgniter\Debug\Exceptions->errorHandler(2, 'Trying to acces...', 'C:\\xampp\\htdocs...', 58)
#1 C:\xampp\htdocs\codeigniter\rent-a-ride\system\View\View.php(210): include('C:\\xampp\\htdocs...')
#2 C:\xampp\htdocs\codeigniter\rent-a-ride\system\View\View.php(213): CodeIgniter\View\View->CodeIgniter\View\{closure}()
#3 C:\xampp\htdocs\codeigniter\rent-a-ride\system\Common.php(1089): CodeIgniter\View\View->render('pages/booking/d...', Array, true)
#4 C:\xampp\htdocs\codeigniter\rent-a-ride\app\Controllers\Booking.php(71): view('pages/booking/d...', Array)
#5 C:\xampp\htdocs\codeigniter\rent-a-ride\system\CodeIgniter.php(832): App\Controllers\Booking->details('assets', 'img', 'favicon.png')
#6 C:\xampp\htdocs\codeigniter\rent-a-ride\system\CodeIgniter.php(419): CodeIgniter\CodeIgniter->runController(Object(App\Controllers\Booking))
#7 C:\xampp\htdocs\codeigniter\rent-a-ride\system\CodeIgniter.php(326): CodeIgniter\CodeIgniter->handleRequest(NULL, Object(Config\Cache), false)
#8 C:\xampp\htdocs\codeigniter\rent-a-ride\index.php(38): CodeIgniter\CodeIgniter->run()
#9 {main}
CRITICAL - 2022-04-08 06:21:45 --> Trying to access array offset on value of type null
#0 C:\xampp\htdocs\codeigniter\rent-a-ride\app\Views\pages\booking\details.php(58): CodeIgniter\Debug\Exceptions->errorHandler(2, 'Trying to acces...', 'C:\\xampp\\htdocs...', 58)
#1 C:\xampp\htdocs\codeigniter\rent-a-ride\system\View\View.php(210): include('C:\\xampp\\htdocs...')
#2 C:\xampp\htdocs\codeigniter\rent-a-ride\system\View\View.php(213): CodeIgniter\View\View->CodeIgniter\View\{closure}()
#3 C:\xampp\htdocs\codeigniter\rent-a-ride\system\Common.php(1089): CodeIgniter\View\View->render('pages/booking/d...', Array, true)
#4 C:\xampp\htdocs\codeigniter\rent-a-ride\app\Controllers\Booking.php(71): view('pages/booking/d...', Array)
#5 C:\xampp\htdocs\codeigniter\rent-a-ride\system\CodeIgniter.php(832): App\Controllers\Booking->details('assets', 'img', 'favicon.png')
#6 C:\xampp\htdocs\codeigniter\rent-a-ride\system\CodeIgniter.php(419): CodeIgniter\CodeIgniter->runController(Object(App\Controllers\Booking))
#7 C:\xampp\htdocs\codeigniter\rent-a-ride\system\CodeIgniter.php(326): CodeIgniter\CodeIgniter->handleRequest(NULL, Object(Config\Cache), false)
#8 C:\xampp\htdocs\codeigniter\rent-a-ride\index.php(38): CodeIgniter\CodeIgniter->run()
#9 {main}
CRITICAL - 2022-04-08 06:21:52 --> Trying to access array offset on value of type null
#0 C:\xampp\htdocs\codeigniter\rent-a-ride\app\Views\pages\customer\details.php(23): CodeIgniter\Debug\Exceptions->errorHandler(2, 'Trying to acces...', 'C:\\xampp\\htdocs...', 23)
#1 C:\xampp\htdocs\codeigniter\rent-a-ride\system\View\View.php(210): include('C:\\xampp\\htdocs...')
#2 C:\xampp\htdocs\codeigniter\rent-a-ride\system\View\View.php(213): CodeIgniter\View\View->CodeIgniter\View\{closure}()
#3 C:\xampp\htdocs\codeigniter\rent-a-ride\system\Common.php(1089): CodeIgniter\View\View->render('pages/customer/...', Array, true)
#4 C:\xampp\htdocs\codeigniter\rent-a-ride\app\Controllers\Customer.php(49): view('pages/customer/...', Array)
#5 C:\xampp\htdocs\codeigniter\rent-a-ride\system\CodeIgniter.php(832): App\Controllers\Customer->details('assets', 'img', 'favicon.png')
#6 C:\xampp\htdocs\codeigniter\rent-a-ride\system\CodeIgniter.php(419): CodeIgniter\CodeIgniter->runController(Object(App\Controllers\Customer))
#7 C:\xampp\htdocs\codeigniter\rent-a-ride\system\CodeIgniter.php(326): CodeIgniter\CodeIgniter->handleRequest(NULL, Object(Config\Cache), false)
#8 C:\xampp\htdocs\codeigniter\rent-a-ride\index.php(38): CodeIgniter\CodeIgniter->run()
#9 {main}
CRITICAL - 2022-04-08 06:21:58 --> Trying to access array offset on value of type null
#0 C:\xampp\htdocs\codeigniter\rent-a-ride\app\Views\pages\customer\details.php(23): CodeIgniter\Debug\Exceptions->errorHandler(2, 'Trying to acces...', 'C:\\xampp\\htdocs...', 23)
#1 C:\xampp\htdocs\codeigniter\rent-a-ride\system\View\View.php(210): include('C:\\xampp\\htdocs...')
#2 C:\xampp\htdocs\codeigniter\rent-a-ride\system\View\View.php(213): CodeIgniter\View\View->CodeIgniter\View\{closure}()
#3 C:\xampp\htdocs\codeigniter\rent-a-ride\system\Common.php(1089): CodeIgniter\View\View->render('pages/customer/...', Array, true)
#4 C:\xampp\htdocs\codeigniter\rent-a-ride\app\Controllers\Customer.php(49): view('pages/customer/...', Array)
#5 C:\xampp\htdocs\codeigniter\rent-a-ride\system\CodeIgniter.php(832): App\Controllers\Customer->details('assets', 'img', 'favicon.png')
#6 C:\xampp\htdocs\codeigniter\rent-a-ride\system\CodeIgniter.php(419): CodeIgniter\CodeIgniter->runController(Object(App\Controllers\Customer))
#7 C:\xampp\htdocs\codeigniter\rent-a-ride\system\CodeIgniter.php(326): CodeIgniter\CodeIgniter->handleRequest(NULL, Object(Config\Cache), false)
#8 C:\xampp\htdocs\codeigniter\rent-a-ride\index.php(38): CodeIgniter\CodeIgniter->run()
#9 {main}
CRITICAL - 2022-04-08 06:26:03 --> Trying to access array offset on value of type null
#0 C:\xampp\htdocs\codeigniter\rent-a-ride\app\Views\pages\district_distance\details.php(22): CodeIgniter\Debug\Exceptions->errorHandler(2, 'Trying to acces...', 'C:\\xampp\\htdocs...', 22)
#1 C:\xampp\htdocs\codeigniter\rent-a-ride\system\View\View.php(210): include('C:\\xampp\\htdocs...')
#2 C:\xampp\htdocs\codeigniter\rent-a-ride\system\View\View.php(213): CodeIgniter\View\View->CodeIgniter\View\{closure}()
#3 C:\xampp\htdocs\codeigniter\rent-a-ride\system\Common.php(1089): CodeIgniter\View\View->render('pages/district_...', Array, true)
#4 C:\xampp\htdocs\codeigniter\rent-a-ride\app\Controllers\DistrictDistance.php(49): view('pages/district_...', Array)
#5 C:\xampp\htdocs\codeigniter\rent-a-ride\system\CodeIgniter.php(832): App\Controllers\DistrictDistance->details('assets', 'img', 'favicon.png')
#6 C:\xampp\htdocs\codeigniter\rent-a-ride\system\CodeIgniter.php(419): CodeIgniter\CodeIgniter->runController(Object(App\Controllers\DistrictDistance))
#7 C:\xampp\htdocs\codeigniter\rent-a-ride\system\CodeIgniter.php(326): CodeIgniter\CodeIgniter->handleRequest(NULL, Object(Config\Cache), false)
#8 C:\xampp\htdocs\codeigniter\rent-a-ride\index.php(38): CodeIgniter\CodeIgniter->run()
#9 {main}
CRITICAL - 2022-04-08 06:26:39 --> Trying to access array offset on value of type null
#0 C:\xampp\htdocs\codeigniter\rent-a-ride\app\Views\pages\district_distance\edit.php(21): CodeIgniter\Debug\Exceptions->errorHandler(2, 'Trying to acces...', 'C:\\xampp\\htdocs...', 21)
#1 C:\xampp\htdocs\codeigniter\rent-a-ride\system\View\View.php(210): include('C:\\xampp\\htdocs...')
#2 C:\xampp\htdocs\codeigniter\rent-a-ride\system\View\View.php(213): CodeIgniter\View\View->CodeIgniter\View\{closure}()
#3 C:\xampp\htdocs\codeigniter\rent-a-ride\system\Common.php(1089): CodeIgniter\View\View->render('pages/district_...', Array, true)
#4 C:\xampp\htdocs\codeigniter\rent-a-ride\app\Controllers\DistrictDistance.php(65): view('pages/district_...', Array)
#5 C:\xampp\htdocs\codeigniter\rent-a-ride\system\CodeIgniter.php(832): App\Controllers\DistrictDistance->edit('assets', 'img', 'favicon.png')
#6 C:\xampp\htdocs\codeigniter\rent-a-ride\system\CodeIgniter.php(419): CodeIgniter\CodeIgniter->runController(Object(App\Controllers\DistrictDistance))
#7 C:\xampp\htdocs\codeigniter\rent-a-ride\system\CodeIgniter.php(326): CodeIgniter\CodeIgniter->handleRequest(NULL, Object(Config\Cache), false)
#8 C:\xampp\htdocs\codeigniter\rent-a-ride\index.php(38): CodeIgniter\CodeIgniter->run()
#9 {main}
CRITICAL - 2022-04-08 06:27:52 --> Trying to access array offset on value of type null
#0 C:\xampp\htdocs\codeigniter\rent-a-ride\app\Views\pages\district_distance\details.php(22): CodeIgniter\Debug\Exceptions->errorHandler(2, 'Trying to acces...', 'C:\\xampp\\htdocs...', 22)
#1 C:\xampp\htdocs\codeigniter\rent-a-ride\system\View\View.php(210): include('C:\\xampp\\htdocs...')
#2 C:\xampp\htdocs\codeigniter\rent-a-ride\system\View\View.php(213): CodeIgniter\View\View->CodeIgniter\View\{closure}()
#3 C:\xampp\htdocs\codeigniter\rent-a-ride\system\Common.php(1089): CodeIgniter\View\View->render('pages/district_...', Array, true)
#4 C:\xampp\htdocs\codeigniter\rent-a-ride\app\Controllers\DistrictDistance.php(49): view('pages/district_...', Array)
#5 C:\xampp\htdocs\codeigniter\rent-a-ride\system\CodeIgniter.php(832): App\Controllers\DistrictDistance->details('assets', 'img', 'favicon.png')
#6 C:\xampp\htdocs\codeigniter\rent-a-ride\system\CodeIgniter.php(419): CodeIgniter\CodeIgniter->runController(Object(App\Controllers\DistrictDistance))
#7 C:\xampp\htdocs\codeigniter\rent-a-ride\system\CodeIgniter.php(326): CodeIgniter\CodeIgniter->handleRequest(NULL, Object(Config\Cache), false)
#8 C:\xampp\htdocs\codeigniter\rent-a-ride\index.php(38): CodeIgniter\CodeIgniter->run()
#9 {main}
CRITICAL - 2022-04-08 06:27:56 --> Trying to access array offset on value of type null
#0 C:\xampp\htdocs\codeigniter\rent-a-ride\app\Views\pages\district_distance\details.php(22): CodeIgniter\Debug\Exceptions->errorHandler(2, 'Trying to acces...', 'C:\\xampp\\htdocs...', 22)
#1 C:\xampp\htdocs\codeigniter\rent-a-ride\system\View\View.php(210): include('C:\\xampp\\htdocs...')
#2 C:\xampp\htdocs\codeigniter\rent-a-ride\system\View\View.php(213): CodeIgniter\View\View->CodeIgniter\View\{closure}()
#3 C:\xampp\htdocs\codeigniter\rent-a-ride\system\Common.php(1089): CodeIgniter\View\View->render('pages/district_...', Array, true)
#4 C:\xampp\htdocs\codeigniter\rent-a-ride\app\Controllers\DistrictDistance.php(49): view('pages/district_...', Array)
#5 C:\xampp\htdocs\codeigniter\rent-a-ride\system\CodeIgniter.php(832): App\Controllers\DistrictDistance->details('assets', 'img', 'favicon.png')
#6 C:\xampp\htdocs\codeigniter\rent-a-ride\system\CodeIgniter.php(419): CodeIgniter\CodeIgniter->runController(Object(App\Controllers\DistrictDistance))
#7 C:\xampp\htdocs\codeigniter\rent-a-ride\system\CodeIgniter.php(326): CodeIgniter\CodeIgniter->handleRequest(NULL, Object(Config\Cache), false)
#8 C:\xampp\htdocs\codeigniter\rent-a-ride\index.php(38): CodeIgniter\CodeIgniter->run()
#9 {main}
CRITICAL - 2022-04-08 06:27:59 --> Trying to access array offset on value of type null
#0 C:\xampp\htdocs\codeigniter\rent-a-ride\app\Views\pages\district_distance\edit.php(21): CodeIgniter\Debug\Exceptions->errorHandler(2, 'Trying to acces...', 'C:\\xampp\\htdocs...', 21)
#1 C:\xampp\htdocs\codeigniter\rent-a-ride\system\View\View.php(210): include('C:\\xampp\\htdocs...')
#2 C:\xampp\htdocs\codeigniter\rent-a-ride\system\View\View.php(213): CodeIgniter\View\View->CodeIgniter\View\{closure}()
#3 C:\xampp\htdocs\codeigniter\rent-a-ride\system\Common.php(1089): CodeIgniter\View\View->render('pages/district_...', Array, true)
#4 C:\xampp\htdocs\codeigniter\rent-a-ride\app\Controllers\DistrictDistance.php(65): view('pages/district_...', Array)
#5 C:\xampp\htdocs\codeigniter\rent-a-ride\system\CodeIgniter.php(832): App\Controllers\DistrictDistance->edit('assets', 'img', 'favicon.png')
#6 C:\xampp\htdocs\codeigniter\rent-a-ride\system\CodeIgniter.php(419): CodeIgniter\CodeIgniter->runController(Object(App\Controllers\DistrictDistance))
#7 C:\xampp\htdocs\codeigniter\rent-a-ride\system\CodeIgniter.php(326): CodeIgniter\CodeIgniter->handleRequest(NULL, Object(Config\Cache), false)
#8 C:\xampp\htdocs\codeigniter\rent-a-ride\index.php(38): CodeIgniter\CodeIgniter->run()
#9 {main}
CRITICAL - 2022-04-08 06:46:11 --> Trying to access array offset on value of type null
#0 C:\xampp\htdocs\codeigniter\rent-a-ride\app\Views\pages\district_distance\edit.php(21): CodeIgniter\Debug\Exceptions->errorHandler(2, 'Trying to acces...', 'C:\\xampp\\htdocs...', 21)
#1 C:\xampp\htdocs\codeigniter\rent-a-ride\system\View\View.php(210): include('C:\\xampp\\htdocs...')
#2 C:\xampp\htdocs\codeigniter\rent-a-ride\system\View\View.php(213): CodeIgniter\View\View->CodeIgniter\View\{closure}()
#3 C:\xampp\htdocs\codeigniter\rent-a-ride\system\Common.php(1089): CodeIgniter\View\View->render('pages/district_...', Array, true)
#4 C:\xampp\htdocs\codeigniter\rent-a-ride\app\Controllers\DistrictDistance.php(65): view('pages/district_...', Array)
#5 C:\xampp\htdocs\codeigniter\rent-a-ride\system\CodeIgniter.php(832): App\Controllers\DistrictDistance->edit('assets', 'img', 'favicon.png')
#6 C:\xampp\htdocs\codeigniter\rent-a-ride\system\CodeIgniter.php(419): CodeIgniter\CodeIgniter->runController(Object(App\Controllers\DistrictDistance))
#7 C:\xampp\htdocs\codeigniter\rent-a-ride\system\CodeIgniter.php(326): CodeIgniter\CodeIgniter->handleRequest(NULL, Object(Config\Cache), false)
#8 C:\xampp\htdocs\codeigniter\rent-a-ride\index.php(38): CodeIgniter\CodeIgniter->run()
#9 {main}
