CRITICAL - 2022-03-27 07:44:14 --> Invalid file: layout/mainsidebar.php
#0 C:\xampp\htdocs\asia\codeigniter\rent-a-ride\system\View\View.php(198): CodeIgniter\Exceptions\FrameworkException::forInvalidFile('layout/mainside...')
#1 C:\xampp\htdocs\asia\codeigniter\rent-a-ride\system\Common.php(1089): CodeIgniter\View\View->render('layout/mainside...', Array, true)
#2 C:\xampp\htdocs\asia\codeigniter\rent-a-ride\app\Controllers\User.php(16): view('layout/mainside...')
#3 C:\xampp\htdocs\asia\codeigniter\rent-a-ride\system\CodeIgniter.php(832): App\Controllers\User->index()
#4 C:\xampp\htdocs\asia\codeigniter\rent-a-ride\system\CodeIgniter.php(419): CodeIgniter\CodeIgniter->runController(Object(App\Controllers\User))
#5 C:\xampp\htdocs\asia\codeigniter\rent-a-ride\system\CodeIgniter.php(326): CodeIgniter\CodeIgniter->handleRequest(NULL, Object(Config\Cache), false)
#6 C:\xampp\htdocs\asia\codeigniter\rent-a-ride\index.php(38): CodeIgniter\CodeIgniter->run()
#7 {main}
CRITICAL - 2022-03-27 07:44:22 --> Invalid file: layout/mainsidebar.php
#0 C:\xampp\htdocs\asia\codeigniter\rent-a-ride\system\View\View.php(198): CodeIgniter\Exceptions\FrameworkException::forInvalidFile('layout/mainside...')
#1 C:\xampp\htdocs\asia\codeigniter\rent-a-ride\system\Common.php(1089): CodeIgniter\View\View->render('layout/mainside...', Array, true)
#2 C:\xampp\htdocs\asia\codeigniter\rent-a-ride\app\Controllers\User.php(16): view('layout/mainside...')
#3 C:\xampp\htdocs\asia\codeigniter\rent-a-ride\system\CodeIgniter.php(832): App\Controllers\User->index()
#4 C:\xampp\htdocs\asia\codeigniter\rent-a-ride\system\CodeIgniter.php(419): CodeIgniter\CodeIgniter->runController(Object(App\Controllers\User))
#5 C:\xampp\htdocs\asia\codeigniter\rent-a-ride\system\CodeIgniter.php(326): CodeIgniter\CodeIgniter->handleRequest(NULL, Object(Config\Cache), false)
#6 C:\xampp\htdocs\asia\codeigniter\rent-a-ride\index.php(38): CodeIgniter\CodeIgniter->run()
#7 {main}
CRITICAL - 2022-03-27 07:45:03 --> Invalid file: layout/mainsidebar.php
#0 C:\xampp\htdocs\asia\codeigniter\rent-a-ride\system\View\View.php(198): CodeIgniter\Exceptions\FrameworkException::forInvalidFile('layout/mainside...')
#1 C:\xampp\htdocs\asia\codeigniter\rent-a-ride\system\Common.php(1089): CodeIgniter\View\View->render('layout/mainside...', Array, true)
#2 C:\xampp\htdocs\asia\codeigniter\rent-a-ride\app\Controllers\User.php(16): view('layout/mainside...')
#3 C:\xampp\htdocs\asia\codeigniter\rent-a-ride\system\CodeIgniter.php(832): App\Controllers\User->index()
#4 C:\xampp\htdocs\asia\codeigniter\rent-a-ride\system\CodeIgniter.php(419): CodeIgniter\CodeIgniter->runController(Object(App\Controllers\User))
#5 C:\xampp\htdocs\asia\codeigniter\rent-a-ride\system\CodeIgniter.php(326): CodeIgniter\CodeIgniter->handleRequest(NULL, Object(Config\Cache), false)
#6 C:\xampp\htdocs\asia\codeigniter\rent-a-ride\index.php(38): CodeIgniter\CodeIgniter->run()
#7 {main}
CRITICAL - 2022-03-27 07:45:38 --> Invalid file: layout/mainsidebar.php
#0 C:\xampp\htdocs\asia\codeigniter\rent-a-ride\system\View\View.php(198): CodeIgniter\Exceptions\FrameworkException::forInvalidFile('layout/mainside...')
#1 C:\xampp\htdocs\asia\codeigniter\rent-a-ride\system\Common.php(1089): CodeIgniter\View\View->render('layout/mainside...', Array, true)
#2 C:\xampp\htdocs\asia\codeigniter\rent-a-ride\app\Controllers\User.php(16): view('layout/mainside...')
#3 C:\xampp\htdocs\asia\codeigniter\rent-a-ride\system\CodeIgniter.php(832): App\Controllers\User->index()
#4 C:\xampp\htdocs\asia\codeigniter\rent-a-ride\system\CodeIgniter.php(419): CodeIgniter\CodeIgniter->runController(Object(App\Controllers\User))
#5 C:\xampp\htdocs\asia\codeigniter\rent-a-ride\system\CodeIgniter.php(326): CodeIgniter\CodeIgniter->handleRequest(NULL, Object(Config\Cache), false)
#6 C:\xampp\htdocs\asia\codeigniter\rent-a-ride\index.php(38): CodeIgniter\CodeIgniter->run()
#7 {main}
CRITICAL - 2022-03-27 07:45:51 --> Invalid file: layout/mainsidebar.php
#0 C:\xampp\htdocs\asia\codeigniter\rent-a-ride\system\View\View.php(198): CodeIgniter\Exceptions\FrameworkException::forInvalidFile('layout/mainside...')
#1 C:\xampp\htdocs\asia\codeigniter\rent-a-ride\system\Common.php(1089): CodeIgniter\View\View->render('layout/mainside...', Array, true)
#2 C:\xampp\htdocs\asia\codeigniter\rent-a-ride\app\Controllers\User.php(16): view('layout/mainside...')
#3 C:\xampp\htdocs\asia\codeigniter\rent-a-ride\system\CodeIgniter.php(832): App\Controllers\User->index()
#4 C:\xampp\htdocs\asia\codeigniter\rent-a-ride\system\CodeIgniter.php(419): CodeIgniter\CodeIgniter->runController(Object(App\Controllers\User))
#5 C:\xampp\htdocs\asia\codeigniter\rent-a-ride\system\CodeIgniter.php(326): CodeIgniter\CodeIgniter->handleRequest(NULL, Object(Config\Cache), false)
#6 C:\xampp\htdocs\asia\codeigniter\rent-a-ride\index.php(38): CodeIgniter\CodeIgniter->run()
#7 {main}
CRITICAL - 2022-03-27 07:56:05 --> Invalid file: layout/mainsidebar.php
#0 C:\xampp\htdocs\asia\codeigniter\rent-a-ride\system\View\View.php(198): CodeIgniter\Exceptions\FrameworkException::forInvalidFile('layout/mainside...')
#1 C:\xampp\htdocs\asia\codeigniter\rent-a-ride\system\Common.php(1089): CodeIgniter\View\View->render('layout/mainside...', Array, true)
#2 C:\xampp\htdocs\asia\codeigniter\rent-a-ride\app\Controllers\User.php(16): view('layout/mainside...')
#3 C:\xampp\htdocs\asia\codeigniter\rent-a-ride\system\CodeIgniter.php(832): App\Controllers\User->index()
#4 C:\xampp\htdocs\asia\codeigniter\rent-a-ride\system\CodeIgniter.php(419): CodeIgniter\CodeIgniter->runController(Object(App\Controllers\User))
#5 C:\xampp\htdocs\asia\codeigniter\rent-a-ride\system\CodeIgniter.php(326): CodeIgniter\CodeIgniter->handleRequest(NULL, Object(Config\Cache), false)
#6 C:\xampp\htdocs\asia\codeigniter\rent-a-ride\index.php(38): CodeIgniter\CodeIgniter->run()
#7 {main}
CRITICAL - 2022-03-27 11:34:50 --> Invalid file: layout/mainsidebar.php
#0 C:\xampp\htdocs\codeigniter\rent-a-ride\system\View\View.php(198): CodeIgniter\Exceptions\FrameworkException::forInvalidFile('layout/mainside...')
#1 C:\xampp\htdocs\codeigniter\rent-a-ride\system\Common.php(1089): CodeIgniter\View\View->render('layout/mainside...', Array, true)
#2 C:\xampp\htdocs\codeigniter\rent-a-ride\app\Controllers\User.php(16): view('layout/mainside...')
#3 C:\xampp\htdocs\codeigniter\rent-a-ride\system\CodeIgniter.php(832): App\Controllers\User->index()
#4 C:\xampp\htdocs\codeigniter\rent-a-ride\system\CodeIgniter.php(419): CodeIgniter\CodeIgniter->runController(Object(App\Controllers\User))
#5 C:\xampp\htdocs\codeigniter\rent-a-ride\system\CodeIgniter.php(326): CodeIgniter\CodeIgniter->handleRequest(NULL, Object(Config\Cache), false)
#6 C:\xampp\htdocs\codeigniter\rent-a-ride\index.php(38): CodeIgniter\CodeIgniter->run()
#7 {main}
CRITICAL - 2022-03-27 11:40:32 --> Undefined variable $users
#0 C:\xampp\htdocs\codeigniter\rent-a-ride\app\Views\pages\user\users.php(25): CodeIgniter\Debug\Exceptions->errorHandler(2, 'Undefined varia...', 'C:\\xampp\\htdocs...', 25)
#1 C:\xampp\htdocs\codeigniter\rent-a-ride\system\View\View.php(210): include('C:\\xampp\\htdocs...')
#2 C:\xampp\htdocs\codeigniter\rent-a-ride\system\View\View.php(213): CodeIgniter\View\View->CodeIgniter\View\{closure}()
#3 C:\xampp\htdocs\codeigniter\rent-a-ride\system\Common.php(1089): CodeIgniter\View\View->render('pages/user/user...', Array, true)
#4 C:\xampp\htdocs\codeigniter\rent-a-ride\app\Controllers\User.php(19): view('pages/user/user...', Array)
#5 C:\xampp\htdocs\codeigniter\rent-a-ride\system\CodeIgniter.php(832): App\Controllers\User->index()
#6 C:\xampp\htdocs\codeigniter\rent-a-ride\system\CodeIgniter.php(419): CodeIgniter\CodeIgniter->runController(Object(App\Controllers\User))
#7 C:\xampp\htdocs\codeigniter\rent-a-ride\system\CodeIgniter.php(326): CodeIgniter\CodeIgniter->handleRequest(NULL, Object(Config\Cache), false)
#8 C:\xampp\htdocs\codeigniter\rent-a-ride\index.php(38): CodeIgniter\CodeIgniter->run()
#9 {main}
CRITICAL - 2022-03-27 11:49:50 --> Invalid file: pages/user/details.php
#0 C:\xampp\htdocs\codeigniter\rent-a-ride\system\View\View.php(198): CodeIgniter\Exceptions\FrameworkException::forInvalidFile('pages/user/deta...')
#1 C:\xampp\htdocs\codeigniter\rent-a-ride\system\Common.php(1089): CodeIgniter\View\View->render('pages/user/deta...', Array, true)
#2 C:\xampp\htdocs\codeigniter\rent-a-ride\app\Controllers\User.php(49): view('pages/user/deta...', Array)
#3 C:\xampp\htdocs\codeigniter\rent-a-ride\system\CodeIgniter.php(832): App\Controllers\User->details('1')
#4 C:\xampp\htdocs\codeigniter\rent-a-ride\system\CodeIgniter.php(419): CodeIgniter\CodeIgniter->runController(Object(App\Controllers\User))
#5 C:\xampp\htdocs\codeigniter\rent-a-ride\system\CodeIgniter.php(326): CodeIgniter\CodeIgniter->handleRequest(NULL, Object(Config\Cache), false)
#6 C:\xampp\htdocs\codeigniter\rent-a-ride\index.php(38): CodeIgniter\CodeIgniter->run()
#7 {main}
CRITICAL - 2022-03-27 11:49:51 --> Invalid file: pages/user/details.php
#0 C:\xampp\htdocs\codeigniter\rent-a-ride\system\View\View.php(198): CodeIgniter\Exceptions\FrameworkException::forInvalidFile('pages/user/deta...')
#1 C:\xampp\htdocs\codeigniter\rent-a-ride\system\Common.php(1089): CodeIgniter\View\View->render('pages/user/deta...', Array, true)
#2 C:\xampp\htdocs\codeigniter\rent-a-ride\app\Controllers\User.php(49): view('pages/user/deta...', Array)
#3 C:\xampp\htdocs\codeigniter\rent-a-ride\system\CodeIgniter.php(832): App\Controllers\User->details('assets', 'img', 'favicon.png')
#4 C:\xampp\htdocs\codeigniter\rent-a-ride\system\CodeIgniter.php(419): CodeIgniter\CodeIgniter->runController(Object(App\Controllers\User))
#5 C:\xampp\htdocs\codeigniter\rent-a-ride\system\CodeIgniter.php(326): CodeIgniter\CodeIgniter->handleRequest(NULL, Object(Config\Cache), false)
#6 C:\xampp\htdocs\codeigniter\rent-a-ride\index.php(38): CodeIgniter\CodeIgniter->run()
#7 {main}
CRITICAL - 2022-03-27 23:33:18 --> url_title(): Argument #1 ($str) must be of type string, null given, called in C:\xampp\htdocs\codeigniter\rent-a-ride\app\Controllers\User.php on line 141
#0 C:\xampp\htdocs\codeigniter\rent-a-ride\app\Controllers\User.php(141): url_title(NULL, '-', true)
#1 C:\xampp\htdocs\codeigniter\rent-a-ride\system\CodeIgniter.php(832): App\Controllers\User->save()
#2 C:\xampp\htdocs\codeigniter\rent-a-ride\system\CodeIgniter.php(419): CodeIgniter\CodeIgniter->runController(Object(App\Controllers\User))
#3 C:\xampp\htdocs\codeigniter\rent-a-ride\system\CodeIgniter.php(326): CodeIgniter\CodeIgniter->handleRequest(NULL, Object(Config\Cache), false)
#4 C:\xampp\htdocs\codeigniter\rent-a-ride\index.php(38): CodeIgniter\CodeIgniter->run()
#5 {main}
CRITICAL - 2022-03-27 23:34:29 --> url_title(): Argument #1 ($str) must be of type string, null given, called in C:\xampp\htdocs\codeigniter\rent-a-ride\app\Controllers\User.php on line 141
#0 C:\xampp\htdocs\codeigniter\rent-a-ride\app\Controllers\User.php(141): url_title(NULL, '-', true)
#1 C:\xampp\htdocs\codeigniter\rent-a-ride\system\CodeIgniter.php(832): App\Controllers\User->save()
#2 C:\xampp\htdocs\codeigniter\rent-a-ride\system\CodeIgniter.php(419): CodeIgniter\CodeIgniter->runController(Object(App\Controllers\User))
#3 C:\xampp\htdocs\codeigniter\rent-a-ride\system\CodeIgniter.php(326): CodeIgniter\CodeIgniter->handleRequest(NULL, Object(Config\Cache), false)
#4 C:\xampp\htdocs\codeigniter\rent-a-ride\index.php(38): CodeIgniter\CodeIgniter->run()
#5 {main}
CRITICAL - 2022-03-27 23:34:32 --> url_title(): Argument #1 ($str) must be of type string, null given, called in C:\xampp\htdocs\codeigniter\rent-a-ride\app\Controllers\User.php on line 141
#0 C:\xampp\htdocs\codeigniter\rent-a-ride\app\Controllers\User.php(141): url_title(NULL, '-', true)
#1 C:\xampp\htdocs\codeigniter\rent-a-ride\system\CodeIgniter.php(832): App\Controllers\User->save()
#2 C:\xampp\htdocs\codeigniter\rent-a-ride\system\CodeIgniter.php(419): CodeIgniter\CodeIgniter->runController(Object(App\Controllers\User))
#3 C:\xampp\htdocs\codeigniter\rent-a-ride\system\CodeIgniter.php(326): CodeIgniter\CodeIgniter->handleRequest(NULL, Object(Config\Cache), false)
#4 C:\xampp\htdocs\codeigniter\rent-a-ride\index.php(38): CodeIgniter\CodeIgniter->run()
#5 {main}
CRITICAL - 2022-03-27 23:36:27 --> url_title(): Argument #1 ($str) must be of type string, null given, called in C:\xampp\htdocs\codeigniter\rent-a-ride\app\Controllers\User.php on line 141
#0 C:\xampp\htdocs\codeigniter\rent-a-ride\app\Controllers\User.php(141): url_title(NULL, '-', true)
#1 C:\xampp\htdocs\codeigniter\rent-a-ride\system\CodeIgniter.php(832): App\Controllers\User->save()
#2 C:\xampp\htdocs\codeigniter\rent-a-ride\system\CodeIgniter.php(419): CodeIgniter\CodeIgniter->runController(Object(App\Controllers\User))
#3 C:\xampp\htdocs\codeigniter\rent-a-ride\system\CodeIgniter.php(326): CodeIgniter\CodeIgniter->handleRequest(NULL, Object(Config\Cache), false)
#4 C:\xampp\htdocs\codeigniter\rent-a-ride\index.php(38): CodeIgniter\CodeIgniter->run()
#5 {main}
CRITICAL - 2022-03-27 23:37:37 --> url_title(): Argument #1 ($str) must be of type string, null given, called in C:\xampp\htdocs\codeigniter\rent-a-ride\app\Controllers\User.php on line 141
#0 C:\xampp\htdocs\codeigniter\rent-a-ride\app\Controllers\User.php(141): url_title(NULL, '-', true)
#1 C:\xampp\htdocs\codeigniter\rent-a-ride\system\CodeIgniter.php(832): App\Controllers\User->save()
#2 C:\xampp\htdocs\codeigniter\rent-a-ride\system\CodeIgniter.php(419): CodeIgniter\CodeIgniter->runController(Object(App\Controllers\User))
#3 C:\xampp\htdocs\codeigniter\rent-a-ride\system\CodeIgniter.php(326): CodeIgniter\CodeIgniter->handleRequest(NULL, Object(Config\Cache), false)
#4 C:\xampp\htdocs\codeigniter\rent-a-ride\index.php(38): CodeIgniter\CodeIgniter->run()
#5 {main}
