CRITICAL - 2022-03-30 04:11:31 --> Trying to access array offset on value of type null
#0 C:\xampp\htdocs\asia\codeigniter\rent-a-ride\app\Views\pages\driver\details.php(23): CodeIgniter\Debug\Exceptions->errorHandler(2, 'Trying to acces...', 'C:\\xampp\\htdocs...', 23)
#1 C:\xampp\htdocs\asia\codeigniter\rent-a-ride\system\View\View.php(210): include('C:\\xampp\\htdocs...')
#2 C:\xampp\htdocs\asia\codeigniter\rent-a-ride\system\View\View.php(213): CodeIgniter\View\View->CodeIgniter\View\{closure}()
#3 C:\xampp\htdocs\asia\codeigniter\rent-a-ride\system\Common.php(1089): CodeIgniter\View\View->render('pages/driver/de...', Array, true)
#4 C:\xampp\htdocs\asia\codeigniter\rent-a-ride\app\Controllers\Driver.php(49): view('pages/driver/de...', Array)
#5 C:\xampp\htdocs\asia\codeigniter\rent-a-ride\system\CodeIgniter.php(832): App\Controllers\Driver->details('assets', 'img', 'favicon.png')
#6 C:\xampp\htdocs\asia\codeigniter\rent-a-ride\system\CodeIgniter.php(419): CodeIgniter\CodeIgniter->runController(Object(App\Controllers\Driver))
#7 C:\xampp\htdocs\asia\codeigniter\rent-a-ride\system\CodeIgniter.php(326): CodeIgniter\CodeIgniter->handleRequest(NULL, Object(Config\Cache), false)
#8 C:\xampp\htdocs\asia\codeigniter\rent-a-ride\index.php(38): CodeIgniter\CodeIgniter->run()
#9 {main}
CRITICAL - 2022-03-30 05:08:09 --> Trying to access array offset on value of type null
#0 C:\xampp\htdocs\asia\codeigniter\rent-a-ride\app\Views\pages\driver\details.php(23): CodeIgniter\Debug\Exceptions->errorHandler(2, 'Trying to acces...', 'C:\\xampp\\htdocs...', 23)
#1 C:\xampp\htdocs\asia\codeigniter\rent-a-ride\system\View\View.php(210): include('C:\\xampp\\htdocs...')
#2 C:\xampp\htdocs\asia\codeigniter\rent-a-ride\system\View\View.php(213): CodeIgniter\View\View->CodeIgniter\View\{closure}()
#3 C:\xampp\htdocs\asia\codeigniter\rent-a-ride\system\Common.php(1089): CodeIgniter\View\View->render('pages/driver/de...', Array, true)
#4 C:\xampp\htdocs\asia\codeigniter\rent-a-ride\app\Controllers\Driver.php(49): view('pages/driver/de...', Array)
#5 C:\xampp\htdocs\asia\codeigniter\rent-a-ride\system\CodeIgniter.php(832): App\Controllers\Driver->details('assets', 'img', 'favicon.png')
#6 C:\xampp\htdocs\asia\codeigniter\rent-a-ride\system\CodeIgniter.php(419): CodeIgniter\CodeIgniter->runController(Object(App\Controllers\Driver))
#7 C:\xampp\htdocs\asia\codeigniter\rent-a-ride\system\CodeIgniter.php(326): CodeIgniter\CodeIgniter->handleRequest(NULL, Object(Config\Cache), false)
#8 C:\xampp\htdocs\asia\codeigniter\rent-a-ride\index.php(38): CodeIgniter\CodeIgniter->run()
#9 {main}
CRITICAL - 2022-03-30 05:08:30 --> Trying to access array offset on value of type null
#0 C:\xampp\htdocs\asia\codeigniter\rent-a-ride\app\Views\pages\driver\details.php(23): CodeIgniter\Debug\Exceptions->errorHandler(2, 'Trying to acces...', 'C:\\xampp\\htdocs...', 23)
#1 C:\xampp\htdocs\asia\codeigniter\rent-a-ride\system\View\View.php(210): include('C:\\xampp\\htdocs...')
#2 C:\xampp\htdocs\asia\codeigniter\rent-a-ride\system\View\View.php(213): CodeIgniter\View\View->CodeIgniter\View\{closure}()
#3 C:\xampp\htdocs\asia\codeigniter\rent-a-ride\system\Common.php(1089): CodeIgniter\View\View->render('pages/driver/de...', Array, true)
#4 C:\xampp\htdocs\asia\codeigniter\rent-a-ride\app\Controllers\Driver.php(49): view('pages/driver/de...', Array)
#5 C:\xampp\htdocs\asia\codeigniter\rent-a-ride\system\CodeIgniter.php(832): App\Controllers\Driver->details('assets', 'img', 'favicon.png')
#6 C:\xampp\htdocs\asia\codeigniter\rent-a-ride\system\CodeIgniter.php(419): CodeIgniter\CodeIgniter->runController(Object(App\Controllers\Driver))
#7 C:\xampp\htdocs\asia\codeigniter\rent-a-ride\system\CodeIgniter.php(326): CodeIgniter\CodeIgniter->handleRequest(NULL, Object(Config\Cache), false)
#8 C:\xampp\htdocs\asia\codeigniter\rent-a-ride\index.php(38): CodeIgniter\CodeIgniter->run()
#9 {main}
CRITICAL - 2022-03-30 05:08:42 --> Trying to access array offset on value of type null
#0 C:\xampp\htdocs\asia\codeigniter\rent-a-ride\app\Views\pages\driver\details.php(23): CodeIgniter\Debug\Exceptions->errorHandler(2, 'Trying to acces...', 'C:\\xampp\\htdocs...', 23)
#1 C:\xampp\htdocs\asia\codeigniter\rent-a-ride\system\View\View.php(210): include('C:\\xampp\\htdocs...')
#2 C:\xampp\htdocs\asia\codeigniter\rent-a-ride\system\View\View.php(213): CodeIgniter\View\View->CodeIgniter\View\{closure}()
#3 C:\xampp\htdocs\asia\codeigniter\rent-a-ride\system\Common.php(1089): CodeIgniter\View\View->render('pages/driver/de...', Array, true)
#4 C:\xampp\htdocs\asia\codeigniter\rent-a-ride\app\Controllers\Driver.php(49): view('pages/driver/de...', Array)
#5 C:\xampp\htdocs\asia\codeigniter\rent-a-ride\system\CodeIgniter.php(832): App\Controllers\Driver->details('assets', 'img', 'favicon.png')
#6 C:\xampp\htdocs\asia\codeigniter\rent-a-ride\system\CodeIgniter.php(419): CodeIgniter\CodeIgniter->runController(Object(App\Controllers\Driver))
#7 C:\xampp\htdocs\asia\codeigniter\rent-a-ride\system\CodeIgniter.php(326): CodeIgniter\CodeIgniter->handleRequest(NULL, Object(Config\Cache), false)
#8 C:\xampp\htdocs\asia\codeigniter\rent-a-ride\index.php(38): CodeIgniter\CodeIgniter->run()
#9 {main}
CRITICAL - 2022-03-30 05:08:56 --> Trying to access array offset on value of type null
#0 C:\xampp\htdocs\asia\codeigniter\rent-a-ride\app\Views\pages\driver\details.php(23): CodeIgniter\Debug\Exceptions->errorHandler(2, 'Trying to acces...', 'C:\\xampp\\htdocs...', 23)
#1 C:\xampp\htdocs\asia\codeigniter\rent-a-ride\system\View\View.php(210): include('C:\\xampp\\htdocs...')
#2 C:\xampp\htdocs\asia\codeigniter\rent-a-ride\system\View\View.php(213): CodeIgniter\View\View->CodeIgniter\View\{closure}()
#3 C:\xampp\htdocs\asia\codeigniter\rent-a-ride\system\Common.php(1089): CodeIgniter\View\View->render('pages/driver/de...', Array, true)
#4 C:\xampp\htdocs\asia\codeigniter\rent-a-ride\app\Controllers\Driver.php(49): view('pages/driver/de...', Array)
#5 C:\xampp\htdocs\asia\codeigniter\rent-a-ride\system\CodeIgniter.php(832): App\Controllers\Driver->details('assets', 'img', 'favicon.png')
#6 C:\xampp\htdocs\asia\codeigniter\rent-a-ride\system\CodeIgniter.php(419): CodeIgniter\CodeIgniter->runController(Object(App\Controllers\Driver))
#7 C:\xampp\htdocs\asia\codeigniter\rent-a-ride\system\CodeIgniter.php(326): CodeIgniter\CodeIgniter->handleRequest(NULL, Object(Config\Cache), false)
#8 C:\xampp\htdocs\asia\codeigniter\rent-a-ride\index.php(38): CodeIgniter\CodeIgniter->run()
#9 {main}
CRITICAL - 2022-03-30 05:09:07 --> Trying to access array offset on value of type null
#0 C:\xampp\htdocs\asia\codeigniter\rent-a-ride\app\Views\pages\driver\details.php(23): CodeIgniter\Debug\Exceptions->errorHandler(2, 'Trying to acces...', 'C:\\xampp\\htdocs...', 23)
#1 C:\xampp\htdocs\asia\codeigniter\rent-a-ride\system\View\View.php(210): include('C:\\xampp\\htdocs...')
#2 C:\xampp\htdocs\asia\codeigniter\rent-a-ride\system\View\View.php(213): CodeIgniter\View\View->CodeIgniter\View\{closure}()
#3 C:\xampp\htdocs\asia\codeigniter\rent-a-ride\system\Common.php(1089): CodeIgniter\View\View->render('pages/driver/de...', Array, true)
#4 C:\xampp\htdocs\asia\codeigniter\rent-a-ride\app\Controllers\Driver.php(49): view('pages/driver/de...', Array)
#5 C:\xampp\htdocs\asia\codeigniter\rent-a-ride\system\CodeIgniter.php(832): App\Controllers\Driver->details('assets', 'img', 'favicon.png')
#6 C:\xampp\htdocs\asia\codeigniter\rent-a-ride\system\CodeIgniter.php(419): CodeIgniter\CodeIgniter->runController(Object(App\Controllers\Driver))
#7 C:\xampp\htdocs\asia\codeigniter\rent-a-ride\system\CodeIgniter.php(326): CodeIgniter\CodeIgniter->handleRequest(NULL, Object(Config\Cache), false)
#8 C:\xampp\htdocs\asia\codeigniter\rent-a-ride\index.php(38): CodeIgniter\CodeIgniter->run()
#9 {main}
CRITICAL - 2022-03-30 05:09:16 --> Trying to access array offset on value of type null
#0 C:\xampp\htdocs\asia\codeigniter\rent-a-ride\app\Views\pages\driver\details.php(23): CodeIgniter\Debug\Exceptions->errorHandler(2, 'Trying to acces...', 'C:\\xampp\\htdocs...', 23)
#1 C:\xampp\htdocs\asia\codeigniter\rent-a-ride\system\View\View.php(210): include('C:\\xampp\\htdocs...')
#2 C:\xampp\htdocs\asia\codeigniter\rent-a-ride\system\View\View.php(213): CodeIgniter\View\View->CodeIgniter\View\{closure}()
#3 C:\xampp\htdocs\asia\codeigniter\rent-a-ride\system\Common.php(1089): CodeIgniter\View\View->render('pages/driver/de...', Array, true)
#4 C:\xampp\htdocs\asia\codeigniter\rent-a-ride\app\Controllers\Driver.php(49): view('pages/driver/de...', Array)
#5 C:\xampp\htdocs\asia\codeigniter\rent-a-ride\system\CodeIgniter.php(832): App\Controllers\Driver->details('assets', 'img', 'favicon.png')
#6 C:\xampp\htdocs\asia\codeigniter\rent-a-ride\system\CodeIgniter.php(419): CodeIgniter\CodeIgniter->runController(Object(App\Controllers\Driver))
#7 C:\xampp\htdocs\asia\codeigniter\rent-a-ride\system\CodeIgniter.php(326): CodeIgniter\CodeIgniter->handleRequest(NULL, Object(Config\Cache), false)
#8 C:\xampp\htdocs\asia\codeigniter\rent-a-ride\index.php(38): CodeIgniter\CodeIgniter->run()
#9 {main}
CRITICAL - 2022-03-30 05:09:25 --> Trying to access array offset on value of type null
#0 C:\xampp\htdocs\asia\codeigniter\rent-a-ride\app\Views\pages\driver\details.php(23): CodeIgniter\Debug\Exceptions->errorHandler(2, 'Trying to acces...', 'C:\\xampp\\htdocs...', 23)
#1 C:\xampp\htdocs\asia\codeigniter\rent-a-ride\system\View\View.php(210): include('C:\\xampp\\htdocs...')
#2 C:\xampp\htdocs\asia\codeigniter\rent-a-ride\system\View\View.php(213): CodeIgniter\View\View->CodeIgniter\View\{closure}()
#3 C:\xampp\htdocs\asia\codeigniter\rent-a-ride\system\Common.php(1089): CodeIgniter\View\View->render('pages/driver/de...', Array, true)
#4 C:\xampp\htdocs\asia\codeigniter\rent-a-ride\app\Controllers\Driver.php(49): view('pages/driver/de...', Array)
#5 C:\xampp\htdocs\asia\codeigniter\rent-a-ride\system\CodeIgniter.php(832): App\Controllers\Driver->details('assets', 'img', 'favicon.png')
#6 C:\xampp\htdocs\asia\codeigniter\rent-a-ride\system\CodeIgniter.php(419): CodeIgniter\CodeIgniter->runController(Object(App\Controllers\Driver))
#7 C:\xampp\htdocs\asia\codeigniter\rent-a-ride\system\CodeIgniter.php(326): CodeIgniter\CodeIgniter->handleRequest(NULL, Object(Config\Cache), false)
#8 C:\xampp\htdocs\asia\codeigniter\rent-a-ride\index.php(38): CodeIgniter\CodeIgniter->run()
#9 {main}
CRITICAL - 2022-03-30 05:09:59 --> Trying to access array offset on value of type null
#0 C:\xampp\htdocs\asia\codeigniter\rent-a-ride\app\Views\pages\driver\details.php(24): CodeIgniter\Debug\Exceptions->errorHandler(2, 'Trying to acces...', 'C:\\xampp\\htdocs...', 24)
#1 C:\xampp\htdocs\asia\codeigniter\rent-a-ride\system\View\View.php(210): include('C:\\xampp\\htdocs...')
#2 C:\xampp\htdocs\asia\codeigniter\rent-a-ride\system\View\View.php(213): CodeIgniter\View\View->CodeIgniter\View\{closure}()
#3 C:\xampp\htdocs\asia\codeigniter\rent-a-ride\system\Common.php(1089): CodeIgniter\View\View->render('pages/driver/de...', Array, true)
#4 C:\xampp\htdocs\asia\codeigniter\rent-a-ride\app\Controllers\Driver.php(49): view('pages/driver/de...', Array)
#5 C:\xampp\htdocs\asia\codeigniter\rent-a-ride\system\CodeIgniter.php(832): App\Controllers\Driver->details('assets', 'img', 'favicon.png')
#6 C:\xampp\htdocs\asia\codeigniter\rent-a-ride\system\CodeIgniter.php(419): CodeIgniter\CodeIgniter->runController(Object(App\Controllers\Driver))
#7 C:\xampp\htdocs\asia\codeigniter\rent-a-ride\system\CodeIgniter.php(326): CodeIgniter\CodeIgniter->handleRequest(NULL, Object(Config\Cache), false)
#8 C:\xampp\htdocs\asia\codeigniter\rent-a-ride\index.php(38): CodeIgniter\CodeIgniter->run()
#9 {main}
CRITICAL - 2022-03-30 05:10:17 --> Trying to access array offset on value of type null
#0 C:\xampp\htdocs\asia\codeigniter\rent-a-ride\app\Views\pages\driver\details.php(24): CodeIgniter\Debug\Exceptions->errorHandler(2, 'Trying to acces...', 'C:\\xampp\\htdocs...', 24)
#1 C:\xampp\htdocs\asia\codeigniter\rent-a-ride\system\View\View.php(210): include('C:\\xampp\\htdocs...')
#2 C:\xampp\htdocs\asia\codeigniter\rent-a-ride\system\View\View.php(213): CodeIgniter\View\View->CodeIgniter\View\{closure}()
#3 C:\xampp\htdocs\asia\codeigniter\rent-a-ride\system\Common.php(1089): CodeIgniter\View\View->render('pages/driver/de...', Array, true)
#4 C:\xampp\htdocs\asia\codeigniter\rent-a-ride\app\Controllers\Driver.php(49): view('pages/driver/de...', Array)
#5 C:\xampp\htdocs\asia\codeigniter\rent-a-ride\system\CodeIgniter.php(832): App\Controllers\Driver->details('assets', 'img', 'favicon.png')
#6 C:\xampp\htdocs\asia\codeigniter\rent-a-ride\system\CodeIgniter.php(419): CodeIgniter\CodeIgniter->runController(Object(App\Controllers\Driver))
#7 C:\xampp\htdocs\asia\codeigniter\rent-a-ride\system\CodeIgniter.php(326): CodeIgniter\CodeIgniter->handleRequest(NULL, Object(Config\Cache), false)
#8 C:\xampp\htdocs\asia\codeigniter\rent-a-ride\index.php(38): CodeIgniter\CodeIgniter->run()
#9 {main}
CRITICAL - 2022-03-30 05:10:36 --> Trying to access array offset on value of type null
#0 C:\xampp\htdocs\asia\codeigniter\rent-a-ride\app\Views\pages\driver\details.php(24): CodeIgniter\Debug\Exceptions->errorHandler(2, 'Trying to acces...', 'C:\\xampp\\htdocs...', 24)
#1 C:\xampp\htdocs\asia\codeigniter\rent-a-ride\system\View\View.php(210): include('C:\\xampp\\htdocs...')
#2 C:\xampp\htdocs\asia\codeigniter\rent-a-ride\system\View\View.php(213): CodeIgniter\View\View->CodeIgniter\View\{closure}()
#3 C:\xampp\htdocs\asia\codeigniter\rent-a-ride\system\Common.php(1089): CodeIgniter\View\View->render('pages/driver/de...', Array, true)
#4 C:\xampp\htdocs\asia\codeigniter\rent-a-ride\app\Controllers\Driver.php(49): view('pages/driver/de...', Array)
#5 C:\xampp\htdocs\asia\codeigniter\rent-a-ride\system\CodeIgniter.php(832): App\Controllers\Driver->details('assets', 'img', 'favicon.png')
#6 C:\xampp\htdocs\asia\codeigniter\rent-a-ride\system\CodeIgniter.php(419): CodeIgniter\CodeIgniter->runController(Object(App\Controllers\Driver))
#7 C:\xampp\htdocs\asia\codeigniter\rent-a-ride\system\CodeIgniter.php(326): CodeIgniter\CodeIgniter->handleRequest(NULL, Object(Config\Cache), false)
#8 C:\xampp\htdocs\asia\codeigniter\rent-a-ride\index.php(38): CodeIgniter\CodeIgniter->run()
#9 {main}
CRITICAL - 2022-03-30 05:10:45 --> Trying to access array offset on value of type null
#0 C:\xampp\htdocs\asia\codeigniter\rent-a-ride\app\Views\pages\driver\details.php(24): CodeIgniter\Debug\Exceptions->errorHandler(2, 'Trying to acces...', 'C:\\xampp\\htdocs...', 24)
#1 C:\xampp\htdocs\asia\codeigniter\rent-a-ride\system\View\View.php(210): include('C:\\xampp\\htdocs...')
#2 C:\xampp\htdocs\asia\codeigniter\rent-a-ride\system\View\View.php(213): CodeIgniter\View\View->CodeIgniter\View\{closure}()
#3 C:\xampp\htdocs\asia\codeigniter\rent-a-ride\system\Common.php(1089): CodeIgniter\View\View->render('pages/driver/de...', Array, true)
#4 C:\xampp\htdocs\asia\codeigniter\rent-a-ride\app\Controllers\Driver.php(49): view('pages/driver/de...', Array)
#5 C:\xampp\htdocs\asia\codeigniter\rent-a-ride\system\CodeIgniter.php(832): App\Controllers\Driver->details('assets', 'img', 'favicon.png')
#6 C:\xampp\htdocs\asia\codeigniter\rent-a-ride\system\CodeIgniter.php(419): CodeIgniter\CodeIgniter->runController(Object(App\Controllers\Driver))
#7 C:\xampp\htdocs\asia\codeigniter\rent-a-ride\system\CodeIgniter.php(326): CodeIgniter\CodeIgniter->handleRequest(NULL, Object(Config\Cache), false)
#8 C:\xampp\htdocs\asia\codeigniter\rent-a-ride\index.php(38): CodeIgniter\CodeIgniter->run()
#9 {main}
CRITICAL - 2022-03-30 05:11:55 --> Trying to access array offset on value of type null
#0 C:\xampp\htdocs\asia\codeigniter\rent-a-ride\app\Views\pages\driver\details.php(24): CodeIgniter\Debug\Exceptions->errorHandler(2, 'Trying to acces...', 'C:\\xampp\\htdocs...', 24)
#1 C:\xampp\htdocs\asia\codeigniter\rent-a-ride\system\View\View.php(210): include('C:\\xampp\\htdocs...')
#2 C:\xampp\htdocs\asia\codeigniter\rent-a-ride\system\View\View.php(213): CodeIgniter\View\View->CodeIgniter\View\{closure}()
#3 C:\xampp\htdocs\asia\codeigniter\rent-a-ride\system\Common.php(1089): CodeIgniter\View\View->render('pages/driver/de...', Array, true)
#4 C:\xampp\htdocs\asia\codeigniter\rent-a-ride\app\Controllers\Driver.php(49): view('pages/driver/de...', Array)
#5 C:\xampp\htdocs\asia\codeigniter\rent-a-ride\system\CodeIgniter.php(832): App\Controllers\Driver->details('assets', 'img', 'favicon.png')
#6 C:\xampp\htdocs\asia\codeigniter\rent-a-ride\system\CodeIgniter.php(419): CodeIgniter\CodeIgniter->runController(Object(App\Controllers\Driver))
#7 C:\xampp\htdocs\asia\codeigniter\rent-a-ride\system\CodeIgniter.php(326): CodeIgniter\CodeIgniter->handleRequest(NULL, Object(Config\Cache), false)
#8 C:\xampp\htdocs\asia\codeigniter\rent-a-ride\index.php(38): CodeIgniter\CodeIgniter->run()
#9 {main}
CRITICAL - 2022-03-30 05:12:38 --> Trying to access array offset on value of type null
#0 C:\xampp\htdocs\asia\codeigniter\rent-a-ride\app\Views\pages\driver\details.php(24): CodeIgniter\Debug\Exceptions->errorHandler(2, 'Trying to acces...', 'C:\\xampp\\htdocs...', 24)
#1 C:\xampp\htdocs\asia\codeigniter\rent-a-ride\system\View\View.php(210): include('C:\\xampp\\htdocs...')
#2 C:\xampp\htdocs\asia\codeigniter\rent-a-ride\system\View\View.php(213): CodeIgniter\View\View->CodeIgniter\View\{closure}()
#3 C:\xampp\htdocs\asia\codeigniter\rent-a-ride\system\Common.php(1089): CodeIgniter\View\View->render('pages/driver/de...', Array, true)
#4 C:\xampp\htdocs\asia\codeigniter\rent-a-ride\app\Controllers\Driver.php(49): view('pages/driver/de...', Array)
#5 C:\xampp\htdocs\asia\codeigniter\rent-a-ride\system\CodeIgniter.php(832): App\Controllers\Driver->details('assets', 'img', 'favicon.png')
#6 C:\xampp\htdocs\asia\codeigniter\rent-a-ride\system\CodeIgniter.php(419): CodeIgniter\CodeIgniter->runController(Object(App\Controllers\Driver))
#7 C:\xampp\htdocs\asia\codeigniter\rent-a-ride\system\CodeIgniter.php(326): CodeIgniter\CodeIgniter->handleRequest(NULL, Object(Config\Cache), false)
#8 C:\xampp\htdocs\asia\codeigniter\rent-a-ride\index.php(38): CodeIgniter\CodeIgniter->run()
#9 {main}
CRITICAL - 2022-03-30 05:13:30 --> Trying to access array offset on value of type null
#0 C:\xampp\htdocs\asia\codeigniter\rent-a-ride\app\Views\pages\driver\details.php(24): CodeIgniter\Debug\Exceptions->errorHandler(2, 'Trying to acces...', 'C:\\xampp\\htdocs...', 24)
#1 C:\xampp\htdocs\asia\codeigniter\rent-a-ride\system\View\View.php(210): include('C:\\xampp\\htdocs...')
#2 C:\xampp\htdocs\asia\codeigniter\rent-a-ride\system\View\View.php(213): CodeIgniter\View\View->CodeIgniter\View\{closure}()
#3 C:\xampp\htdocs\asia\codeigniter\rent-a-ride\system\Common.php(1089): CodeIgniter\View\View->render('pages/driver/de...', Array, true)
#4 C:\xampp\htdocs\asia\codeigniter\rent-a-ride\app\Controllers\Driver.php(49): view('pages/driver/de...', Array)
#5 C:\xampp\htdocs\asia\codeigniter\rent-a-ride\system\CodeIgniter.php(832): App\Controllers\Driver->details('assets', 'img', 'favicon.png')
#6 C:\xampp\htdocs\asia\codeigniter\rent-a-ride\system\CodeIgniter.php(419): CodeIgniter\CodeIgniter->runController(Object(App\Controllers\Driver))
#7 C:\xampp\htdocs\asia\codeigniter\rent-a-ride\system\CodeIgniter.php(326): CodeIgniter\CodeIgniter->handleRequest(NULL, Object(Config\Cache), false)
#8 C:\xampp\htdocs\asia\codeigniter\rent-a-ride\index.php(38): CodeIgniter\CodeIgniter->run()
#9 {main}
CRITICAL - 2022-03-30 05:13:31 --> Trying to access array offset on value of type null
#0 C:\xampp\htdocs\asia\codeigniter\rent-a-ride\app\Views\pages\driver\details.php(24): CodeIgniter\Debug\Exceptions->errorHandler(2, 'Trying to acces...', 'C:\\xampp\\htdocs...', 24)
#1 C:\xampp\htdocs\asia\codeigniter\rent-a-ride\system\View\View.php(210): include('C:\\xampp\\htdocs...')
#2 C:\xampp\htdocs\asia\codeigniter\rent-a-ride\system\View\View.php(213): CodeIgniter\View\View->CodeIgniter\View\{closure}()
#3 C:\xampp\htdocs\asia\codeigniter\rent-a-ride\system\Common.php(1089): CodeIgniter\View\View->render('pages/driver/de...', Array, true)
#4 C:\xampp\htdocs\asia\codeigniter\rent-a-ride\app\Controllers\Driver.php(49): view('pages/driver/de...', Array)
#5 C:\xampp\htdocs\asia\codeigniter\rent-a-ride\system\CodeIgniter.php(832): App\Controllers\Driver->details('assets', 'img', 'favicon.png')
#6 C:\xampp\htdocs\asia\codeigniter\rent-a-ride\system\CodeIgniter.php(419): CodeIgniter\CodeIgniter->runController(Object(App\Controllers\Driver))
#7 C:\xampp\htdocs\asia\codeigniter\rent-a-ride\system\CodeIgniter.php(326): CodeIgniter\CodeIgniter->handleRequest(NULL, Object(Config\Cache), false)
#8 C:\xampp\htdocs\asia\codeigniter\rent-a-ride\index.php(38): CodeIgniter\CodeIgniter->run()
#9 {main}
CRITICAL - 2022-03-30 05:13:41 --> Trying to access array offset on value of type null
#0 C:\xampp\htdocs\asia\codeigniter\rent-a-ride\app\Views\pages\driver\details.php(24): CodeIgniter\Debug\Exceptions->errorHandler(2, 'Trying to acces...', 'C:\\xampp\\htdocs...', 24)
#1 C:\xampp\htdocs\asia\codeigniter\rent-a-ride\system\View\View.php(210): include('C:\\xampp\\htdocs...')
#2 C:\xampp\htdocs\asia\codeigniter\rent-a-ride\system\View\View.php(213): CodeIgniter\View\View->CodeIgniter\View\{closure}()
#3 C:\xampp\htdocs\asia\codeigniter\rent-a-ride\system\Common.php(1089): CodeIgniter\View\View->render('pages/driver/de...', Array, true)
#4 C:\xampp\htdocs\asia\codeigniter\rent-a-ride\app\Controllers\Driver.php(49): view('pages/driver/de...', Array)
#5 C:\xampp\htdocs\asia\codeigniter\rent-a-ride\system\CodeIgniter.php(832): App\Controllers\Driver->details('assets', 'img', 'favicon.png')
#6 C:\xampp\htdocs\asia\codeigniter\rent-a-ride\system\CodeIgniter.php(419): CodeIgniter\CodeIgniter->runController(Object(App\Controllers\Driver))
#7 C:\xampp\htdocs\asia\codeigniter\rent-a-ride\system\CodeIgniter.php(326): CodeIgniter\CodeIgniter->handleRequest(NULL, Object(Config\Cache), false)
#8 C:\xampp\htdocs\asia\codeigniter\rent-a-ride\index.php(38): CodeIgniter\CodeIgniter->run()
#9 {main}
CRITICAL - 2022-03-30 05:13:42 --> Trying to access array offset on value of type null
#0 C:\xampp\htdocs\asia\codeigniter\rent-a-ride\app\Views\pages\driver\details.php(24): CodeIgniter\Debug\Exceptions->errorHandler(2, 'Trying to acces...', 'C:\\xampp\\htdocs...', 24)
#1 C:\xampp\htdocs\asia\codeigniter\rent-a-ride\system\View\View.php(210): include('C:\\xampp\\htdocs...')
#2 C:\xampp\htdocs\asia\codeigniter\rent-a-ride\system\View\View.php(213): CodeIgniter\View\View->CodeIgniter\View\{closure}()
#3 C:\xampp\htdocs\asia\codeigniter\rent-a-ride\system\Common.php(1089): CodeIgniter\View\View->render('pages/driver/de...', Array, true)
#4 C:\xampp\htdocs\asia\codeigniter\rent-a-ride\app\Controllers\Driver.php(49): view('pages/driver/de...', Array)
#5 C:\xampp\htdocs\asia\codeigniter\rent-a-ride\system\CodeIgniter.php(832): App\Controllers\Driver->details('assets', 'img', 'favicon.png')
#6 C:\xampp\htdocs\asia\codeigniter\rent-a-ride\system\CodeIgniter.php(419): CodeIgniter\CodeIgniter->runController(Object(App\Controllers\Driver))
#7 C:\xampp\htdocs\asia\codeigniter\rent-a-ride\system\CodeIgniter.php(326): CodeIgniter\CodeIgniter->handleRequest(NULL, Object(Config\Cache), false)
#8 C:\xampp\htdocs\asia\codeigniter\rent-a-ride\index.php(38): CodeIgniter\CodeIgniter->run()
#9 {main}
CRITICAL - 2022-03-30 05:15:12 --> Trying to access array offset on value of type null
#0 C:\xampp\htdocs\asia\codeigniter\rent-a-ride\app\Views\pages\driver\details.php(24): CodeIgniter\Debug\Exceptions->errorHandler(2, 'Trying to acces...', 'C:\\xampp\\htdocs...', 24)
#1 C:\xampp\htdocs\asia\codeigniter\rent-a-ride\system\View\View.php(210): include('C:\\xampp\\htdocs...')
#2 C:\xampp\htdocs\asia\codeigniter\rent-a-ride\system\View\View.php(213): CodeIgniter\View\View->CodeIgniter\View\{closure}()
#3 C:\xampp\htdocs\asia\codeigniter\rent-a-ride\system\Common.php(1089): CodeIgniter\View\View->render('pages/driver/de...', Array, true)
#4 C:\xampp\htdocs\asia\codeigniter\rent-a-ride\app\Controllers\Driver.php(49): view('pages/driver/de...', Array)
#5 C:\xampp\htdocs\asia\codeigniter\rent-a-ride\system\CodeIgniter.php(832): App\Controllers\Driver->details('assets', 'img', 'favicon.png')
#6 C:\xampp\htdocs\asia\codeigniter\rent-a-ride\system\CodeIgniter.php(419): CodeIgniter\CodeIgniter->runController(Object(App\Controllers\Driver))
#7 C:\xampp\htdocs\asia\codeigniter\rent-a-ride\system\CodeIgniter.php(326): CodeIgniter\CodeIgniter->handleRequest(NULL, Object(Config\Cache), false)
#8 C:\xampp\htdocs\asia\codeigniter\rent-a-ride\index.php(38): CodeIgniter\CodeIgniter->run()
#9 {main}
CRITICAL - 2022-03-30 05:15:46 --> Trying to access array offset on value of type null
#0 C:\xampp\htdocs\asia\codeigniter\rent-a-ride\app\Views\pages\driver\details.php(24): CodeIgniter\Debug\Exceptions->errorHandler(2, 'Trying to acces...', 'C:\\xampp\\htdocs...', 24)
#1 C:\xampp\htdocs\asia\codeigniter\rent-a-ride\system\View\View.php(210): include('C:\\xampp\\htdocs...')
#2 C:\xampp\htdocs\asia\codeigniter\rent-a-ride\system\View\View.php(213): CodeIgniter\View\View->CodeIgniter\View\{closure}()
#3 C:\xampp\htdocs\asia\codeigniter\rent-a-ride\system\Common.php(1089): CodeIgniter\View\View->render('pages/driver/de...', Array, true)
#4 C:\xampp\htdocs\asia\codeigniter\rent-a-ride\app\Controllers\Driver.php(49): view('pages/driver/de...', Array)
#5 C:\xampp\htdocs\asia\codeigniter\rent-a-ride\system\CodeIgniter.php(832): App\Controllers\Driver->details('assets', 'img', 'favicon.png')
#6 C:\xampp\htdocs\asia\codeigniter\rent-a-ride\system\CodeIgniter.php(419): CodeIgniter\CodeIgniter->runController(Object(App\Controllers\Driver))
#7 C:\xampp\htdocs\asia\codeigniter\rent-a-ride\system\CodeIgniter.php(326): CodeIgniter\CodeIgniter->handleRequest(NULL, Object(Config\Cache), false)
#8 C:\xampp\htdocs\asia\codeigniter\rent-a-ride\index.php(38): CodeIgniter\CodeIgniter->run()
#9 {main}
CRITICAL - 2022-03-30 05:16:20 --> Trying to access array offset on value of type null
#0 C:\xampp\htdocs\asia\codeigniter\rent-a-ride\app\Views\pages\driver\details.php(24): CodeIgniter\Debug\Exceptions->errorHandler(2, 'Trying to acces...', 'C:\\xampp\\htdocs...', 24)
#1 C:\xampp\htdocs\asia\codeigniter\rent-a-ride\system\View\View.php(210): include('C:\\xampp\\htdocs...')
#2 C:\xampp\htdocs\asia\codeigniter\rent-a-ride\system\View\View.php(213): CodeIgniter\View\View->CodeIgniter\View\{closure}()
#3 C:\xampp\htdocs\asia\codeigniter\rent-a-ride\system\Common.php(1089): CodeIgniter\View\View->render('pages/driver/de...', Array, true)
#4 C:\xampp\htdocs\asia\codeigniter\rent-a-ride\app\Controllers\Driver.php(49): view('pages/driver/de...', Array)
#5 C:\xampp\htdocs\asia\codeigniter\rent-a-ride\system\CodeIgniter.php(832): App\Controllers\Driver->details('assets', 'img', 'favicon.png')
#6 C:\xampp\htdocs\asia\codeigniter\rent-a-ride\system\CodeIgniter.php(419): CodeIgniter\CodeIgniter->runController(Object(App\Controllers\Driver))
#7 C:\xampp\htdocs\asia\codeigniter\rent-a-ride\system\CodeIgniter.php(326): CodeIgniter\CodeIgniter->handleRequest(NULL, Object(Config\Cache), false)
#8 C:\xampp\htdocs\asia\codeigniter\rent-a-ride\index.php(38): CodeIgniter\CodeIgniter->run()
#9 {main}
CRITICAL - 2022-03-30 05:16:52 --> Trying to access array offset on value of type null
#0 C:\xampp\htdocs\asia\codeigniter\rent-a-ride\app\Views\pages\driver\details.php(24): CodeIgniter\Debug\Exceptions->errorHandler(2, 'Trying to acces...', 'C:\\xampp\\htdocs...', 24)
#1 C:\xampp\htdocs\asia\codeigniter\rent-a-ride\system\View\View.php(210): include('C:\\xampp\\htdocs...')
#2 C:\xampp\htdocs\asia\codeigniter\rent-a-ride\system\View\View.php(213): CodeIgniter\View\View->CodeIgniter\View\{closure}()
#3 C:\xampp\htdocs\asia\codeigniter\rent-a-ride\system\Common.php(1089): CodeIgniter\View\View->render('pages/driver/de...', Array, true)
#4 C:\xampp\htdocs\asia\codeigniter\rent-a-ride\app\Controllers\Driver.php(49): view('pages/driver/de...', Array)
#5 C:\xampp\htdocs\asia\codeigniter\rent-a-ride\system\CodeIgniter.php(832): App\Controllers\Driver->details('assets', 'img', 'favicon.png')
#6 C:\xampp\htdocs\asia\codeigniter\rent-a-ride\system\CodeIgniter.php(419): CodeIgniter\CodeIgniter->runController(Object(App\Controllers\Driver))
#7 C:\xampp\htdocs\asia\codeigniter\rent-a-ride\system\CodeIgniter.php(326): CodeIgniter\CodeIgniter->handleRequest(NULL, Object(Config\Cache), false)
#8 C:\xampp\htdocs\asia\codeigniter\rent-a-ride\index.php(38): CodeIgniter\CodeIgniter->run()
#9 {main}
CRITICAL - 2022-03-30 05:17:25 --> Trying to access array offset on value of type null
#0 C:\xampp\htdocs\asia\codeigniter\rent-a-ride\app\Views\pages\driver\details.php(24): CodeIgniter\Debug\Exceptions->errorHandler(2, 'Trying to acces...', 'C:\\xampp\\htdocs...', 24)
#1 C:\xampp\htdocs\asia\codeigniter\rent-a-ride\system\View\View.php(210): include('C:\\xampp\\htdocs...')
#2 C:\xampp\htdocs\asia\codeigniter\rent-a-ride\system\View\View.php(213): CodeIgniter\View\View->CodeIgniter\View\{closure}()
#3 C:\xampp\htdocs\asia\codeigniter\rent-a-ride\system\Common.php(1089): CodeIgniter\View\View->render('pages/driver/de...', Array, true)
#4 C:\xampp\htdocs\asia\codeigniter\rent-a-ride\app\Controllers\Driver.php(49): view('pages/driver/de...', Array)
#5 C:\xampp\htdocs\asia\codeigniter\rent-a-ride\system\CodeIgniter.php(832): App\Controllers\Driver->details('assets', 'img', 'favicon.png')
#6 C:\xampp\htdocs\asia\codeigniter\rent-a-ride\system\CodeIgniter.php(419): CodeIgniter\CodeIgniter->runController(Object(App\Controllers\Driver))
#7 C:\xampp\htdocs\asia\codeigniter\rent-a-ride\system\CodeIgniter.php(326): CodeIgniter\CodeIgniter->handleRequest(NULL, Object(Config\Cache), false)
#8 C:\xampp\htdocs\asia\codeigniter\rent-a-ride\index.php(38): CodeIgniter\CodeIgniter->run()
#9 {main}
CRITICAL - 2022-03-30 05:18:10 --> Trying to access array offset on value of type null
#0 C:\xampp\htdocs\asia\codeigniter\rent-a-ride\app\Views\pages\driver\details.php(24): CodeIgniter\Debug\Exceptions->errorHandler(2, 'Trying to acces...', 'C:\\xampp\\htdocs...', 24)
#1 C:\xampp\htdocs\asia\codeigniter\rent-a-ride\system\View\View.php(210): include('C:\\xampp\\htdocs...')
#2 C:\xampp\htdocs\asia\codeigniter\rent-a-ride\system\View\View.php(213): CodeIgniter\View\View->CodeIgniter\View\{closure}()
#3 C:\xampp\htdocs\asia\codeigniter\rent-a-ride\system\Common.php(1089): CodeIgniter\View\View->render('pages/driver/de...', Array, true)
#4 C:\xampp\htdocs\asia\codeigniter\rent-a-ride\app\Controllers\Driver.php(49): view('pages/driver/de...', Array)
#5 C:\xampp\htdocs\asia\codeigniter\rent-a-ride\system\CodeIgniter.php(832): App\Controllers\Driver->details('assets', 'img', 'favicon.png')
#6 C:\xampp\htdocs\asia\codeigniter\rent-a-ride\system\CodeIgniter.php(419): CodeIgniter\CodeIgniter->runController(Object(App\Controllers\Driver))
#7 C:\xampp\htdocs\asia\codeigniter\rent-a-ride\system\CodeIgniter.php(326): CodeIgniter\CodeIgniter->handleRequest(NULL, Object(Config\Cache), false)
#8 C:\xampp\htdocs\asia\codeigniter\rent-a-ride\index.php(38): CodeIgniter\CodeIgniter->run()
#9 {main}
CRITICAL - 2022-03-30 06:16:22 --> Trying to access array offset on value of type null
#0 C:\xampp\htdocs\asia\codeigniter\rent-a-ride\app\Views\pages\driver\details.php(24): CodeIgniter\Debug\Exceptions->errorHandler(2, 'Trying to acces...', 'C:\\xampp\\htdocs...', 24)
#1 C:\xampp\htdocs\asia\codeigniter\rent-a-ride\system\View\View.php(210): include('C:\\xampp\\htdocs...')
#2 C:\xampp\htdocs\asia\codeigniter\rent-a-ride\system\View\View.php(213): CodeIgniter\View\View->CodeIgniter\View\{closure}()
#3 C:\xampp\htdocs\asia\codeigniter\rent-a-ride\system\Common.php(1089): CodeIgniter\View\View->render('pages/driver/de...', Array, true)
#4 C:\xampp\htdocs\asia\codeigniter\rent-a-ride\app\Controllers\Driver.php(49): view('pages/driver/de...', Array)
#5 C:\xampp\htdocs\asia\codeigniter\rent-a-ride\system\CodeIgniter.php(832): App\Controllers\Driver->details('index.html')
#6 C:\xampp\htdocs\asia\codeigniter\rent-a-ride\system\CodeIgniter.php(419): CodeIgniter\CodeIgniter->runController(Object(App\Controllers\Driver))
#7 C:\xampp\htdocs\asia\codeigniter\rent-a-ride\system\CodeIgniter.php(326): CodeIgniter\CodeIgniter->handleRequest(NULL, Object(Config\Cache), false)
#8 C:\xampp\htdocs\asia\codeigniter\rent-a-ride\index.php(38): CodeIgniter\CodeIgniter->run()
#9 {main}
CRITICAL - 2022-03-30 06:16:22 --> Trying to access array offset on value of type null
#0 C:\xampp\htdocs\asia\codeigniter\rent-a-ride\app\Views\pages\driver\details.php(24): CodeIgniter\Debug\Exceptions->errorHandler(2, 'Trying to acces...', 'C:\\xampp\\htdocs...', 24)
#1 C:\xampp\htdocs\asia\codeigniter\rent-a-ride\system\View\View.php(210): include('C:\\xampp\\htdocs...')
#2 C:\xampp\htdocs\asia\codeigniter\rent-a-ride\system\View\View.php(213): CodeIgniter\View\View->CodeIgniter\View\{closure}()
#3 C:\xampp\htdocs\asia\codeigniter\rent-a-ride\system\Common.php(1089): CodeIgniter\View\View->render('pages/driver/de...', Array, true)
#4 C:\xampp\htdocs\asia\codeigniter\rent-a-ride\app\Controllers\Driver.php(49): view('pages/driver/de...', Array)
#5 C:\xampp\htdocs\asia\codeigniter\rent-a-ride\system\CodeIgniter.php(832): App\Controllers\Driver->details('assets', 'img', 'favicon.png')
#6 C:\xampp\htdocs\asia\codeigniter\rent-a-ride\system\CodeIgniter.php(419): CodeIgniter\CodeIgniter->runController(Object(App\Controllers\Driver))
#7 C:\xampp\htdocs\asia\codeigniter\rent-a-ride\system\CodeIgniter.php(326): CodeIgniter\CodeIgniter->handleRequest(NULL, Object(Config\Cache), false)
#8 C:\xampp\htdocs\asia\codeigniter\rent-a-ride\index.php(38): CodeIgniter\CodeIgniter->run()
#9 {main}
CRITICAL - 2022-03-30 06:16:26 --> Trying to access array offset on value of type null
#0 C:\xampp\htdocs\asia\codeigniter\rent-a-ride\app\Views\pages\driver\details.php(24): CodeIgniter\Debug\Exceptions->errorHandler(2, 'Trying to acces...', 'C:\\xampp\\htdocs...', 24)
#1 C:\xampp\htdocs\asia\codeigniter\rent-a-ride\system\View\View.php(210): include('C:\\xampp\\htdocs...')
#2 C:\xampp\htdocs\asia\codeigniter\rent-a-ride\system\View\View.php(213): CodeIgniter\View\View->CodeIgniter\View\{closure}()
#3 C:\xampp\htdocs\asia\codeigniter\rent-a-ride\system\Common.php(1089): CodeIgniter\View\View->render('pages/driver/de...', Array, true)
#4 C:\xampp\htdocs\asia\codeigniter\rent-a-ride\app\Controllers\Driver.php(49): view('pages/driver/de...', Array)
#5 C:\xampp\htdocs\asia\codeigniter\rent-a-ride\system\CodeIgniter.php(832): App\Controllers\Driver->details('assets', 'img', 'favicon.png')
#6 C:\xampp\htdocs\asia\codeigniter\rent-a-ride\system\CodeIgniter.php(419): CodeIgniter\CodeIgniter->runController(Object(App\Controllers\Driver))
#7 C:\xampp\htdocs\asia\codeigniter\rent-a-ride\system\CodeIgniter.php(326): CodeIgniter\CodeIgniter->handleRequest(NULL, Object(Config\Cache), false)
#8 C:\xampp\htdocs\asia\codeigniter\rent-a-ride\index.php(38): CodeIgniter\CodeIgniter->run()
#9 {main}
CRITICAL - 2022-03-30 06:17:37 --> Trying to access array offset on value of type null
#0 C:\xampp\htdocs\asia\codeigniter\rent-a-ride\app\Views\pages\driver\details.php(24): CodeIgniter\Debug\Exceptions->errorHandler(2, 'Trying to acces...', 'C:\\xampp\\htdocs...', 24)
#1 C:\xampp\htdocs\asia\codeigniter\rent-a-ride\system\View\View.php(210): include('C:\\xampp\\htdocs...')
#2 C:\xampp\htdocs\asia\codeigniter\rent-a-ride\system\View\View.php(213): CodeIgniter\View\View->CodeIgniter\View\{closure}()
#3 C:\xampp\htdocs\asia\codeigniter\rent-a-ride\system\Common.php(1089): CodeIgniter\View\View->render('pages/driver/de...', Array, true)
#4 C:\xampp\htdocs\asia\codeigniter\rent-a-ride\app\Controllers\Driver.php(49): view('pages/driver/de...', Array)
#5 C:\xampp\htdocs\asia\codeigniter\rent-a-ride\system\CodeIgniter.php(832): App\Controllers\Driver->details('assets', 'img', 'favicon.png')
#6 C:\xampp\htdocs\asia\codeigniter\rent-a-ride\system\CodeIgniter.php(419): CodeIgniter\CodeIgniter->runController(Object(App\Controllers\Driver))
#7 C:\xampp\htdocs\asia\codeigniter\rent-a-ride\system\CodeIgniter.php(326): CodeIgniter\CodeIgniter->handleRequest(NULL, Object(Config\Cache), false)
#8 C:\xampp\htdocs\asia\codeigniter\rent-a-ride\index.php(38): CodeIgniter\CodeIgniter->run()
#9 {main}
CRITICAL - 2022-03-30 06:17:42 --> Trying to access array offset on value of type null
#0 C:\xampp\htdocs\asia\codeigniter\rent-a-ride\app\Views\pages\driver\details.php(24): CodeIgniter\Debug\Exceptions->errorHandler(2, 'Trying to acces...', 'C:\\xampp\\htdocs...', 24)
#1 C:\xampp\htdocs\asia\codeigniter\rent-a-ride\system\View\View.php(210): include('C:\\xampp\\htdocs...')
#2 C:\xampp\htdocs\asia\codeigniter\rent-a-ride\system\View\View.php(213): CodeIgniter\View\View->CodeIgniter\View\{closure}()
#3 C:\xampp\htdocs\asia\codeigniter\rent-a-ride\system\Common.php(1089): CodeIgniter\View\View->render('pages/driver/de...', Array, true)
#4 C:\xampp\htdocs\asia\codeigniter\rent-a-ride\app\Controllers\Driver.php(49): view('pages/driver/de...', Array)
#5 C:\xampp\htdocs\asia\codeigniter\rent-a-ride\system\CodeIgniter.php(832): App\Controllers\Driver->details('assets', 'img', 'favicon.png')
#6 C:\xampp\htdocs\asia\codeigniter\rent-a-ride\system\CodeIgniter.php(419): CodeIgniter\CodeIgniter->runController(Object(App\Controllers\Driver))
#7 C:\xampp\htdocs\asia\codeigniter\rent-a-ride\system\CodeIgniter.php(326): CodeIgniter\CodeIgniter->handleRequest(NULL, Object(Config\Cache), false)
#8 C:\xampp\htdocs\asia\codeigniter\rent-a-ride\index.php(38): CodeIgniter\CodeIgniter->run()
#9 {main}
CRITICAL - 2022-03-30 06:18:47 --> Trying to access array offset on value of type null
#0 C:\xampp\htdocs\asia\codeigniter\rent-a-ride\app\Views\pages\driver\details.php(24): CodeIgniter\Debug\Exceptions->errorHandler(2, 'Trying to acces...', 'C:\\xampp\\htdocs...', 24)
#1 C:\xampp\htdocs\asia\codeigniter\rent-a-ride\system\View\View.php(210): include('C:\\xampp\\htdocs...')
#2 C:\xampp\htdocs\asia\codeigniter\rent-a-ride\system\View\View.php(213): CodeIgniter\View\View->CodeIgniter\View\{closure}()
#3 C:\xampp\htdocs\asia\codeigniter\rent-a-ride\system\Common.php(1089): CodeIgniter\View\View->render('pages/driver/de...', Array, true)
#4 C:\xampp\htdocs\asia\codeigniter\rent-a-ride\app\Controllers\Driver.php(49): view('pages/driver/de...', Array)
#5 C:\xampp\htdocs\asia\codeigniter\rent-a-ride\system\CodeIgniter.php(832): App\Controllers\Driver->details('assets', 'img', 'favicon.png')
#6 C:\xampp\htdocs\asia\codeigniter\rent-a-ride\system\CodeIgniter.php(419): CodeIgniter\CodeIgniter->runController(Object(App\Controllers\Driver))
#7 C:\xampp\htdocs\asia\codeigniter\rent-a-ride\system\CodeIgniter.php(326): CodeIgniter\CodeIgniter->handleRequest(NULL, Object(Config\Cache), false)
#8 C:\xampp\htdocs\asia\codeigniter\rent-a-ride\index.php(38): CodeIgniter\CodeIgniter->run()
#9 {main}
CRITICAL - 2022-03-30 06:19:33 --> Trying to access array offset on value of type null
#0 C:\xampp\htdocs\asia\codeigniter\rent-a-ride\app\Views\pages\driver\details.php(24): CodeIgniter\Debug\Exceptions->errorHandler(2, 'Trying to acces...', 'C:\\xampp\\htdocs...', 24)
#1 C:\xampp\htdocs\asia\codeigniter\rent-a-ride\system\View\View.php(210): include('C:\\xampp\\htdocs...')
#2 C:\xampp\htdocs\asia\codeigniter\rent-a-ride\system\View\View.php(213): CodeIgniter\View\View->CodeIgniter\View\{closure}()
#3 C:\xampp\htdocs\asia\codeigniter\rent-a-ride\system\Common.php(1089): CodeIgniter\View\View->render('pages/driver/de...', Array, true)
#4 C:\xampp\htdocs\asia\codeigniter\rent-a-ride\app\Controllers\Driver.php(49): view('pages/driver/de...', Array)
#5 C:\xampp\htdocs\asia\codeigniter\rent-a-ride\system\CodeIgniter.php(832): App\Controllers\Driver->details('assets', 'img', 'favicon.png')
#6 C:\xampp\htdocs\asia\codeigniter\rent-a-ride\system\CodeIgniter.php(419): CodeIgniter\CodeIgniter->runController(Object(App\Controllers\Driver))
#7 C:\xampp\htdocs\asia\codeigniter\rent-a-ride\system\CodeIgniter.php(326): CodeIgniter\CodeIgniter->handleRequest(NULL, Object(Config\Cache), false)
#8 C:\xampp\htdocs\asia\codeigniter\rent-a-ride\index.php(38): CodeIgniter\CodeIgniter->run()
#9 {main}
CRITICAL - 2022-03-30 06:19:50 --> Trying to access array offset on value of type null
#0 C:\xampp\htdocs\asia\codeigniter\rent-a-ride\app\Views\pages\driver\details.php(24): CodeIgniter\Debug\Exceptions->errorHandler(2, 'Trying to acces...', 'C:\\xampp\\htdocs...', 24)
#1 C:\xampp\htdocs\asia\codeigniter\rent-a-ride\system\View\View.php(210): include('C:\\xampp\\htdocs...')
#2 C:\xampp\htdocs\asia\codeigniter\rent-a-ride\system\View\View.php(213): CodeIgniter\View\View->CodeIgniter\View\{closure}()
#3 C:\xampp\htdocs\asia\codeigniter\rent-a-ride\system\Common.php(1089): CodeIgniter\View\View->render('pages/driver/de...', Array, true)
#4 C:\xampp\htdocs\asia\codeigniter\rent-a-ride\app\Controllers\Driver.php(49): view('pages/driver/de...', Array)
#5 C:\xampp\htdocs\asia\codeigniter\rent-a-ride\system\CodeIgniter.php(832): App\Controllers\Driver->details('assets', 'img', 'favicon.png')
#6 C:\xampp\htdocs\asia\codeigniter\rent-a-ride\system\CodeIgniter.php(419): CodeIgniter\CodeIgniter->runController(Object(App\Controllers\Driver))
#7 C:\xampp\htdocs\asia\codeigniter\rent-a-ride\system\CodeIgniter.php(326): CodeIgniter\CodeIgniter->handleRequest(NULL, Object(Config\Cache), false)
#8 C:\xampp\htdocs\asia\codeigniter\rent-a-ride\index.php(38): CodeIgniter\CodeIgniter->run()
#9 {main}
CRITICAL - 2022-03-30 06:20:43 --> Trying to access array offset on value of type null
#0 C:\xampp\htdocs\asia\codeigniter\rent-a-ride\app\Views\pages\driver\details.php(24): CodeIgniter\Debug\Exceptions->errorHandler(2, 'Trying to acces...', 'C:\\xampp\\htdocs...', 24)
#1 C:\xampp\htdocs\asia\codeigniter\rent-a-ride\system\View\View.php(210): include('C:\\xampp\\htdocs...')
#2 C:\xampp\htdocs\asia\codeigniter\rent-a-ride\system\View\View.php(213): CodeIgniter\View\View->CodeIgniter\View\{closure}()
#3 C:\xampp\htdocs\asia\codeigniter\rent-a-ride\system\Common.php(1089): CodeIgniter\View\View->render('pages/driver/de...', Array, true)
#4 C:\xampp\htdocs\asia\codeigniter\rent-a-ride\app\Controllers\Driver.php(49): view('pages/driver/de...', Array)
#5 C:\xampp\htdocs\asia\codeigniter\rent-a-ride\system\CodeIgniter.php(832): App\Controllers\Driver->details('assets', 'img', 'favicon.png')
#6 C:\xampp\htdocs\asia\codeigniter\rent-a-ride\system\CodeIgniter.php(419): CodeIgniter\CodeIgniter->runController(Object(App\Controllers\Driver))
#7 C:\xampp\htdocs\asia\codeigniter\rent-a-ride\system\CodeIgniter.php(326): CodeIgniter\CodeIgniter->handleRequest(NULL, Object(Config\Cache), false)
#8 C:\xampp\htdocs\asia\codeigniter\rent-a-ride\index.php(38): CodeIgniter\CodeIgniter->run()
#9 {main}
CRITICAL - 2022-03-30 06:22:28 --> Trying to access array offset on value of type null
#0 C:\xampp\htdocs\asia\codeigniter\rent-a-ride\app\Views\pages\driver\details.php(24): CodeIgniter\Debug\Exceptions->errorHandler(2, 'Trying to acces...', 'C:\\xampp\\htdocs...', 24)
#1 C:\xampp\htdocs\asia\codeigniter\rent-a-ride\system\View\View.php(210): include('C:\\xampp\\htdocs...')
#2 C:\xampp\htdocs\asia\codeigniter\rent-a-ride\system\View\View.php(213): CodeIgniter\View\View->CodeIgniter\View\{closure}()
#3 C:\xampp\htdocs\asia\codeigniter\rent-a-ride\system\Common.php(1089): CodeIgniter\View\View->render('pages/driver/de...', Array, true)
#4 C:\xampp\htdocs\asia\codeigniter\rent-a-ride\app\Controllers\Driver.php(49): view('pages/driver/de...', Array)
#5 C:\xampp\htdocs\asia\codeigniter\rent-a-ride\system\CodeIgniter.php(832): App\Controllers\Driver->details('assets', 'img', 'favicon.png')
#6 C:\xampp\htdocs\asia\codeigniter\rent-a-ride\system\CodeIgniter.php(419): CodeIgniter\CodeIgniter->runController(Object(App\Controllers\Driver))
#7 C:\xampp\htdocs\asia\codeigniter\rent-a-ride\system\CodeIgniter.php(326): CodeIgniter\CodeIgniter->handleRequest(NULL, Object(Config\Cache), false)
#8 C:\xampp\htdocs\asia\codeigniter\rent-a-ride\index.php(38): CodeIgniter\CodeIgniter->run()
#9 {main}
CRITICAL - 2022-03-30 06:23:36 --> Trying to access array offset on value of type null
#0 C:\xampp\htdocs\asia\codeigniter\rent-a-ride\app\Views\pages\driver\details.php(24): CodeIgniter\Debug\Exceptions->errorHandler(2, 'Trying to acces...', 'C:\\xampp\\htdocs...', 24)
#1 C:\xampp\htdocs\asia\codeigniter\rent-a-ride\system\View\View.php(210): include('C:\\xampp\\htdocs...')
#2 C:\xampp\htdocs\asia\codeigniter\rent-a-ride\system\View\View.php(213): CodeIgniter\View\View->CodeIgniter\View\{closure}()
#3 C:\xampp\htdocs\asia\codeigniter\rent-a-ride\system\Common.php(1089): CodeIgniter\View\View->render('pages/driver/de...', Array, true)
#4 C:\xampp\htdocs\asia\codeigniter\rent-a-ride\app\Controllers\Driver.php(49): view('pages/driver/de...', Array)
#5 C:\xampp\htdocs\asia\codeigniter\rent-a-ride\system\CodeIgniter.php(832): App\Controllers\Driver->details('assets', 'img', 'favicon.png')
#6 C:\xampp\htdocs\asia\codeigniter\rent-a-ride\system\CodeIgniter.php(419): CodeIgniter\CodeIgniter->runController(Object(App\Controllers\Driver))
#7 C:\xampp\htdocs\asia\codeigniter\rent-a-ride\system\CodeIgniter.php(326): CodeIgniter\CodeIgniter->handleRequest(NULL, Object(Config\Cache), false)
#8 C:\xampp\htdocs\asia\codeigniter\rent-a-ride\index.php(38): CodeIgniter\CodeIgniter->run()
#9 {main}
CRITICAL - 2022-03-30 06:23:51 --> Trying to access array offset on value of type null
#0 C:\xampp\htdocs\asia\codeigniter\rent-a-ride\app\Views\pages\driver\details.php(24): CodeIgniter\Debug\Exceptions->errorHandler(2, 'Trying to acces...', 'C:\\xampp\\htdocs...', 24)
#1 C:\xampp\htdocs\asia\codeigniter\rent-a-ride\system\View\View.php(210): include('C:\\xampp\\htdocs...')
#2 C:\xampp\htdocs\asia\codeigniter\rent-a-ride\system\View\View.php(213): CodeIgniter\View\View->CodeIgniter\View\{closure}()
#3 C:\xampp\htdocs\asia\codeigniter\rent-a-ride\system\Common.php(1089): CodeIgniter\View\View->render('pages/driver/de...', Array, true)
#4 C:\xampp\htdocs\asia\codeigniter\rent-a-ride\app\Controllers\Driver.php(49): view('pages/driver/de...', Array)
#5 C:\xampp\htdocs\asia\codeigniter\rent-a-ride\system\CodeIgniter.php(832): App\Controllers\Driver->details('assets', 'img', 'favicon.png')
#6 C:\xampp\htdocs\asia\codeigniter\rent-a-ride\system\CodeIgniter.php(419): CodeIgniter\CodeIgniter->runController(Object(App\Controllers\Driver))
#7 C:\xampp\htdocs\asia\codeigniter\rent-a-ride\system\CodeIgniter.php(326): CodeIgniter\CodeIgniter->handleRequest(NULL, Object(Config\Cache), false)
#8 C:\xampp\htdocs\asia\codeigniter\rent-a-ride\index.php(38): CodeIgniter\CodeIgniter->run()
#9 {main}
CRITICAL - 2022-03-30 06:24:02 --> Trying to access array offset on value of type null
#0 C:\xampp\htdocs\asia\codeigniter\rent-a-ride\app\Views\pages\driver\edit.php(21): CodeIgniter\Debug\Exceptions->errorHandler(2, 'Trying to acces...', 'C:\\xampp\\htdocs...', 21)
#1 C:\xampp\htdocs\asia\codeigniter\rent-a-ride\system\View\View.php(210): include('C:\\xampp\\htdocs...')
#2 C:\xampp\htdocs\asia\codeigniter\rent-a-ride\system\View\View.php(213): CodeIgniter\View\View->CodeIgniter\View\{closure}()
#3 C:\xampp\htdocs\asia\codeigniter\rent-a-ride\system\Common.php(1089): CodeIgniter\View\View->render('pages/driver/ed...', Array, true)
#4 C:\xampp\htdocs\asia\codeigniter\rent-a-ride\app\Controllers\Driver.php(65): view('pages/driver/ed...', Array)
#5 C:\xampp\htdocs\asia\codeigniter\rent-a-ride\system\CodeIgniter.php(832): App\Controllers\Driver->edit('assets', 'img', 'favicon.png')
#6 C:\xampp\htdocs\asia\codeigniter\rent-a-ride\system\CodeIgniter.php(419): CodeIgniter\CodeIgniter->runController(Object(App\Controllers\Driver))
#7 C:\xampp\htdocs\asia\codeigniter\rent-a-ride\system\CodeIgniter.php(326): CodeIgniter\CodeIgniter->handleRequest(NULL, Object(Config\Cache), false)
#8 C:\xampp\htdocs\asia\codeigniter\rent-a-ride\index.php(38): CodeIgniter\CodeIgniter->run()
#9 {main}
CRITICAL - 2022-03-30 07:11:41 --> Object of class CodeIgniter\Database\MySQLi\Result could not be converted to string
#0 C:\xampp\htdocs\asia\codeigniter\rent-a-ride\system\CodeIgniter.php(832): App\Controllers\User->index()
#1 C:\xampp\htdocs\asia\codeigniter\rent-a-ride\system\CodeIgniter.php(419): CodeIgniter\CodeIgniter->runController(Object(App\Controllers\User))
#2 C:\xampp\htdocs\asia\codeigniter\rent-a-ride\system\CodeIgniter.php(326): CodeIgniter\CodeIgniter->handleRequest(NULL, Object(Config\Cache), false)
#3 C:\xampp\htdocs\asia\codeigniter\rent-a-ride\index.php(38): CodeIgniter\CodeIgniter->run()
#4 {main}
ERROR - 2022-03-30 07:15:07 --> Not unique table/alias: 'code_roles'
CRITICAL - 2022-03-30 07:15:07 --> Call to a member function getResult() on bool
#0 C:\xampp\htdocs\asia\codeigniter\rent-a-ride\system\CodeIgniter.php(832): App\Controllers\User->index()
#1 C:\xampp\htdocs\asia\codeigniter\rent-a-ride\system\CodeIgniter.php(419): CodeIgniter\CodeIgniter->runController(Object(App\Controllers\User))
#2 C:\xampp\htdocs\asia\codeigniter\rent-a-ride\system\CodeIgniter.php(326): CodeIgniter\CodeIgniter->handleRequest(NULL, Object(Config\Cache), false)
#3 C:\xampp\htdocs\asia\codeigniter\rent-a-ride\index.php(38): CodeIgniter\CodeIgniter->run()
#4 {main}
ERROR - 2022-03-30 07:16:01 --> Not unique table/alias: 'code_users'
CRITICAL - 2022-03-30 07:16:01 --> Call to a member function getResult() on bool
#0 C:\xampp\htdocs\asia\codeigniter\rent-a-ride\system\CodeIgniter.php(832): App\Controllers\User->index()
#1 C:\xampp\htdocs\asia\codeigniter\rent-a-ride\system\CodeIgniter.php(419): CodeIgniter\CodeIgniter->runController(Object(App\Controllers\User))
#2 C:\xampp\htdocs\asia\codeigniter\rent-a-ride\system\CodeIgniter.php(326): CodeIgniter\CodeIgniter->handleRequest(NULL, Object(Config\Cache), false)
#3 C:\xampp\htdocs\asia\codeigniter\rent-a-ride\index.php(38): CodeIgniter\CodeIgniter->run()
#4 {main}
ERROR - 2022-03-30 07:16:02 --> Not unique table/alias: 'code_users'
CRITICAL - 2022-03-30 07:16:02 --> Call to a member function getResult() on bool
#0 C:\xampp\htdocs\asia\codeigniter\rent-a-ride\system\CodeIgniter.php(832): App\Controllers\User->index()
#1 C:\xampp\htdocs\asia\codeigniter\rent-a-ride\system\CodeIgniter.php(419): CodeIgniter\CodeIgniter->runController(Object(App\Controllers\User))
#2 C:\xampp\htdocs\asia\codeigniter\rent-a-ride\system\CodeIgniter.php(326): CodeIgniter\CodeIgniter->handleRequest(NULL, Object(Config\Cache), false)
#3 C:\xampp\htdocs\asia\codeigniter\rent-a-ride\index.php(38): CodeIgniter\CodeIgniter->run()
#4 {main}
CRITICAL - 2022-03-30 07:43:03 --> Call to undefined method CodeIgniter\Database\MySQLi\Builder::findAll()
#0 C:\xampp\htdocs\asia\codeigniter\rent-a-ride\system\CodeIgniter.php(832): App\Controllers\User->index()
#1 C:\xampp\htdocs\asia\codeigniter\rent-a-ride\system\CodeIgniter.php(419): CodeIgniter\CodeIgniter->runController(Object(App\Controllers\User))
#2 C:\xampp\htdocs\asia\codeigniter\rent-a-ride\system\CodeIgniter.php(326): CodeIgniter\CodeIgniter->handleRequest(NULL, Object(Config\Cache), false)
#3 C:\xampp\htdocs\asia\codeigniter\rent-a-ride\index.php(38): CodeIgniter\CodeIgniter->run()
#4 {main}
CRITICAL - 2022-03-30 23:49:00 --> mysqli_result::fetch_object(): Argument #1 ($class) must be a valid class name, App\Entities\User given
#0 C:\xampp\htdocs\codeigniter\rent-a-ride\system\Database\MySQLi\Result.php(148): mysqli_result->fetch_object('App\\Entities\\Us...')
#1 C:\xampp\htdocs\codeigniter\rent-a-ride\system\Database\BaseResult.php(149): CodeIgniter\Database\MySQLi\Result->fetchObject('App\\Entities\\Us...')
#2 C:\xampp\htdocs\codeigniter\rent-a-ride\system\Database\BaseResult.php(106): CodeIgniter\Database\BaseResult->getCustomResultObject('App\\Entities\\Us...')
#3 C:\xampp\htdocs\codeigniter\rent-a-ride\system\Model.php(184): CodeIgniter\Database\BaseResult->getResult('App\\Entities\\Us...')
#4 C:\xampp\htdocs\codeigniter\rent-a-ride\system\BaseModel.php(584): CodeIgniter\Model->doFindAll(0, 0)
#5 C:\xampp\htdocs\codeigniter\rent-a-ride\app\Controllers\User.php(29): CodeIgniter\BaseModel->findAll()
#6 C:\xampp\htdocs\codeigniter\rent-a-ride\system\CodeIgniter.php(832): App\Controllers\User->index()
#7 C:\xampp\htdocs\codeigniter\rent-a-ride\system\CodeIgniter.php(419): CodeIgniter\CodeIgniter->runController(Object(App\Controllers\User))
#8 C:\xampp\htdocs\codeigniter\rent-a-ride\system\CodeIgniter.php(326): CodeIgniter\CodeIgniter->handleRequest(NULL, Object(Config\Cache), false)
#9 C:\xampp\htdocs\codeigniter\rent-a-ride\index.php(38): CodeIgniter\CodeIgniter->run()
#10 {main}
CRITICAL - 2022-03-30 23:51:25 --> mysqli_result::fetch_object(): Argument #1 ($class) must be a valid class name, App\Entities\User given
#0 C:\xampp\htdocs\codeigniter\rent-a-ride\system\Database\MySQLi\Result.php(148): mysqli_result->fetch_object('App\\Entities\\Us...')
#1 C:\xampp\htdocs\codeigniter\rent-a-ride\system\Database\BaseResult.php(149): CodeIgniter\Database\MySQLi\Result->fetchObject('App\\Entities\\Us...')
#2 C:\xampp\htdocs\codeigniter\rent-a-ride\system\Database\BaseResult.php(106): CodeIgniter\Database\BaseResult->getCustomResultObject('App\\Entities\\Us...')
#3 C:\xampp\htdocs\codeigniter\rent-a-ride\system\Model.php(184): CodeIgniter\Database\BaseResult->getResult('App\\Entities\\Us...')
#4 C:\xampp\htdocs\codeigniter\rent-a-ride\system\BaseModel.php(584): CodeIgniter\Model->doFindAll(0, 0)
#5 C:\xampp\htdocs\codeigniter\rent-a-ride\app\Controllers\User.php(29): CodeIgniter\BaseModel->findAll()
#6 C:\xampp\htdocs\codeigniter\rent-a-ride\system\CodeIgniter.php(832): App\Controllers\User->index()
#7 C:\xampp\htdocs\codeigniter\rent-a-ride\system\CodeIgniter.php(419): CodeIgniter\CodeIgniter->runController(Object(App\Controllers\User))
#8 C:\xampp\htdocs\codeigniter\rent-a-ride\system\CodeIgniter.php(326): CodeIgniter\CodeIgniter->handleRequest(NULL, Object(Config\Cache), false)
#9 C:\xampp\htdocs\codeigniter\rent-a-ride\index.php(38): CodeIgniter\CodeIgniter->run()
#10 {main}
CRITICAL - 2022-03-30 23:51:26 --> mysqli_result::fetch_object(): Argument #1 ($class) must be a valid class name, App\Entities\User given
#0 C:\xampp\htdocs\codeigniter\rent-a-ride\system\Database\MySQLi\Result.php(148): mysqli_result->fetch_object('App\\Entities\\Us...')
#1 C:\xampp\htdocs\codeigniter\rent-a-ride\system\Database\BaseResult.php(149): CodeIgniter\Database\MySQLi\Result->fetchObject('App\\Entities\\Us...')
#2 C:\xampp\htdocs\codeigniter\rent-a-ride\system\Database\BaseResult.php(106): CodeIgniter\Database\BaseResult->getCustomResultObject('App\\Entities\\Us...')
#3 C:\xampp\htdocs\codeigniter\rent-a-ride\system\Model.php(184): CodeIgniter\Database\BaseResult->getResult('App\\Entities\\Us...')
#4 C:\xampp\htdocs\codeigniter\rent-a-ride\system\BaseModel.php(584): CodeIgniter\Model->doFindAll(0, 0)
#5 C:\xampp\htdocs\codeigniter\rent-a-ride\app\Controllers\User.php(29): CodeIgniter\BaseModel->findAll()
#6 C:\xampp\htdocs\codeigniter\rent-a-ride\system\CodeIgniter.php(832): App\Controllers\User->index()
#7 C:\xampp\htdocs\codeigniter\rent-a-ride\system\CodeIgniter.php(419): CodeIgniter\CodeIgniter->runController(Object(App\Controllers\User))
#8 C:\xampp\htdocs\codeigniter\rent-a-ride\system\CodeIgniter.php(326): CodeIgniter\CodeIgniter->handleRequest(NULL, Object(Config\Cache), false)
#9 C:\xampp\htdocs\codeigniter\rent-a-ride\index.php(38): CodeIgniter\CodeIgniter->run()
#10 {main}
CRITICAL - 2022-03-30 23:53:23 --> Cannot use object of type App\Models\UserModel as array
#0 C:\xampp\htdocs\codeigniter\rent-a-ride\system\CodeIgniter.php(832): App\Controllers\User->index()
#1 C:\xampp\htdocs\codeigniter\rent-a-ride\system\CodeIgniter.php(419): CodeIgniter\CodeIgniter->runController(Object(App\Controllers\User))
#2 C:\xampp\htdocs\codeigniter\rent-a-ride\system\CodeIgniter.php(326): CodeIgniter\CodeIgniter->handleRequest(NULL, Object(Config\Cache), false)
#3 C:\xampp\htdocs\codeigniter\rent-a-ride\index.php(38): CodeIgniter\CodeIgniter->run()
#4 {main}
CRITICAL - 2022-03-30 23:57:14 --> mysqli_result::fetch_object(): Argument #1 ($class) must be a valid class name, App\Entities\User given
#0 C:\xampp\htdocs\codeigniter\rent-a-ride\system\Database\MySQLi\Result.php(148): mysqli_result->fetch_object('App\\Entities\\Us...')
#1 C:\xampp\htdocs\codeigniter\rent-a-ride\system\Database\BaseResult.php(149): CodeIgniter\Database\MySQLi\Result->fetchObject('App\\Entities\\Us...')
#2 C:\xampp\htdocs\codeigniter\rent-a-ride\system\Database\BaseResult.php(106): CodeIgniter\Database\BaseResult->getCustomResultObject('App\\Entities\\Us...')
#3 C:\xampp\htdocs\codeigniter\rent-a-ride\system\Model.php(184): CodeIgniter\Database\BaseResult->getResult('App\\Entities\\Us...')
#4 C:\xampp\htdocs\codeigniter\rent-a-ride\system\BaseModel.php(584): CodeIgniter\Model->doFindAll(0, 0)
#5 C:\xampp\htdocs\codeigniter\rent-a-ride\app\Models\UserModel.php(19): CodeIgniter\BaseModel->findAll()
#6 C:\xampp\htdocs\codeigniter\rent-a-ride\app\Controllers\User.php(20): App\Models\UserModel->allUser()
#7 C:\xampp\htdocs\codeigniter\rent-a-ride\system\CodeIgniter.php(832): App\Controllers\User->index()
#8 C:\xampp\htdocs\codeigniter\rent-a-ride\system\CodeIgniter.php(419): CodeIgniter\CodeIgniter->runController(Object(App\Controllers\User))
#9 C:\xampp\htdocs\codeigniter\rent-a-ride\system\CodeIgniter.php(326): CodeIgniter\CodeIgniter->handleRequest(NULL, Object(Config\Cache), false)
#10 C:\xampp\htdocs\codeigniter\rent-a-ride\index.php(38): CodeIgniter\CodeIgniter->run()
#11 {main}
CRITICAL - 2022-03-30 23:58:01 --> Call to undefined method App\Models\UserModel::getResult
#0 C:\xampp\htdocs\codeigniter\rent-a-ride\app\Models\UserModel.php(19): CodeIgniter\Model->__call('getResult', Array)
#1 C:\xampp\htdocs\codeigniter\rent-a-ride\app\Controllers\User.php(20): App\Models\UserModel->allUser()
#2 C:\xampp\htdocs\codeigniter\rent-a-ride\system\CodeIgniter.php(832): App\Controllers\User->index()
#3 C:\xampp\htdocs\codeigniter\rent-a-ride\system\CodeIgniter.php(419): CodeIgniter\CodeIgniter->runController(Object(App\Controllers\User))
#4 C:\xampp\htdocs\codeigniter\rent-a-ride\system\CodeIgniter.php(326): CodeIgniter\CodeIgniter->handleRequest(NULL, Object(Config\Cache), false)
#5 C:\xampp\htdocs\codeigniter\rent-a-ride\index.php(38): CodeIgniter\CodeIgniter->run()
#6 {main}
