CRITICAL - 2022-03-28 00:39:36 --> Invalid file: pages/user/edit.php
#0 C:\xampp\htdocs\codeigniter\rent-a-ride\system\View\View.php(198): CodeIgniter\Exceptions\FrameworkException::forInvalidFile('pages/user/edit...')
#1 C:\xampp\htdocs\codeigniter\rent-a-ride\system\Common.php(1089): CodeIgniter\View\View->render('pages/user/edit', Array, true)
#2 C:\xampp\htdocs\codeigniter\rent-a-ride\app\Controllers\User.php(66): view('pages/user/edit', Array)
#3 C:\xampp\htdocs\codeigniter\rent-a-ride\system\CodeIgniter.php(832): App\Controllers\User->edit('2')
#4 C:\xampp\htdocs\codeigniter\rent-a-ride\system\CodeIgniter.php(419): CodeIgniter\CodeIgniter->runController(Object(App\Controllers\User))
#5 C:\xampp\htdocs\codeigniter\rent-a-ride\system\CodeIgniter.php(326): CodeIgniter\CodeIgniter->handleRequest(NULL, Object(Config\Cache), false)
#6 C:\xampp\htdocs\codeigniter\rent-a-ride\index.php(38): CodeIgniter\CodeIgniter->run()
#7 {main}
CRITICAL - 2022-03-28 00:39:37 --> Invalid file: pages/user/edit.php
#0 C:\xampp\htdocs\codeigniter\rent-a-ride\system\View\View.php(198): CodeIgniter\Exceptions\FrameworkException::forInvalidFile('pages/user/edit...')
#1 C:\xampp\htdocs\codeigniter\rent-a-ride\system\Common.php(1089): CodeIgniter\View\View->render('pages/user/edit', Array, true)
#2 C:\xampp\htdocs\codeigniter\rent-a-ride\app\Controllers\User.php(66): view('pages/user/edit', Array)
#3 C:\xampp\htdocs\codeigniter\rent-a-ride\system\CodeIgniter.php(832): App\Controllers\User->edit('assets', 'img', 'favicon.png')
#4 C:\xampp\htdocs\codeigniter\rent-a-ride\system\CodeIgniter.php(419): CodeIgniter\CodeIgniter->runController(Object(App\Controllers\User))
#5 C:\xampp\htdocs\codeigniter\rent-a-ride\system\CodeIgniter.php(326): CodeIgniter\CodeIgniter->handleRequest(NULL, Object(Config\Cache), false)
#6 C:\xampp\htdocs\codeigniter\rent-a-ride\index.php(38): CodeIgniter\CodeIgniter->run()
#7 {main}
CRITICAL - 2022-03-28 03:51:27 --> Invalid file: pages/user/edit.php
#0 C:\xampp\htdocs\asia\codeigniter\rent-a-ride\system\View\View.php(198): CodeIgniter\Exceptions\FrameworkException::forInvalidFile('pages/user/edit...')
#1 C:\xampp\htdocs\asia\codeigniter\rent-a-ride\system\Common.php(1089): CodeIgniter\View\View->render('pages/user/edit', Array, true)
#2 C:\xampp\htdocs\asia\codeigniter\rent-a-ride\app\Controllers\User.php(66): view('pages/user/edit', Array)
#3 C:\xampp\htdocs\asia\codeigniter\rent-a-ride\system\CodeIgniter.php(832): App\Controllers\User->edit('1')
#4 C:\xampp\htdocs\asia\codeigniter\rent-a-ride\system\CodeIgniter.php(419): CodeIgniter\CodeIgniter->runController(Object(App\Controllers\User))
#5 C:\xampp\htdocs\asia\codeigniter\rent-a-ride\system\CodeIgniter.php(326): CodeIgniter\CodeIgniter->handleRequest(NULL, Object(Config\Cache), false)
#6 C:\xampp\htdocs\asia\codeigniter\rent-a-ride\index.php(38): CodeIgniter\CodeIgniter->run()
#7 {main}
CRITICAL - 2022-03-28 03:51:27 --> Invalid file: pages/user/edit.php
#0 C:\xampp\htdocs\asia\codeigniter\rent-a-ride\system\View\View.php(198): CodeIgniter\Exceptions\FrameworkException::forInvalidFile('pages/user/edit...')
#1 C:\xampp\htdocs\asia\codeigniter\rent-a-ride\system\Common.php(1089): CodeIgniter\View\View->render('pages/user/edit', Array, true)
#2 C:\xampp\htdocs\asia\codeigniter\rent-a-ride\app\Controllers\User.php(66): view('pages/user/edit', Array)
#3 C:\xampp\htdocs\asia\codeigniter\rent-a-ride\system\CodeIgniter.php(832): App\Controllers\User->edit('assets', 'img', 'favicon.png')
#4 C:\xampp\htdocs\asia\codeigniter\rent-a-ride\system\CodeIgniter.php(419): CodeIgniter\CodeIgniter->runController(Object(App\Controllers\User))
#5 C:\xampp\htdocs\asia\codeigniter\rent-a-ride\system\CodeIgniter.php(326): CodeIgniter\CodeIgniter->handleRequest(NULL, Object(Config\Cache), false)
#6 C:\xampp\htdocs\asia\codeigniter\rent-a-ride\index.php(38): CodeIgniter\CodeIgniter->run()
#7 {main}
CRITICAL - 2022-03-28 04:06:37 --> Trying to access array offset on value of type null
#0 C:\xampp\htdocs\asia\codeigniter\rent-a-ride\app\Views\pages\user\edit.php(24): CodeIgniter\Debug\Exceptions->errorHandler(2, 'Trying to acces...', 'C:\\xampp\\htdocs...', 24)
#1 C:\xampp\htdocs\asia\codeigniter\rent-a-ride\system\View\View.php(210): include('C:\\xampp\\htdocs...')
#2 C:\xampp\htdocs\asia\codeigniter\rent-a-ride\system\View\View.php(213): CodeIgniter\View\View->CodeIgniter\View\{closure}()
#3 C:\xampp\htdocs\asia\codeigniter\rent-a-ride\system\Common.php(1089): CodeIgniter\View\View->render('pages/user/edit', Array, true)
#4 C:\xampp\htdocs\asia\codeigniter\rent-a-ride\app\Controllers\User.php(66): view('pages/user/edit', Array)
#5 C:\xampp\htdocs\asia\codeigniter\rent-a-ride\system\CodeIgniter.php(832): App\Controllers\User->edit('assets', 'img', 'favicon.png')
#6 C:\xampp\htdocs\asia\codeigniter\rent-a-ride\system\CodeIgniter.php(419): CodeIgniter\CodeIgniter->runController(Object(App\Controllers\User))
#7 C:\xampp\htdocs\asia\codeigniter\rent-a-ride\system\CodeIgniter.php(326): CodeIgniter\CodeIgniter->handleRequest(NULL, Object(Config\Cache), false)
#8 C:\xampp\htdocs\asia\codeigniter\rent-a-ride\index.php(38): CodeIgniter\CodeIgniter->run()
#9 {main}
CRITICAL - 2022-03-28 04:07:00 --> Trying to access array offset on value of type null
#0 C:\xampp\htdocs\asia\codeigniter\rent-a-ride\app\Views\pages\user\edit.php(24): CodeIgniter\Debug\Exceptions->errorHandler(2, 'Trying to acces...', 'C:\\xampp\\htdocs...', 24)
#1 C:\xampp\htdocs\asia\codeigniter\rent-a-ride\system\View\View.php(210): include('C:\\xampp\\htdocs...')
#2 C:\xampp\htdocs\asia\codeigniter\rent-a-ride\system\View\View.php(213): CodeIgniter\View\View->CodeIgniter\View\{closure}()
#3 C:\xampp\htdocs\asia\codeigniter\rent-a-ride\system\Common.php(1089): CodeIgniter\View\View->render('pages/user/edit', Array, true)
#4 C:\xampp\htdocs\asia\codeigniter\rent-a-ride\app\Controllers\User.php(66): view('pages/user/edit', Array)
#5 C:\xampp\htdocs\asia\codeigniter\rent-a-ride\system\CodeIgniter.php(832): App\Controllers\User->edit('assets', 'img', 'favicon.png')
#6 C:\xampp\htdocs\asia\codeigniter\rent-a-ride\system\CodeIgniter.php(419): CodeIgniter\CodeIgniter->runController(Object(App\Controllers\User))
#7 C:\xampp\htdocs\asia\codeigniter\rent-a-ride\system\CodeIgniter.php(326): CodeIgniter\CodeIgniter->handleRequest(NULL, Object(Config\Cache), false)
#8 C:\xampp\htdocs\asia\codeigniter\rent-a-ride\index.php(38): CodeIgniter\CodeIgniter->run()
#9 {main}
CRITICAL - 2022-03-28 04:12:35 --> Trying to access array offset on value of type null
#0 C:\xampp\htdocs\asia\codeigniter\rent-a-ride\app\Views\pages\user\edit.php(21): CodeIgniter\Debug\Exceptions->errorHandler(2, 'Trying to acces...', 'C:\\xampp\\htdocs...', 21)
#1 C:\xampp\htdocs\asia\codeigniter\rent-a-ride\system\View\View.php(210): include('C:\\xampp\\htdocs...')
#2 C:\xampp\htdocs\asia\codeigniter\rent-a-ride\system\View\View.php(213): CodeIgniter\View\View->CodeIgniter\View\{closure}()
#3 C:\xampp\htdocs\asia\codeigniter\rent-a-ride\system\Common.php(1089): CodeIgniter\View\View->render('pages/user/edit', Array, true)
#4 C:\xampp\htdocs\asia\codeigniter\rent-a-ride\app\Controllers\User.php(66): view('pages/user/edit', Array)
#5 C:\xampp\htdocs\asia\codeigniter\rent-a-ride\system\CodeIgniter.php(832): App\Controllers\User->edit('assets', 'img', 'favicon.png')
#6 C:\xampp\htdocs\asia\codeigniter\rent-a-ride\system\CodeIgniter.php(419): CodeIgniter\CodeIgniter->runController(Object(App\Controllers\User))
#7 C:\xampp\htdocs\asia\codeigniter\rent-a-ride\system\CodeIgniter.php(326): CodeIgniter\CodeIgniter->handleRequest(NULL, Object(Config\Cache), false)
#8 C:\xampp\htdocs\asia\codeigniter\rent-a-ride\index.php(38): CodeIgniter\CodeIgniter->run()
#9 {main}
CRITICAL - 2022-03-28 04:12:40 --> Trying to access array offset on value of type null
#0 C:\xampp\htdocs\asia\codeigniter\rent-a-ride\app\Views\pages\user\edit.php(21): CodeIgniter\Debug\Exceptions->errorHandler(2, 'Trying to acces...', 'C:\\xampp\\htdocs...', 21)
#1 C:\xampp\htdocs\asia\codeigniter\rent-a-ride\system\View\View.php(210): include('C:\\xampp\\htdocs...')
#2 C:\xampp\htdocs\asia\codeigniter\rent-a-ride\system\View\View.php(213): CodeIgniter\View\View->CodeIgniter\View\{closure}()
#3 C:\xampp\htdocs\asia\codeigniter\rent-a-ride\system\Common.php(1089): CodeIgniter\View\View->render('pages/user/edit', Array, true)
#4 C:\xampp\htdocs\asia\codeigniter\rent-a-ride\app\Controllers\User.php(66): view('pages/user/edit', Array)
#5 C:\xampp\htdocs\asia\codeigniter\rent-a-ride\system\CodeIgniter.php(832): App\Controllers\User->edit('assets', 'img', 'favicon.png')
#6 C:\xampp\htdocs\asia\codeigniter\rent-a-ride\system\CodeIgniter.php(419): CodeIgniter\CodeIgniter->runController(Object(App\Controllers\User))
#7 C:\xampp\htdocs\asia\codeigniter\rent-a-ride\system\CodeIgniter.php(326): CodeIgniter\CodeIgniter->handleRequest(NULL, Object(Config\Cache), false)
#8 C:\xampp\htdocs\asia\codeigniter\rent-a-ride\index.php(38): CodeIgniter\CodeIgniter->run()
#9 {main}
CRITICAL - 2022-03-28 04:13:52 --> Trying to access array offset on value of type null
#0 C:\xampp\htdocs\asia\codeigniter\rent-a-ride\app\Views\pages\user\edit.php(21): CodeIgniter\Debug\Exceptions->errorHandler(2, 'Trying to acces...', 'C:\\xampp\\htdocs...', 21)
#1 C:\xampp\htdocs\asia\codeigniter\rent-a-ride\system\View\View.php(210): include('C:\\xampp\\htdocs...')
#2 C:\xampp\htdocs\asia\codeigniter\rent-a-ride\system\View\View.php(213): CodeIgniter\View\View->CodeIgniter\View\{closure}()
#3 C:\xampp\htdocs\asia\codeigniter\rent-a-ride\system\Common.php(1089): CodeIgniter\View\View->render('pages/user/edit', Array, true)
#4 C:\xampp\htdocs\asia\codeigniter\rent-a-ride\app\Controllers\User.php(66): view('pages/user/edit', Array)
#5 C:\xampp\htdocs\asia\codeigniter\rent-a-ride\system\CodeIgniter.php(832): App\Controllers\User->edit('assets', 'img', 'favicon.png')
#6 C:\xampp\htdocs\asia\codeigniter\rent-a-ride\system\CodeIgniter.php(419): CodeIgniter\CodeIgniter->runController(Object(App\Controllers\User))
#7 C:\xampp\htdocs\asia\codeigniter\rent-a-ride\system\CodeIgniter.php(326): CodeIgniter\CodeIgniter->handleRequest(NULL, Object(Config\Cache), false)
#8 C:\xampp\htdocs\asia\codeigniter\rent-a-ride\index.php(38): CodeIgniter\CodeIgniter->run()
#9 {main}
CRITICAL - 2022-03-28 04:14:14 --> Trying to access array offset on value of type null
#0 C:\xampp\htdocs\asia\codeigniter\rent-a-ride\app\Views\pages\user\edit.php(21): CodeIgniter\Debug\Exceptions->errorHandler(2, 'Trying to acces...', 'C:\\xampp\\htdocs...', 21)
#1 C:\xampp\htdocs\asia\codeigniter\rent-a-ride\system\View\View.php(210): include('C:\\xampp\\htdocs...')
#2 C:\xampp\htdocs\asia\codeigniter\rent-a-ride\system\View\View.php(213): CodeIgniter\View\View->CodeIgniter\View\{closure}()
#3 C:\xampp\htdocs\asia\codeigniter\rent-a-ride\system\Common.php(1089): CodeIgniter\View\View->render('pages/user/edit', Array, true)
#4 C:\xampp\htdocs\asia\codeigniter\rent-a-ride\app\Controllers\User.php(66): view('pages/user/edit', Array)
#5 C:\xampp\htdocs\asia\codeigniter\rent-a-ride\system\CodeIgniter.php(832): App\Controllers\User->edit('assets', 'img', 'favicon.png')
#6 C:\xampp\htdocs\asia\codeigniter\rent-a-ride\system\CodeIgniter.php(419): CodeIgniter\CodeIgniter->runController(Object(App\Controllers\User))
#7 C:\xampp\htdocs\asia\codeigniter\rent-a-ride\system\CodeIgniter.php(326): CodeIgniter\CodeIgniter->handleRequest(NULL, Object(Config\Cache), false)
#8 C:\xampp\htdocs\asia\codeigniter\rent-a-ride\index.php(38): CodeIgniter\CodeIgniter->run()
#9 {main}
ERROR - 2022-03-28 04:14:20 --> Duplicate entry '0124654' for key 'mobile'
CRITICAL - 2022-03-28 04:14:26 --> Trying to access array offset on value of type null
#0 C:\xampp\htdocs\asia\codeigniter\rent-a-ride\app\Views\pages\user\edit.php(21): CodeIgniter\Debug\Exceptions->errorHandler(2, 'Trying to acces...', 'C:\\xampp\\htdocs...', 21)
#1 C:\xampp\htdocs\asia\codeigniter\rent-a-ride\system\View\View.php(210): include('C:\\xampp\\htdocs...')
#2 C:\xampp\htdocs\asia\codeigniter\rent-a-ride\system\View\View.php(213): CodeIgniter\View\View->CodeIgniter\View\{closure}()
#3 C:\xampp\htdocs\asia\codeigniter\rent-a-ride\system\Common.php(1089): CodeIgniter\View\View->render('pages/user/edit', Array, true)
#4 C:\xampp\htdocs\asia\codeigniter\rent-a-ride\app\Controllers\User.php(66): view('pages/user/edit', Array)
#5 C:\xampp\htdocs\asia\codeigniter\rent-a-ride\system\CodeIgniter.php(832): App\Controllers\User->edit('assets', 'img', 'favicon.png')
#6 C:\xampp\htdocs\asia\codeigniter\rent-a-ride\system\CodeIgniter.php(419): CodeIgniter\CodeIgniter->runController(Object(App\Controllers\User))
#7 C:\xampp\htdocs\asia\codeigniter\rent-a-ride\system\CodeIgniter.php(326): CodeIgniter\CodeIgniter->handleRequest(NULL, Object(Config\Cache), false)
#8 C:\xampp\htdocs\asia\codeigniter\rent-a-ride\index.php(38): CodeIgniter\CodeIgniter->run()
#9 {main}
ERROR - 2022-03-28 04:14:29 --> Duplicate entry '0124654' for key 'mobile'
CRITICAL - 2022-03-28 04:16:11 --> Trying to access array offset on value of type null
#0 C:\xampp\htdocs\asia\codeigniter\rent-a-ride\app\Views\pages\user\edit.php(21): CodeIgniter\Debug\Exceptions->errorHandler(2, 'Trying to acces...', 'C:\\xampp\\htdocs...', 21)
#1 C:\xampp\htdocs\asia\codeigniter\rent-a-ride\system\View\View.php(210): include('C:\\xampp\\htdocs...')
#2 C:\xampp\htdocs\asia\codeigniter\rent-a-ride\system\View\View.php(213): CodeIgniter\View\View->CodeIgniter\View\{closure}()
#3 C:\xampp\htdocs\asia\codeigniter\rent-a-ride\system\Common.php(1089): CodeIgniter\View\View->render('pages/user/edit', Array, true)
#4 C:\xampp\htdocs\asia\codeigniter\rent-a-ride\app\Controllers\User.php(66): view('pages/user/edit', Array)
#5 C:\xampp\htdocs\asia\codeigniter\rent-a-ride\system\CodeIgniter.php(832): App\Controllers\User->edit('assets', 'img', 'favicon.png')
#6 C:\xampp\htdocs\asia\codeigniter\rent-a-ride\system\CodeIgniter.php(419): CodeIgniter\CodeIgniter->runController(Object(App\Controllers\User))
#7 C:\xampp\htdocs\asia\codeigniter\rent-a-ride\system\CodeIgniter.php(326): CodeIgniter\CodeIgniter->handleRequest(NULL, Object(Config\Cache), false)
#8 C:\xampp\htdocs\asia\codeigniter\rent-a-ride\index.php(38): CodeIgniter\CodeIgniter->run()
#9 {main}
CRITICAL - 2022-03-28 04:16:17 --> Trying to access array offset on value of type null
#0 C:\xampp\htdocs\asia\codeigniter\rent-a-ride\app\Views\pages\user\edit.php(21): CodeIgniter\Debug\Exceptions->errorHandler(2, 'Trying to acces...', 'C:\\xampp\\htdocs...', 21)
#1 C:\xampp\htdocs\asia\codeigniter\rent-a-ride\system\View\View.php(210): include('C:\\xampp\\htdocs...')
#2 C:\xampp\htdocs\asia\codeigniter\rent-a-ride\system\View\View.php(213): CodeIgniter\View\View->CodeIgniter\View\{closure}()
#3 C:\xampp\htdocs\asia\codeigniter\rent-a-ride\system\Common.php(1089): CodeIgniter\View\View->render('pages/user/edit', Array, true)
#4 C:\xampp\htdocs\asia\codeigniter\rent-a-ride\app\Controllers\User.php(66): view('pages/user/edit', Array)
#5 C:\xampp\htdocs\asia\codeigniter\rent-a-ride\system\CodeIgniter.php(832): App\Controllers\User->edit('assets', 'img', 'favicon.png')
#6 C:\xampp\htdocs\asia\codeigniter\rent-a-ride\system\CodeIgniter.php(419): CodeIgniter\CodeIgniter->runController(Object(App\Controllers\User))
#7 C:\xampp\htdocs\asia\codeigniter\rent-a-ride\system\CodeIgniter.php(326): CodeIgniter\CodeIgniter->handleRequest(NULL, Object(Config\Cache), false)
#8 C:\xampp\htdocs\asia\codeigniter\rent-a-ride\index.php(38): CodeIgniter\CodeIgniter->run()
#9 {main}
CRITICAL - 2022-03-28 04:16:26 --> Trying to access array offset on value of type null
#0 C:\xampp\htdocs\asia\codeigniter\rent-a-ride\app\Views\pages\user\edit.php(21): CodeIgniter\Debug\Exceptions->errorHandler(2, 'Trying to acces...', 'C:\\xampp\\htdocs...', 21)
#1 C:\xampp\htdocs\asia\codeigniter\rent-a-ride\system\View\View.php(210): include('C:\\xampp\\htdocs...')
#2 C:\xampp\htdocs\asia\codeigniter\rent-a-ride\system\View\View.php(213): CodeIgniter\View\View->CodeIgniter\View\{closure}()
#3 C:\xampp\htdocs\asia\codeigniter\rent-a-ride\system\Common.php(1089): CodeIgniter\View\View->render('pages/user/edit', Array, true)
#4 C:\xampp\htdocs\asia\codeigniter\rent-a-ride\app\Controllers\User.php(66): view('pages/user/edit', Array)
#5 C:\xampp\htdocs\asia\codeigniter\rent-a-ride\system\CodeIgniter.php(832): App\Controllers\User->edit('assets', 'img', 'favicon.png')
#6 C:\xampp\htdocs\asia\codeigniter\rent-a-ride\system\CodeIgniter.php(419): CodeIgniter\CodeIgniter->runController(Object(App\Controllers\User))
#7 C:\xampp\htdocs\asia\codeigniter\rent-a-ride\system\CodeIgniter.php(326): CodeIgniter\CodeIgniter->handleRequest(NULL, Object(Config\Cache), false)
#8 C:\xampp\htdocs\asia\codeigniter\rent-a-ride\index.php(38): CodeIgniter\CodeIgniter->run()
#9 {main}
CRITICAL - 2022-03-28 04:23:18 --> Trying to access array offset on value of type null
#0 C:\xampp\htdocs\asia\codeigniter\rent-a-ride\app\Views\pages\user\edit.php(21): CodeIgniter\Debug\Exceptions->errorHandler(2, 'Trying to acces...', 'C:\\xampp\\htdocs...', 21)
#1 C:\xampp\htdocs\asia\codeigniter\rent-a-ride\system\View\View.php(210): include('C:\\xampp\\htdocs...')
#2 C:\xampp\htdocs\asia\codeigniter\rent-a-ride\system\View\View.php(213): CodeIgniter\View\View->CodeIgniter\View\{closure}()
#3 C:\xampp\htdocs\asia\codeigniter\rent-a-ride\system\Common.php(1089): CodeIgniter\View\View->render('pages/user/edit', Array, true)
#4 C:\xampp\htdocs\asia\codeigniter\rent-a-ride\app\Controllers\User.php(66): view('pages/user/edit', Array)
#5 C:\xampp\htdocs\asia\codeigniter\rent-a-ride\system\CodeIgniter.php(832): App\Controllers\User->edit('assets', 'img', 'favicon.png')
#6 C:\xampp\htdocs\asia\codeigniter\rent-a-ride\system\CodeIgniter.php(419): CodeIgniter\CodeIgniter->runController(Object(App\Controllers\User))
#7 C:\xampp\htdocs\asia\codeigniter\rent-a-ride\system\CodeIgniter.php(326): CodeIgniter\CodeIgniter->handleRequest(NULL, Object(Config\Cache), false)
#8 C:\xampp\htdocs\asia\codeigniter\rent-a-ride\index.php(38): CodeIgniter\CodeIgniter->run()
#9 {main}
CRITICAL - 2022-03-28 04:23:25 --> Undefined variable $name
#0 C:\xampp\htdocs\asia\codeigniter\rent-a-ride\app\Controllers\User.php(87): CodeIgniter\Debug\Exceptions->errorHandler(2, 'Undefined varia...', 'C:\\xampp\\htdocs...', 87)
#1 C:\xampp\htdocs\asia\codeigniter\rent-a-ride\system\CodeIgniter.php(832): App\Controllers\User->update()
#2 C:\xampp\htdocs\asia\codeigniter\rent-a-ride\system\CodeIgniter.php(419): CodeIgniter\CodeIgniter->runController(Object(App\Controllers\User))
#3 C:\xampp\htdocs\asia\codeigniter\rent-a-ride\system\CodeIgniter.php(326): CodeIgniter\CodeIgniter->handleRequest(NULL, Object(Config\Cache), false)
#4 C:\xampp\htdocs\asia\codeigniter\rent-a-ride\index.php(38): CodeIgniter\CodeIgniter->run()
#5 {main}
CRITICAL - 2022-03-28 04:23:55 --> Trying to access array offset on value of type null
#0 C:\xampp\htdocs\asia\codeigniter\rent-a-ride\app\Views\pages\user\edit.php(21): CodeIgniter\Debug\Exceptions->errorHandler(2, 'Trying to acces...', 'C:\\xampp\\htdocs...', 21)
#1 C:\xampp\htdocs\asia\codeigniter\rent-a-ride\system\View\View.php(210): include('C:\\xampp\\htdocs...')
#2 C:\xampp\htdocs\asia\codeigniter\rent-a-ride\system\View\View.php(213): CodeIgniter\View\View->CodeIgniter\View\{closure}()
#3 C:\xampp\htdocs\asia\codeigniter\rent-a-ride\system\Common.php(1089): CodeIgniter\View\View->render('pages/user/edit', Array, true)
#4 C:\xampp\htdocs\asia\codeigniter\rent-a-ride\app\Controllers\User.php(66): view('pages/user/edit', Array)
#5 C:\xampp\htdocs\asia\codeigniter\rent-a-ride\system\CodeIgniter.php(832): App\Controllers\User->edit('assets', 'img', 'favicon.png')
#6 C:\xampp\htdocs\asia\codeigniter\rent-a-ride\system\CodeIgniter.php(419): CodeIgniter\CodeIgniter->runController(Object(App\Controllers\User))
#7 C:\xampp\htdocs\asia\codeigniter\rent-a-ride\system\CodeIgniter.php(326): CodeIgniter\CodeIgniter->handleRequest(NULL, Object(Config\Cache), false)
#8 C:\xampp\htdocs\asia\codeigniter\rent-a-ride\index.php(38): CodeIgniter\CodeIgniter->run()
#9 {main}
CRITICAL - 2022-03-28 04:24:01 --> Trying to access array offset on value of type null
#0 C:\xampp\htdocs\asia\codeigniter\rent-a-ride\app\Views\pages\user\edit.php(21): CodeIgniter\Debug\Exceptions->errorHandler(2, 'Trying to acces...', 'C:\\xampp\\htdocs...', 21)
#1 C:\xampp\htdocs\asia\codeigniter\rent-a-ride\system\View\View.php(210): include('C:\\xampp\\htdocs...')
#2 C:\xampp\htdocs\asia\codeigniter\rent-a-ride\system\View\View.php(213): CodeIgniter\View\View->CodeIgniter\View\{closure}()
#3 C:\xampp\htdocs\asia\codeigniter\rent-a-ride\system\Common.php(1089): CodeIgniter\View\View->render('pages/user/edit', Array, true)
#4 C:\xampp\htdocs\asia\codeigniter\rent-a-ride\app\Controllers\User.php(66): view('pages/user/edit', Array)
#5 C:\xampp\htdocs\asia\codeigniter\rent-a-ride\system\CodeIgniter.php(832): App\Controllers\User->edit('assets', 'img', 'favicon.png')
#6 C:\xampp\htdocs\asia\codeigniter\rent-a-ride\system\CodeIgniter.php(419): CodeIgniter\CodeIgniter->runController(Object(App\Controllers\User))
#7 C:\xampp\htdocs\asia\codeigniter\rent-a-ride\system\CodeIgniter.php(326): CodeIgniter\CodeIgniter->handleRequest(NULL, Object(Config\Cache), false)
#8 C:\xampp\htdocs\asia\codeigniter\rent-a-ride\index.php(38): CodeIgniter\CodeIgniter->run()
#9 {main}
CRITICAL - 2022-03-28 04:24:09 --> Trying to access array offset on value of type null
#0 C:\xampp\htdocs\asia\codeigniter\rent-a-ride\app\Views\pages\user\edit.php(21): CodeIgniter\Debug\Exceptions->errorHandler(2, 'Trying to acces...', 'C:\\xampp\\htdocs...', 21)
#1 C:\xampp\htdocs\asia\codeigniter\rent-a-ride\system\View\View.php(210): include('C:\\xampp\\htdocs...')
#2 C:\xampp\htdocs\asia\codeigniter\rent-a-ride\system\View\View.php(213): CodeIgniter\View\View->CodeIgniter\View\{closure}()
#3 C:\xampp\htdocs\asia\codeigniter\rent-a-ride\system\Common.php(1089): CodeIgniter\View\View->render('pages/user/edit', Array, true)
#4 C:\xampp\htdocs\asia\codeigniter\rent-a-ride\app\Controllers\User.php(66): view('pages/user/edit', Array)
#5 C:\xampp\htdocs\asia\codeigniter\rent-a-ride\system\CodeIgniter.php(832): App\Controllers\User->edit('assets', 'img', 'favicon.png')
#6 C:\xampp\htdocs\asia\codeigniter\rent-a-ride\system\CodeIgniter.php(419): CodeIgniter\CodeIgniter->runController(Object(App\Controllers\User))
#7 C:\xampp\htdocs\asia\codeigniter\rent-a-ride\system\CodeIgniter.php(326): CodeIgniter\CodeIgniter->handleRequest(NULL, Object(Config\Cache), false)
#8 C:\xampp\htdocs\asia\codeigniter\rent-a-ride\index.php(38): CodeIgniter\CodeIgniter->run()
#9 {main}
CRITICAL - 2022-03-28 04:25:33 --> Trying to access array offset on value of type null
#0 C:\xampp\htdocs\asia\codeigniter\rent-a-ride\app\Views\pages\user\edit.php(21): CodeIgniter\Debug\Exceptions->errorHandler(2, 'Trying to acces...', 'C:\\xampp\\htdocs...', 21)
#1 C:\xampp\htdocs\asia\codeigniter\rent-a-ride\system\View\View.php(210): include('C:\\xampp\\htdocs...')
#2 C:\xampp\htdocs\asia\codeigniter\rent-a-ride\system\View\View.php(213): CodeIgniter\View\View->CodeIgniter\View\{closure}()
#3 C:\xampp\htdocs\asia\codeigniter\rent-a-ride\system\Common.php(1089): CodeIgniter\View\View->render('pages/user/edit', Array, true)
#4 C:\xampp\htdocs\asia\codeigniter\rent-a-ride\app\Controllers\User.php(66): view('pages/user/edit', Array)
#5 C:\xampp\htdocs\asia\codeigniter\rent-a-ride\system\CodeIgniter.php(832): App\Controllers\User->edit('assets', 'img', 'favicon.png')
#6 C:\xampp\htdocs\asia\codeigniter\rent-a-ride\system\CodeIgniter.php(419): CodeIgniter\CodeIgniter->runController(Object(App\Controllers\User))
#7 C:\xampp\htdocs\asia\codeigniter\rent-a-ride\system\CodeIgniter.php(326): CodeIgniter\CodeIgniter->handleRequest(NULL, Object(Config\Cache), false)
#8 C:\xampp\htdocs\asia\codeigniter\rent-a-ride\index.php(38): CodeIgniter\CodeIgniter->run()
#9 {main}
CRITICAL - 2022-03-28 04:25:37 --> Trying to access array offset on value of type null
#0 C:\xampp\htdocs\asia\codeigniter\rent-a-ride\app\Views\pages\user\edit.php(21): CodeIgniter\Debug\Exceptions->errorHandler(2, 'Trying to acces...', 'C:\\xampp\\htdocs...', 21)
#1 C:\xampp\htdocs\asia\codeigniter\rent-a-ride\system\View\View.php(210): include('C:\\xampp\\htdocs...')
#2 C:\xampp\htdocs\asia\codeigniter\rent-a-ride\system\View\View.php(213): CodeIgniter\View\View->CodeIgniter\View\{closure}()
#3 C:\xampp\htdocs\asia\codeigniter\rent-a-ride\system\Common.php(1089): CodeIgniter\View\View->render('pages/user/edit', Array, true)
#4 C:\xampp\htdocs\asia\codeigniter\rent-a-ride\app\Controllers\User.php(66): view('pages/user/edit', Array)
#5 C:\xampp\htdocs\asia\codeigniter\rent-a-ride\system\CodeIgniter.php(832): App\Controllers\User->edit('assets', 'img', 'favicon.png')
#6 C:\xampp\htdocs\asia\codeigniter\rent-a-ride\system\CodeIgniter.php(419): CodeIgniter\CodeIgniter->runController(Object(App\Controllers\User))
#7 C:\xampp\htdocs\asia\codeigniter\rent-a-ride\system\CodeIgniter.php(326): CodeIgniter\CodeIgniter->handleRequest(NULL, Object(Config\Cache), false)
#8 C:\xampp\htdocs\asia\codeigniter\rent-a-ride\index.php(38): CodeIgniter\CodeIgniter->run()
#9 {main}
CRITICAL - 2022-03-28 04:25:41 --> Trying to access array offset on value of type null
#0 C:\xampp\htdocs\asia\codeigniter\rent-a-ride\app\Views\pages\user\edit.php(21): CodeIgniter\Debug\Exceptions->errorHandler(2, 'Trying to acces...', 'C:\\xampp\\htdocs...', 21)
#1 C:\xampp\htdocs\asia\codeigniter\rent-a-ride\system\View\View.php(210): include('C:\\xampp\\htdocs...')
#2 C:\xampp\htdocs\asia\codeigniter\rent-a-ride\system\View\View.php(213): CodeIgniter\View\View->CodeIgniter\View\{closure}()
#3 C:\xampp\htdocs\asia\codeigniter\rent-a-ride\system\Common.php(1089): CodeIgniter\View\View->render('pages/user/edit', Array, true)
#4 C:\xampp\htdocs\asia\codeigniter\rent-a-ride\app\Controllers\User.php(66): view('pages/user/edit', Array)
#5 C:\xampp\htdocs\asia\codeigniter\rent-a-ride\system\CodeIgniter.php(832): App\Controllers\User->edit('assets', 'img', 'favicon.png')
#6 C:\xampp\htdocs\asia\codeigniter\rent-a-ride\system\CodeIgniter.php(419): CodeIgniter\CodeIgniter->runController(Object(App\Controllers\User))
#7 C:\xampp\htdocs\asia\codeigniter\rent-a-ride\system\CodeIgniter.php(326): CodeIgniter\CodeIgniter->handleRequest(NULL, Object(Config\Cache), false)
#8 C:\xampp\htdocs\asia\codeigniter\rent-a-ride\index.php(38): CodeIgniter\CodeIgniter->run()
#9 {main}
CRITICAL - 2022-03-28 04:25:42 --> Trying to access array offset on value of type null
#0 C:\xampp\htdocs\asia\codeigniter\rent-a-ride\app\Views\pages\user\edit.php(21): CodeIgniter\Debug\Exceptions->errorHandler(2, 'Trying to acces...', 'C:\\xampp\\htdocs...', 21)
#1 C:\xampp\htdocs\asia\codeigniter\rent-a-ride\system\View\View.php(210): include('C:\\xampp\\htdocs...')
#2 C:\xampp\htdocs\asia\codeigniter\rent-a-ride\system\View\View.php(213): CodeIgniter\View\View->CodeIgniter\View\{closure}()
#3 C:\xampp\htdocs\asia\codeigniter\rent-a-ride\system\Common.php(1089): CodeIgniter\View\View->render('pages/user/edit', Array, true)
#4 C:\xampp\htdocs\asia\codeigniter\rent-a-ride\app\Controllers\User.php(66): view('pages/user/edit', Array)
#5 C:\xampp\htdocs\asia\codeigniter\rent-a-ride\system\CodeIgniter.php(832): App\Controllers\User->edit('assets', 'img', 'favicon.png')
#6 C:\xampp\htdocs\asia\codeigniter\rent-a-ride\system\CodeIgniter.php(419): CodeIgniter\CodeIgniter->runController(Object(App\Controllers\User))
#7 C:\xampp\htdocs\asia\codeigniter\rent-a-ride\system\CodeIgniter.php(326): CodeIgniter\CodeIgniter->handleRequest(NULL, Object(Config\Cache), false)
#8 C:\xampp\htdocs\asia\codeigniter\rent-a-ride\index.php(38): CodeIgniter\CodeIgniter->run()
#9 {main}
CRITICAL - 2022-03-28 04:26:13 --> Trying to access array offset on value of type null
#0 C:\xampp\htdocs\asia\codeigniter\rent-a-ride\app\Views\pages\user\edit.php(21): CodeIgniter\Debug\Exceptions->errorHandler(2, 'Trying to acces...', 'C:\\xampp\\htdocs...', 21)
#1 C:\xampp\htdocs\asia\codeigniter\rent-a-ride\system\View\View.php(210): include('C:\\xampp\\htdocs...')
#2 C:\xampp\htdocs\asia\codeigniter\rent-a-ride\system\View\View.php(213): CodeIgniter\View\View->CodeIgniter\View\{closure}()
#3 C:\xampp\htdocs\asia\codeigniter\rent-a-ride\system\Common.php(1089): CodeIgniter\View\View->render('pages/user/edit', Array, true)
#4 C:\xampp\htdocs\asia\codeigniter\rent-a-ride\app\Controllers\User.php(66): view('pages/user/edit', Array)
#5 C:\xampp\htdocs\asia\codeigniter\rent-a-ride\system\CodeIgniter.php(832): App\Controllers\User->edit('assets', 'img', 'favicon.png')
#6 C:\xampp\htdocs\asia\codeigniter\rent-a-ride\system\CodeIgniter.php(419): CodeIgniter\CodeIgniter->runController(Object(App\Controllers\User))
#7 C:\xampp\htdocs\asia\codeigniter\rent-a-ride\system\CodeIgniter.php(326): CodeIgniter\CodeIgniter->handleRequest(NULL, Object(Config\Cache), false)
#8 C:\xampp\htdocs\asia\codeigniter\rent-a-ride\index.php(38): CodeIgniter\CodeIgniter->run()
#9 {main}
CRITICAL - 2022-03-28 05:12:00 --> Trying to access array offset on value of type null
#0 C:\xampp\htdocs\asia\codeigniter\rent-a-ride\app\Views\pages\user\details.php(22): CodeIgniter\Debug\Exceptions->errorHandler(2, 'Trying to acces...', 'C:\\xampp\\htdocs...', 22)
#1 C:\xampp\htdocs\asia\codeigniter\rent-a-ride\system\View\View.php(210): include('C:\\xampp\\htdocs...')
#2 C:\xampp\htdocs\asia\codeigniter\rent-a-ride\system\View\View.php(213): CodeIgniter\View\View->CodeIgniter\View\{closure}()
#3 C:\xampp\htdocs\asia\codeigniter\rent-a-ride\system\Common.php(1089): CodeIgniter\View\View->render('pages/user/deta...', Array, true)
#4 C:\xampp\htdocs\asia\codeigniter\rent-a-ride\app\Controllers\User.php(49): view('pages/user/deta...', Array)
#5 C:\xampp\htdocs\asia\codeigniter\rent-a-ride\system\CodeIgniter.php(832): App\Controllers\User->details('assets', 'img', 'favicon.png')
#6 C:\xampp\htdocs\asia\codeigniter\rent-a-ride\system\CodeIgniter.php(419): CodeIgniter\CodeIgniter->runController(Object(App\Controllers\User))
#7 C:\xampp\htdocs\asia\codeigniter\rent-a-ride\system\CodeIgniter.php(326): CodeIgniter\CodeIgniter->handleRequest(NULL, Object(Config\Cache), false)
#8 C:\xampp\htdocs\asia\codeigniter\rent-a-ride\index.php(38): CodeIgniter\CodeIgniter->run()
#9 {main}
CRITICAL - 2022-03-28 05:12:28 --> Trying to access array offset on value of type null
#0 C:\xampp\htdocs\asia\codeigniter\rent-a-ride\app\Views\pages\user\details.php(22): CodeIgniter\Debug\Exceptions->errorHandler(2, 'Trying to acces...', 'C:\\xampp\\htdocs...', 22)
#1 C:\xampp\htdocs\asia\codeigniter\rent-a-ride\system\View\View.php(210): include('C:\\xampp\\htdocs...')
#2 C:\xampp\htdocs\asia\codeigniter\rent-a-ride\system\View\View.php(213): CodeIgniter\View\View->CodeIgniter\View\{closure}()
#3 C:\xampp\htdocs\asia\codeigniter\rent-a-ride\system\Common.php(1089): CodeIgniter\View\View->render('pages/user/deta...', Array, true)
#4 C:\xampp\htdocs\asia\codeigniter\rent-a-ride\app\Controllers\User.php(49): view('pages/user/deta...', Array)
#5 C:\xampp\htdocs\asia\codeigniter\rent-a-ride\system\CodeIgniter.php(832): App\Controllers\User->details('assets', 'img', 'favicon.png')
#6 C:\xampp\htdocs\asia\codeigniter\rent-a-ride\system\CodeIgniter.php(419): CodeIgniter\CodeIgniter->runController(Object(App\Controllers\User))
#7 C:\xampp\htdocs\asia\codeigniter\rent-a-ride\system\CodeIgniter.php(326): CodeIgniter\CodeIgniter->handleRequest(NULL, Object(Config\Cache), false)
#8 C:\xampp\htdocs\asia\codeigniter\rent-a-ride\index.php(38): CodeIgniter\CodeIgniter->run()
#9 {main}
CRITICAL - 2022-03-28 05:15:09 --> Trying to access array offset on value of type null
#0 C:\xampp\htdocs\asia\codeigniter\rent-a-ride\app\Views\pages\user\details.php(22): CodeIgniter\Debug\Exceptions->errorHandler(2, 'Trying to acces...', 'C:\\xampp\\htdocs...', 22)
#1 C:\xampp\htdocs\asia\codeigniter\rent-a-ride\system\View\View.php(210): include('C:\\xampp\\htdocs...')
#2 C:\xampp\htdocs\asia\codeigniter\rent-a-ride\system\View\View.php(213): CodeIgniter\View\View->CodeIgniter\View\{closure}()
#3 C:\xampp\htdocs\asia\codeigniter\rent-a-ride\system\Common.php(1089): CodeIgniter\View\View->render('pages/user/deta...', Array, true)
#4 C:\xampp\htdocs\asia\codeigniter\rent-a-ride\app\Controllers\User.php(49): view('pages/user/deta...', Array)
#5 C:\xampp\htdocs\asia\codeigniter\rent-a-ride\system\CodeIgniter.php(832): App\Controllers\User->details('assets', 'img', 'favicon.png')
#6 C:\xampp\htdocs\asia\codeigniter\rent-a-ride\system\CodeIgniter.php(419): CodeIgniter\CodeIgniter->runController(Object(App\Controllers\User))
#7 C:\xampp\htdocs\asia\codeigniter\rent-a-ride\system\CodeIgniter.php(326): CodeIgniter\CodeIgniter->handleRequest(NULL, Object(Config\Cache), false)
#8 C:\xampp\htdocs\asia\codeigniter\rent-a-ride\index.php(38): CodeIgniter\CodeIgniter->run()
#9 {main}
CRITICAL - 2022-03-28 05:15:11 --> Trying to access array offset on value of type null
#0 C:\xampp\htdocs\asia\codeigniter\rent-a-ride\app\Views\pages\user\details.php(22): CodeIgniter\Debug\Exceptions->errorHandler(2, 'Trying to acces...', 'C:\\xampp\\htdocs...', 22)
#1 C:\xampp\htdocs\asia\codeigniter\rent-a-ride\system\View\View.php(210): include('C:\\xampp\\htdocs...')
#2 C:\xampp\htdocs\asia\codeigniter\rent-a-ride\system\View\View.php(213): CodeIgniter\View\View->CodeIgniter\View\{closure}()
#3 C:\xampp\htdocs\asia\codeigniter\rent-a-ride\system\Common.php(1089): CodeIgniter\View\View->render('pages/user/deta...', Array, true)
#4 C:\xampp\htdocs\asia\codeigniter\rent-a-ride\app\Controllers\User.php(49): view('pages/user/deta...', Array)
#5 C:\xampp\htdocs\asia\codeigniter\rent-a-ride\system\CodeIgniter.php(832): App\Controllers\User->details('assets', 'img', 'favicon.png')
#6 C:\xampp\htdocs\asia\codeigniter\rent-a-ride\system\CodeIgniter.php(419): CodeIgniter\CodeIgniter->runController(Object(App\Controllers\User))
#7 C:\xampp\htdocs\asia\codeigniter\rent-a-ride\system\CodeIgniter.php(326): CodeIgniter\CodeIgniter->handleRequest(NULL, Object(Config\Cache), false)
#8 C:\xampp\htdocs\asia\codeigniter\rent-a-ride\index.php(38): CodeIgniter\CodeIgniter->run()
#9 {main}
CRITICAL - 2022-03-28 05:15:14 --> Trying to access array offset on value of type null
#0 C:\xampp\htdocs\asia\codeigniter\rent-a-ride\app\Views\pages\user\details.php(22): CodeIgniter\Debug\Exceptions->errorHandler(2, 'Trying to acces...', 'C:\\xampp\\htdocs...', 22)
#1 C:\xampp\htdocs\asia\codeigniter\rent-a-ride\system\View\View.php(210): include('C:\\xampp\\htdocs...')
#2 C:\xampp\htdocs\asia\codeigniter\rent-a-ride\system\View\View.php(213): CodeIgniter\View\View->CodeIgniter\View\{closure}()
#3 C:\xampp\htdocs\asia\codeigniter\rent-a-ride\system\Common.php(1089): CodeIgniter\View\View->render('pages/user/deta...', Array, true)
#4 C:\xampp\htdocs\asia\codeigniter\rent-a-ride\app\Controllers\User.php(49): view('pages/user/deta...', Array)
#5 C:\xampp\htdocs\asia\codeigniter\rent-a-ride\system\CodeIgniter.php(832): App\Controllers\User->details('assets', 'img', 'favicon.png')
#6 C:\xampp\htdocs\asia\codeigniter\rent-a-ride\system\CodeIgniter.php(419): CodeIgniter\CodeIgniter->runController(Object(App\Controllers\User))
#7 C:\xampp\htdocs\asia\codeigniter\rent-a-ride\system\CodeIgniter.php(326): CodeIgniter\CodeIgniter->handleRequest(NULL, Object(Config\Cache), false)
#8 C:\xampp\htdocs\asia\codeigniter\rent-a-ride\index.php(38): CodeIgniter\CodeIgniter->run()
#9 {main}
CRITICAL - 2022-03-28 05:15:36 --> Trying to access array offset on value of type null
#0 C:\xampp\htdocs\asia\codeigniter\rent-a-ride\app\Views\pages\user\details.php(22): CodeIgniter\Debug\Exceptions->errorHandler(2, 'Trying to acces...', 'C:\\xampp\\htdocs...', 22)
#1 C:\xampp\htdocs\asia\codeigniter\rent-a-ride\system\View\View.php(210): include('C:\\xampp\\htdocs...')
#2 C:\xampp\htdocs\asia\codeigniter\rent-a-ride\system\View\View.php(213): CodeIgniter\View\View->CodeIgniter\View\{closure}()
#3 C:\xampp\htdocs\asia\codeigniter\rent-a-ride\system\Common.php(1089): CodeIgniter\View\View->render('pages/user/deta...', Array, true)
#4 C:\xampp\htdocs\asia\codeigniter\rent-a-ride\app\Controllers\User.php(49): view('pages/user/deta...', Array)
#5 C:\xampp\htdocs\asia\codeigniter\rent-a-ride\system\CodeIgniter.php(832): App\Controllers\User->details('assets', 'img', 'favicon.png')
#6 C:\xampp\htdocs\asia\codeigniter\rent-a-ride\system\CodeIgniter.php(419): CodeIgniter\CodeIgniter->runController(Object(App\Controllers\User))
#7 C:\xampp\htdocs\asia\codeigniter\rent-a-ride\system\CodeIgniter.php(326): CodeIgniter\CodeIgniter->handleRequest(NULL, Object(Config\Cache), false)
#8 C:\xampp\htdocs\asia\codeigniter\rent-a-ride\index.php(38): CodeIgniter\CodeIgniter->run()
#9 {main}
CRITICAL - 2022-03-28 05:23:33 --> Trying to access array offset on value of type null
#0 C:\xampp\htdocs\asia\codeigniter\rent-a-ride\app\Views\pages\user\details.php(22): CodeIgniter\Debug\Exceptions->errorHandler(2, 'Trying to acces...', 'C:\\xampp\\htdocs...', 22)
#1 C:\xampp\htdocs\asia\codeigniter\rent-a-ride\system\View\View.php(210): include('C:\\xampp\\htdocs...')
#2 C:\xampp\htdocs\asia\codeigniter\rent-a-ride\system\View\View.php(213): CodeIgniter\View\View->CodeIgniter\View\{closure}()
#3 C:\xampp\htdocs\asia\codeigniter\rent-a-ride\system\Common.php(1089): CodeIgniter\View\View->render('pages/user/deta...', Array, true)
#4 C:\xampp\htdocs\asia\codeigniter\rent-a-ride\app\Controllers\User.php(49): view('pages/user/deta...', Array)
#5 C:\xampp\htdocs\asia\codeigniter\rent-a-ride\system\CodeIgniter.php(832): App\Controllers\User->details('assets', 'img', 'favicon.png')
#6 C:\xampp\htdocs\asia\codeigniter\rent-a-ride\system\CodeIgniter.php(419): CodeIgniter\CodeIgniter->runController(Object(App\Controllers\User))
#7 C:\xampp\htdocs\asia\codeigniter\rent-a-ride\system\CodeIgniter.php(326): CodeIgniter\CodeIgniter->handleRequest(NULL, Object(Config\Cache), false)
#8 C:\xampp\htdocs\asia\codeigniter\rent-a-ride\index.php(38): CodeIgniter\CodeIgniter->run()
#9 {main}
CRITICAL - 2022-03-28 05:23:38 --> Trying to access array offset on value of type null
#0 C:\xampp\htdocs\asia\codeigniter\rent-a-ride\app\Views\pages\user\details.php(22): CodeIgniter\Debug\Exceptions->errorHandler(2, 'Trying to acces...', 'C:\\xampp\\htdocs...', 22)
#1 C:\xampp\htdocs\asia\codeigniter\rent-a-ride\system\View\View.php(210): include('C:\\xampp\\htdocs...')
#2 C:\xampp\htdocs\asia\codeigniter\rent-a-ride\system\View\View.php(213): CodeIgniter\View\View->CodeIgniter\View\{closure}()
#3 C:\xampp\htdocs\asia\codeigniter\rent-a-ride\system\Common.php(1089): CodeIgniter\View\View->render('pages/user/deta...', Array, true)
#4 C:\xampp\htdocs\asia\codeigniter\rent-a-ride\app\Controllers\User.php(49): view('pages/user/deta...', Array)
#5 C:\xampp\htdocs\asia\codeigniter\rent-a-ride\system\CodeIgniter.php(832): App\Controllers\User->details('assets', 'img', 'favicon.png')
#6 C:\xampp\htdocs\asia\codeigniter\rent-a-ride\system\CodeIgniter.php(419): CodeIgniter\CodeIgniter->runController(Object(App\Controllers\User))
#7 C:\xampp\htdocs\asia\codeigniter\rent-a-ride\system\CodeIgniter.php(326): CodeIgniter\CodeIgniter->handleRequest(NULL, Object(Config\Cache), false)
#8 C:\xampp\htdocs\asia\codeigniter\rent-a-ride\index.php(38): CodeIgniter\CodeIgniter->run()
#9 {main}
CRITICAL - 2022-03-28 05:24:36 --> Class "App\Models\CategoryModel" not found
#0 C:\xampp\htdocs\asia\codeigniter\rent-a-ride\system\CodeIgniter.php(832): App\Controllers\Vehicle->create()
#1 C:\xampp\htdocs\asia\codeigniter\rent-a-ride\system\CodeIgniter.php(419): CodeIgniter\CodeIgniter->runController(Object(App\Controllers\Vehicle))
#2 C:\xampp\htdocs\asia\codeigniter\rent-a-ride\system\CodeIgniter.php(326): CodeIgniter\CodeIgniter->handleRequest(NULL, Object(Config\Cache), false)
#3 C:\xampp\htdocs\asia\codeigniter\rent-a-ride\index.php(38): CodeIgniter\CodeIgniter->run()
#4 {main}
CRITICAL - 2022-03-28 05:34:26 --> Undefined variable $categories
#0 C:\xampp\htdocs\asia\codeigniter\rent-a-ride\app\Views\pages\categorie\categories.php(33): CodeIgniter\Debug\Exceptions->errorHandler(2, 'Undefined varia...', 'C:\\xampp\\htdocs...', 33)
#1 C:\xampp\htdocs\asia\codeigniter\rent-a-ride\system\View\View.php(210): include('C:\\xampp\\htdocs...')
#2 C:\xampp\htdocs\asia\codeigniter\rent-a-ride\system\View\View.php(213): CodeIgniter\View\View->CodeIgniter\View\{closure}()
#3 C:\xampp\htdocs\asia\codeigniter\rent-a-ride\system\Common.php(1089): CodeIgniter\View\View->render('pages/categorie...', Array, true)
#4 C:\xampp\htdocs\asia\codeigniter\rent-a-ride\app\Controllers\Category.php(19): view('pages/categorie...', Array)
#5 C:\xampp\htdocs\asia\codeigniter\rent-a-ride\system\CodeIgniter.php(832): App\Controllers\Category->index()
#6 C:\xampp\htdocs\asia\codeigniter\rent-a-ride\system\CodeIgniter.php(419): CodeIgniter\CodeIgniter->runController(Object(App\Controllers\Category))
#7 C:\xampp\htdocs\asia\codeigniter\rent-a-ride\system\CodeIgniter.php(326): CodeIgniter\CodeIgniter->handleRequest(NULL, Object(Config\Cache), false)
#8 C:\xampp\htdocs\asia\codeigniter\rent-a-ride\index.php(38): CodeIgniter\CodeIgniter->run()
#9 {main}
CRITICAL - 2022-03-28 05:34:43 --> Undefined variable $categories
#0 C:\xampp\htdocs\asia\codeigniter\rent-a-ride\app\Views\pages\categorie\categories.php(33): CodeIgniter\Debug\Exceptions->errorHandler(2, 'Undefined varia...', 'C:\\xampp\\htdocs...', 33)
#1 C:\xampp\htdocs\asia\codeigniter\rent-a-ride\system\View\View.php(210): include('C:\\xampp\\htdocs...')
#2 C:\xampp\htdocs\asia\codeigniter\rent-a-ride\system\View\View.php(213): CodeIgniter\View\View->CodeIgniter\View\{closure}()
#3 C:\xampp\htdocs\asia\codeigniter\rent-a-ride\system\Common.php(1089): CodeIgniter\View\View->render('pages/categorie...', Array, true)
#4 C:\xampp\htdocs\asia\codeigniter\rent-a-ride\app\Controllers\Category.php(19): view('pages/categorie...', Array)
#5 C:\xampp\htdocs\asia\codeigniter\rent-a-ride\system\CodeIgniter.php(832): App\Controllers\Category->index()
#6 C:\xampp\htdocs\asia\codeigniter\rent-a-ride\system\CodeIgniter.php(419): CodeIgniter\CodeIgniter->runController(Object(App\Controllers\Category))
#7 C:\xampp\htdocs\asia\codeigniter\rent-a-ride\system\CodeIgniter.php(326): CodeIgniter\CodeIgniter->handleRequest(NULL, Object(Config\Cache), false)
#8 C:\xampp\htdocs\asia\codeigniter\rent-a-ride\index.php(38): CodeIgniter\CodeIgniter->run()
#9 {main}
CRITICAL - 2022-03-28 05:35:17 --> Undefined variable $fuel_types
#0 C:\xampp\htdocs\asia\codeigniter\rent-a-ride\app\Views\pages\fuel_type\fuel_types.php(31): CodeIgniter\Debug\Exceptions->errorHandler(2, 'Undefined varia...', 'C:\\xampp\\htdocs...', 31)
#1 C:\xampp\htdocs\asia\codeigniter\rent-a-ride\system\View\View.php(210): include('C:\\xampp\\htdocs...')
#2 C:\xampp\htdocs\asia\codeigniter\rent-a-ride\system\View\View.php(213): CodeIgniter\View\View->CodeIgniter\View\{closure}()
#3 C:\xampp\htdocs\asia\codeigniter\rent-a-ride\system\Common.php(1089): CodeIgniter\View\View->render('pages/fuel_type...', Array, true)
#4 C:\xampp\htdocs\asia\codeigniter\rent-a-ride\app\Controllers\FuelType.php(19): view('pages/fuel_type...', Array)
#5 C:\xampp\htdocs\asia\codeigniter\rent-a-ride\system\CodeIgniter.php(832): App\Controllers\FuelType->index()
#6 C:\xampp\htdocs\asia\codeigniter\rent-a-ride\system\CodeIgniter.php(419): CodeIgniter\CodeIgniter->runController(Object(App\Controllers\FuelType))
#7 C:\xampp\htdocs\asia\codeigniter\rent-a-ride\system\CodeIgniter.php(326): CodeIgniter\CodeIgniter->handleRequest(NULL, Object(Config\Cache), false)
#8 C:\xampp\htdocs\asia\codeigniter\rent-a-ride\index.php(38): CodeIgniter\CodeIgniter->run()
#9 {main}
CRITICAL - 2022-03-28 05:35:25 --> Undefined variable $categories
#0 C:\xampp\htdocs\asia\codeigniter\rent-a-ride\app\Views\pages\categorie\categories.php(33): CodeIgniter\Debug\Exceptions->errorHandler(2, 'Undefined varia...', 'C:\\xampp\\htdocs...', 33)
#1 C:\xampp\htdocs\asia\codeigniter\rent-a-ride\system\View\View.php(210): include('C:\\xampp\\htdocs...')
#2 C:\xampp\htdocs\asia\codeigniter\rent-a-ride\system\View\View.php(213): CodeIgniter\View\View->CodeIgniter\View\{closure}()
#3 C:\xampp\htdocs\asia\codeigniter\rent-a-ride\system\Common.php(1089): CodeIgniter\View\View->render('pages/categorie...', Array, true)
#4 C:\xampp\htdocs\asia\codeigniter\rent-a-ride\app\Controllers\Category.php(19): view('pages/categorie...', Array)
#5 C:\xampp\htdocs\asia\codeigniter\rent-a-ride\system\CodeIgniter.php(832): App\Controllers\Category->index()
#6 C:\xampp\htdocs\asia\codeigniter\rent-a-ride\system\CodeIgniter.php(419): CodeIgniter\CodeIgniter->runController(Object(App\Controllers\Category))
#7 C:\xampp\htdocs\asia\codeigniter\rent-a-ride\system\CodeIgniter.php(326): CodeIgniter\CodeIgniter->handleRequest(NULL, Object(Config\Cache), false)
#8 C:\xampp\htdocs\asia\codeigniter\rent-a-ride\index.php(38): CodeIgniter\CodeIgniter->run()
#9 {main}
CRITICAL - 2022-03-28 05:36:14 --> Undefined variable $categories
#0 C:\xampp\htdocs\asia\codeigniter\rent-a-ride\app\Views\pages\categorie\categories.php(33): CodeIgniter\Debug\Exceptions->errorHandler(2, 'Undefined varia...', 'C:\\xampp\\htdocs...', 33)
#1 C:\xampp\htdocs\asia\codeigniter\rent-a-ride\system\View\View.php(210): include('C:\\xampp\\htdocs...')
#2 C:\xampp\htdocs\asia\codeigniter\rent-a-ride\system\View\View.php(213): CodeIgniter\View\View->CodeIgniter\View\{closure}()
#3 C:\xampp\htdocs\asia\codeigniter\rent-a-ride\system\Common.php(1089): CodeIgniter\View\View->render('pages/categorie...', Array, true)
#4 C:\xampp\htdocs\asia\codeigniter\rent-a-ride\app\Controllers\Category.php(19): view('pages/categorie...', Array)
#5 C:\xampp\htdocs\asia\codeigniter\rent-a-ride\system\CodeIgniter.php(832): App\Controllers\Category->index()
#6 C:\xampp\htdocs\asia\codeigniter\rent-a-ride\system\CodeIgniter.php(419): CodeIgniter\CodeIgniter->runController(Object(App\Controllers\Category))
#7 C:\xampp\htdocs\asia\codeigniter\rent-a-ride\system\CodeIgniter.php(326): CodeIgniter\CodeIgniter->handleRequest(NULL, Object(Config\Cache), false)
#8 C:\xampp\htdocs\asia\codeigniter\rent-a-ride\index.php(38): CodeIgniter\CodeIgniter->run()
#9 {main}
CRITICAL - 2022-03-28 05:36:15 --> Undefined variable $categories
#0 C:\xampp\htdocs\asia\codeigniter\rent-a-ride\app\Views\pages\categorie\categories.php(33): CodeIgniter\Debug\Exceptions->errorHandler(2, 'Undefined varia...', 'C:\\xampp\\htdocs...', 33)
#1 C:\xampp\htdocs\asia\codeigniter\rent-a-ride\system\View\View.php(210): include('C:\\xampp\\htdocs...')
#2 C:\xampp\htdocs\asia\codeigniter\rent-a-ride\system\View\View.php(213): CodeIgniter\View\View->CodeIgniter\View\{closure}()
#3 C:\xampp\htdocs\asia\codeigniter\rent-a-ride\system\Common.php(1089): CodeIgniter\View\View->render('pages/categorie...', Array, true)
#4 C:\xampp\htdocs\asia\codeigniter\rent-a-ride\app\Controllers\Category.php(19): view('pages/categorie...', Array)
#5 C:\xampp\htdocs\asia\codeigniter\rent-a-ride\system\CodeIgniter.php(832): App\Controllers\Category->index()
#6 C:\xampp\htdocs\asia\codeigniter\rent-a-ride\system\CodeIgniter.php(419): CodeIgniter\CodeIgniter->runController(Object(App\Controllers\Category))
#7 C:\xampp\htdocs\asia\codeigniter\rent-a-ride\system\CodeIgniter.php(326): CodeIgniter\CodeIgniter->handleRequest(NULL, Object(Config\Cache), false)
#8 C:\xampp\htdocs\asia\codeigniter\rent-a-ride\index.php(38): CodeIgniter\CodeIgniter->run()
#9 {main}
CRITICAL - 2022-03-28 05:36:26 --> Undefined variable $categories
#0 C:\xampp\htdocs\asia\codeigniter\rent-a-ride\app\Views\pages\categorie\categories.php(33): CodeIgniter\Debug\Exceptions->errorHandler(2, 'Undefined varia...', 'C:\\xampp\\htdocs...', 33)
#1 C:\xampp\htdocs\asia\codeigniter\rent-a-ride\system\View\View.php(210): include('C:\\xampp\\htdocs...')
#2 C:\xampp\htdocs\asia\codeigniter\rent-a-ride\system\View\View.php(213): CodeIgniter\View\View->CodeIgniter\View\{closure}()
#3 C:\xampp\htdocs\asia\codeigniter\rent-a-ride\system\Common.php(1089): CodeIgniter\View\View->render('pages/categorie...', Array, true)
#4 C:\xampp\htdocs\asia\codeigniter\rent-a-ride\app\Controllers\Category.php(19): view('pages/categorie...', Array)
#5 C:\xampp\htdocs\asia\codeigniter\rent-a-ride\system\CodeIgniter.php(832): App\Controllers\Category->index()
#6 C:\xampp\htdocs\asia\codeigniter\rent-a-ride\system\CodeIgniter.php(419): CodeIgniter\CodeIgniter->runController(Object(App\Controllers\Category))
#7 C:\xampp\htdocs\asia\codeigniter\rent-a-ride\system\CodeIgniter.php(326): CodeIgniter\CodeIgniter->handleRequest(NULL, Object(Config\Cache), false)
#8 C:\xampp\htdocs\asia\codeigniter\rent-a-ride\index.php(38): CodeIgniter\CodeIgniter->run()
#9 {main}
CRITICAL - 2022-03-28 05:37:13 --> Undefined variable $categories
#0 C:\xampp\htdocs\asia\codeigniter\rent-a-ride\app\Views\pages\categorie\categories.php(33): CodeIgniter\Debug\Exceptions->errorHandler(2, 'Undefined varia...', 'C:\\xampp\\htdocs...', 33)
#1 C:\xampp\htdocs\asia\codeigniter\rent-a-ride\system\View\View.php(210): include('C:\\xampp\\htdocs...')
#2 C:\xampp\htdocs\asia\codeigniter\rent-a-ride\system\View\View.php(213): CodeIgniter\View\View->CodeIgniter\View\{closure}()
#3 C:\xampp\htdocs\asia\codeigniter\rent-a-ride\system\Common.php(1089): CodeIgniter\View\View->render('pages/categorie...', Array, true)
#4 C:\xampp\htdocs\asia\codeigniter\rent-a-ride\app\Controllers\Category.php(19): view('pages/categorie...', Array)
#5 C:\xampp\htdocs\asia\codeigniter\rent-a-ride\system\CodeIgniter.php(832): App\Controllers\Category->index()
#6 C:\xampp\htdocs\asia\codeigniter\rent-a-ride\system\CodeIgniter.php(419): CodeIgniter\CodeIgniter->runController(Object(App\Controllers\Category))
#7 C:\xampp\htdocs\asia\codeigniter\rent-a-ride\system\CodeIgniter.php(326): CodeIgniter\CodeIgniter->handleRequest(NULL, Object(Config\Cache), false)
#8 C:\xampp\htdocs\asia\codeigniter\rent-a-ride\index.php(38): CodeIgniter\CodeIgniter->run()
#9 {main}
CRITICAL - 2022-03-28 05:48:39 --> Trying to access array offset on value of type null
#0 C:\xampp\htdocs\asia\codeigniter\rent-a-ride\app\Views\pages\categorie\edit.php(21): CodeIgniter\Debug\Exceptions->errorHandler(2, 'Trying to acces...', 'C:\\xampp\\htdocs...', 21)
#1 C:\xampp\htdocs\asia\codeigniter\rent-a-ride\system\View\View.php(210): include('C:\\xampp\\htdocs...')
#2 C:\xampp\htdocs\asia\codeigniter\rent-a-ride\system\View\View.php(213): CodeIgniter\View\View->CodeIgniter\View\{closure}()
#3 C:\xampp\htdocs\asia\codeigniter\rent-a-ride\system\Common.php(1089): CodeIgniter\View\View->render('pages/categorie...', Array, true)
#4 C:\xampp\htdocs\asia\codeigniter\rent-a-ride\app\Controllers\Category.php(65): view('pages/categorie...', Array)
#5 C:\xampp\htdocs\asia\codeigniter\rent-a-ride\system\CodeIgniter.php(832): App\Controllers\Category->edit('assets', 'img', 'favicon.png')
#6 C:\xampp\htdocs\asia\codeigniter\rent-a-ride\system\CodeIgniter.php(419): CodeIgniter\CodeIgniter->runController(Object(App\Controllers\Category))
#7 C:\xampp\htdocs\asia\codeigniter\rent-a-ride\system\CodeIgniter.php(326): CodeIgniter\CodeIgniter->handleRequest(NULL, Object(Config\Cache), false)
#8 C:\xampp\htdocs\asia\codeigniter\rent-a-ride\index.php(38): CodeIgniter\CodeIgniter->run()
#9 {main}
CRITICAL - 2022-03-28 05:49:46 --> Trying to access array offset on value of type null
#0 C:\xampp\htdocs\asia\codeigniter\rent-a-ride\app\Views\pages\categorie\edit.php(21): CodeIgniter\Debug\Exceptions->errorHandler(2, 'Trying to acces...', 'C:\\xampp\\htdocs...', 21)
#1 C:\xampp\htdocs\asia\codeigniter\rent-a-ride\system\View\View.php(210): include('C:\\xampp\\htdocs...')
#2 C:\xampp\htdocs\asia\codeigniter\rent-a-ride\system\View\View.php(213): CodeIgniter\View\View->CodeIgniter\View\{closure}()
#3 C:\xampp\htdocs\asia\codeigniter\rent-a-ride\system\Common.php(1089): CodeIgniter\View\View->render('pages/categorie...', Array, true)
#4 C:\xampp\htdocs\asia\codeigniter\rent-a-ride\app\Controllers\Category.php(65): view('pages/categorie...', Array)
#5 C:\xampp\htdocs\asia\codeigniter\rent-a-ride\system\CodeIgniter.php(832): App\Controllers\Category->edit('assets', 'img', 'favicon.png')
#6 C:\xampp\htdocs\asia\codeigniter\rent-a-ride\system\CodeIgniter.php(419): CodeIgniter\CodeIgniter->runController(Object(App\Controllers\Category))
#7 C:\xampp\htdocs\asia\codeigniter\rent-a-ride\system\CodeIgniter.php(326): CodeIgniter\CodeIgniter->handleRequest(NULL, Object(Config\Cache), false)
#8 C:\xampp\htdocs\asia\codeigniter\rent-a-ride\index.php(38): CodeIgniter\CodeIgniter->run()
#9 {main}
CRITICAL - 2022-03-28 05:50:28 --> Undefined variable $fuel_types
#0 C:\xampp\htdocs\asia\codeigniter\rent-a-ride\app\Views\pages\fuel_type\fuel_types.php(31): CodeIgniter\Debug\Exceptions->errorHandler(2, 'Undefined varia...', 'C:\\xampp\\htdocs...', 31)
#1 C:\xampp\htdocs\asia\codeigniter\rent-a-ride\system\View\View.php(210): include('C:\\xampp\\htdocs...')
#2 C:\xampp\htdocs\asia\codeigniter\rent-a-ride\system\View\View.php(213): CodeIgniter\View\View->CodeIgniter\View\{closure}()
#3 C:\xampp\htdocs\asia\codeigniter\rent-a-ride\system\Common.php(1089): CodeIgniter\View\View->render('pages/fuel_type...', Array, true)
#4 C:\xampp\htdocs\asia\codeigniter\rent-a-ride\app\Controllers\FuelType.php(19): view('pages/fuel_type...', Array)
#5 C:\xampp\htdocs\asia\codeigniter\rent-a-ride\system\CodeIgniter.php(832): App\Controllers\FuelType->index()
#6 C:\xampp\htdocs\asia\codeigniter\rent-a-ride\system\CodeIgniter.php(419): CodeIgniter\CodeIgniter->runController(Object(App\Controllers\FuelType))
#7 C:\xampp\htdocs\asia\codeigniter\rent-a-ride\system\CodeIgniter.php(326): CodeIgniter\CodeIgniter->handleRequest(NULL, Object(Config\Cache), false)
#8 C:\xampp\htdocs\asia\codeigniter\rent-a-ride\index.php(38): CodeIgniter\CodeIgniter->run()
#9 {main}
CRITICAL - 2022-03-28 05:51:55 --> Undefined variable $fuel_types
#0 C:\xampp\htdocs\asia\codeigniter\rent-a-ride\app\Views\pages\fuel_type\fuel_types.php(31): CodeIgniter\Debug\Exceptions->errorHandler(2, 'Undefined varia...', 'C:\\xampp\\htdocs...', 31)
#1 C:\xampp\htdocs\asia\codeigniter\rent-a-ride\system\View\View.php(210): include('C:\\xampp\\htdocs...')
#2 C:\xampp\htdocs\asia\codeigniter\rent-a-ride\system\View\View.php(213): CodeIgniter\View\View->CodeIgniter\View\{closure}()
#3 C:\xampp\htdocs\asia\codeigniter\rent-a-ride\system\Common.php(1089): CodeIgniter\View\View->render('pages/fuel_type...', Array, true)
#4 C:\xampp\htdocs\asia\codeigniter\rent-a-ride\app\Controllers\FuelType.php(19): view('pages/fuel_type...', Array)
#5 C:\xampp\htdocs\asia\codeigniter\rent-a-ride\system\CodeIgniter.php(832): App\Controllers\FuelType->index()
#6 C:\xampp\htdocs\asia\codeigniter\rent-a-ride\system\CodeIgniter.php(419): CodeIgniter\CodeIgniter->runController(Object(App\Controllers\FuelType))
#7 C:\xampp\htdocs\asia\codeigniter\rent-a-ride\system\CodeIgniter.php(326): CodeIgniter\CodeIgniter->handleRequest(NULL, Object(Config\Cache), false)
#8 C:\xampp\htdocs\asia\codeigniter\rent-a-ride\index.php(38): CodeIgniter\CodeIgniter->run()
#9 {main}
CRITICAL - 2022-03-28 05:51:56 --> Undefined variable $fuel_types
#0 C:\xampp\htdocs\asia\codeigniter\rent-a-ride\app\Views\pages\fuel_type\fuel_types.php(31): CodeIgniter\Debug\Exceptions->errorHandler(2, 'Undefined varia...', 'C:\\xampp\\htdocs...', 31)
#1 C:\xampp\htdocs\asia\codeigniter\rent-a-ride\system\View\View.php(210): include('C:\\xampp\\htdocs...')
#2 C:\xampp\htdocs\asia\codeigniter\rent-a-ride\system\View\View.php(213): CodeIgniter\View\View->CodeIgniter\View\{closure}()
#3 C:\xampp\htdocs\asia\codeigniter\rent-a-ride\system\Common.php(1089): CodeIgniter\View\View->render('pages/fuel_type...', Array, true)
#4 C:\xampp\htdocs\asia\codeigniter\rent-a-ride\app\Controllers\FuelType.php(19): view('pages/fuel_type...', Array)
#5 C:\xampp\htdocs\asia\codeigniter\rent-a-ride\system\CodeIgniter.php(832): App\Controllers\FuelType->index()
#6 C:\xampp\htdocs\asia\codeigniter\rent-a-ride\system\CodeIgniter.php(419): CodeIgniter\CodeIgniter->runController(Object(App\Controllers\FuelType))
#7 C:\xampp\htdocs\asia\codeigniter\rent-a-ride\system\CodeIgniter.php(326): CodeIgniter\CodeIgniter->handleRequest(NULL, Object(Config\Cache), false)
#8 C:\xampp\htdocs\asia\codeigniter\rent-a-ride\index.php(38): CodeIgniter\CodeIgniter->run()
#9 {main}
CRITICAL - 2022-03-28 06:19:23 --> Undefined variable $price_types
#0 C:\xampp\htdocs\asia\codeigniter\rent-a-ride\app\Views\pages\price_type\price_types.php(31): CodeIgniter\Debug\Exceptions->errorHandler(2, 'Undefined varia...', 'C:\\xampp\\htdocs...', 31)
#1 C:\xampp\htdocs\asia\codeigniter\rent-a-ride\system\View\View.php(210): include('C:\\xampp\\htdocs...')
#2 C:\xampp\htdocs\asia\codeigniter\rent-a-ride\system\View\View.php(213): CodeIgniter\View\View->CodeIgniter\View\{closure}()
#3 C:\xampp\htdocs\asia\codeigniter\rent-a-ride\system\Common.php(1089): CodeIgniter\View\View->render('pages/price_typ...', Array, true)
#4 C:\xampp\htdocs\asia\codeigniter\rent-a-ride\app\Controllers\PriceType.php(19): view('pages/price_typ...', Array)
#5 C:\xampp\htdocs\asia\codeigniter\rent-a-ride\system\CodeIgniter.php(832): App\Controllers\PriceType->index()
#6 C:\xampp\htdocs\asia\codeigniter\rent-a-ride\system\CodeIgniter.php(419): CodeIgniter\CodeIgniter->runController(Object(App\Controllers\PriceType))
#7 C:\xampp\htdocs\asia\codeigniter\rent-a-ride\system\CodeIgniter.php(326): CodeIgniter\CodeIgniter->handleRequest(NULL, Object(Config\Cache), false)
#8 C:\xampp\htdocs\asia\codeigniter\rent-a-ride\index.php(38): CodeIgniter\CodeIgniter->run()
#9 {main}
CRITICAL - 2022-03-28 07:01:44 --> Undefined variable $price_types
#0 C:\xampp\htdocs\asia\codeigniter\rent-a-ride\app\Views\pages\price_type\price_types.php(31): CodeIgniter\Debug\Exceptions->errorHandler(2, 'Undefined varia...', 'C:\\xampp\\htdocs...', 31)
#1 C:\xampp\htdocs\asia\codeigniter\rent-a-ride\system\View\View.php(210): include('C:\\xampp\\htdocs...')
#2 C:\xampp\htdocs\asia\codeigniter\rent-a-ride\system\View\View.php(213): CodeIgniter\View\View->CodeIgniter\View\{closure}()
#3 C:\xampp\htdocs\asia\codeigniter\rent-a-ride\system\Common.php(1089): CodeIgniter\View\View->render('pages/price_typ...', Array, true)
#4 C:\xampp\htdocs\asia\codeigniter\rent-a-ride\app\Controllers\PriceType.php(19): view('pages/price_typ...', Array)
#5 C:\xampp\htdocs\asia\codeigniter\rent-a-ride\system\CodeIgniter.php(832): App\Controllers\PriceType->index()
#6 C:\xampp\htdocs\asia\codeigniter\rent-a-ride\system\CodeIgniter.php(419): CodeIgniter\CodeIgniter->runController(Object(App\Controllers\PriceType))
#7 C:\xampp\htdocs\asia\codeigniter\rent-a-ride\system\CodeIgniter.php(326): CodeIgniter\CodeIgniter->handleRequest(NULL, Object(Config\Cache), false)
#8 C:\xampp\htdocs\asia\codeigniter\rent-a-ride\index.php(38): CodeIgniter\CodeIgniter->run()
#9 {main}
CRITICAL - 2022-03-28 07:02:01 --> Undefined variable $price_types
#0 C:\xampp\htdocs\asia\codeigniter\rent-a-ride\app\Views\pages\price_type\price_types.php(31): CodeIgniter\Debug\Exceptions->errorHandler(2, 'Undefined varia...', 'C:\\xampp\\htdocs...', 31)
#1 C:\xampp\htdocs\asia\codeigniter\rent-a-ride\system\View\View.php(210): include('C:\\xampp\\htdocs...')
#2 C:\xampp\htdocs\asia\codeigniter\rent-a-ride\system\View\View.php(213): CodeIgniter\View\View->CodeIgniter\View\{closure}()
#3 C:\xampp\htdocs\asia\codeigniter\rent-a-ride\system\Common.php(1089): CodeIgniter\View\View->render('pages/price_typ...', Array, true)
#4 C:\xampp\htdocs\asia\codeigniter\rent-a-ride\app\Controllers\PriceType.php(19): view('pages/price_typ...', Array)
#5 C:\xampp\htdocs\asia\codeigniter\rent-a-ride\system\CodeIgniter.php(832): App\Controllers\PriceType->index()
#6 C:\xampp\htdocs\asia\codeigniter\rent-a-ride\system\CodeIgniter.php(419): CodeIgniter\CodeIgniter->runController(Object(App\Controllers\PriceType))
#7 C:\xampp\htdocs\asia\codeigniter\rent-a-ride\system\CodeIgniter.php(326): CodeIgniter\CodeIgniter->handleRequest(NULL, Object(Config\Cache), false)
#8 C:\xampp\htdocs\asia\codeigniter\rent-a-ride\index.php(38): CodeIgniter\CodeIgniter->run()
#9 {main}
CRITICAL - 2022-03-28 07:05:52 --> Undefined variable $PriceTypes
#0 C:\xampp\htdocs\asia\codeigniter\rent-a-ride\app\Views\pages\price_type\price_types.php(31): CodeIgniter\Debug\Exceptions->errorHandler(2, 'Undefined varia...', 'C:\\xampp\\htdocs...', 31)
#1 C:\xampp\htdocs\asia\codeigniter\rent-a-ride\system\View\View.php(210): include('C:\\xampp\\htdocs...')
#2 C:\xampp\htdocs\asia\codeigniter\rent-a-ride\system\View\View.php(213): CodeIgniter\View\View->CodeIgniter\View\{closure}()
#3 C:\xampp\htdocs\asia\codeigniter\rent-a-ride\system\Common.php(1089): CodeIgniter\View\View->render('pages/price_typ...', Array, true)
#4 C:\xampp\htdocs\asia\codeigniter\rent-a-ride\app\Controllers\PriceType.php(19): view('pages/price_typ...', Array)
#5 C:\xampp\htdocs\asia\codeigniter\rent-a-ride\system\CodeIgniter.php(832): App\Controllers\PriceType->index()
#6 C:\xampp\htdocs\asia\codeigniter\rent-a-ride\system\CodeIgniter.php(419): CodeIgniter\CodeIgniter->runController(Object(App\Controllers\PriceType))
#7 C:\xampp\htdocs\asia\codeigniter\rent-a-ride\system\CodeIgniter.php(326): CodeIgniter\CodeIgniter->handleRequest(NULL, Object(Config\Cache), false)
#8 C:\xampp\htdocs\asia\codeigniter\rent-a-ride\index.php(38): CodeIgniter\CodeIgniter->run()
#9 {main}
CRITICAL - 2022-03-28 07:05:53 --> Undefined variable $PriceTypes
#0 C:\xampp\htdocs\asia\codeigniter\rent-a-ride\app\Views\pages\price_type\price_types.php(31): CodeIgniter\Debug\Exceptions->errorHandler(2, 'Undefined varia...', 'C:\\xampp\\htdocs...', 31)
#1 C:\xampp\htdocs\asia\codeigniter\rent-a-ride\system\View\View.php(210): include('C:\\xampp\\htdocs...')
#2 C:\xampp\htdocs\asia\codeigniter\rent-a-ride\system\View\View.php(213): CodeIgniter\View\View->CodeIgniter\View\{closure}()
#3 C:\xampp\htdocs\asia\codeigniter\rent-a-ride\system\Common.php(1089): CodeIgniter\View\View->render('pages/price_typ...', Array, true)
#4 C:\xampp\htdocs\asia\codeigniter\rent-a-ride\app\Controllers\PriceType.php(19): view('pages/price_typ...', Array)
#5 C:\xampp\htdocs\asia\codeigniter\rent-a-ride\system\CodeIgniter.php(832): App\Controllers\PriceType->index()
#6 C:\xampp\htdocs\asia\codeigniter\rent-a-ride\system\CodeIgniter.php(419): CodeIgniter\CodeIgniter->runController(Object(App\Controllers\PriceType))
#7 C:\xampp\htdocs\asia\codeigniter\rent-a-ride\system\CodeIgniter.php(326): CodeIgniter\CodeIgniter->handleRequest(NULL, Object(Config\Cache), false)
#8 C:\xampp\htdocs\asia\codeigniter\rent-a-ride\index.php(38): CodeIgniter\CodeIgniter->run()
#9 {main}
CRITICAL - 2022-03-28 07:06:03 --> Undefined variable $PriceTypes
#0 C:\xampp\htdocs\asia\codeigniter\rent-a-ride\app\Views\pages\price_type\price_types.php(31): CodeIgniter\Debug\Exceptions->errorHandler(2, 'Undefined varia...', 'C:\\xampp\\htdocs...', 31)
#1 C:\xampp\htdocs\asia\codeigniter\rent-a-ride\system\View\View.php(210): include('C:\\xampp\\htdocs...')
#2 C:\xampp\htdocs\asia\codeigniter\rent-a-ride\system\View\View.php(213): CodeIgniter\View\View->CodeIgniter\View\{closure}()
#3 C:\xampp\htdocs\asia\codeigniter\rent-a-ride\system\Common.php(1089): CodeIgniter\View\View->render('pages/price_typ...', Array, true)
#4 C:\xampp\htdocs\asia\codeigniter\rent-a-ride\app\Controllers\PriceType.php(19): view('pages/price_typ...', Array)
#5 C:\xampp\htdocs\asia\codeigniter\rent-a-ride\system\CodeIgniter.php(832): App\Controllers\PriceType->index()
#6 C:\xampp\htdocs\asia\codeigniter\rent-a-ride\system\CodeIgniter.php(419): CodeIgniter\CodeIgniter->runController(Object(App\Controllers\PriceType))
#7 C:\xampp\htdocs\asia\codeigniter\rent-a-ride\system\CodeIgniter.php(326): CodeIgniter\CodeIgniter->handleRequest(NULL, Object(Config\Cache), false)
#8 C:\xampp\htdocs\asia\codeigniter\rent-a-ride\index.php(38): CodeIgniter\CodeIgniter->run()
#9 {main}
