CRITICAL - 2022-04-03 02:12:32 --> Trying to access array offset on value of type null
#0 C:\xampp\htdocs\asia\codeigniter\rent-a-ride\app\Views\pages\user\details.php(30): CodeIgniter\Debug\Exceptions->errorHandler(2, 'Trying to acces...', 'C:\\xampp\\htdocs...', 30)
#1 C:\xampp\htdocs\asia\codeigniter\rent-a-ride\system\View\View.php(210): include('C:\\xampp\\htdocs...')
#2 C:\xampp\htdocs\asia\codeigniter\rent-a-ride\system\View\View.php(213): CodeIgniter\View\View->CodeIgniter\View\{closure}()
#3 C:\xampp\htdocs\asia\codeigniter\rent-a-ride\system\Common.php(1089): CodeIgniter\View\View->render('pages/user/deta...', Array, true)
#4 C:\xampp\htdocs\asia\codeigniter\rent-a-ride\app\Controllers\User.php(71): view('pages/user/deta...', Array)
#5 C:\xampp\htdocs\asia\codeigniter\rent-a-ride\system\CodeIgniter.php(832): App\Controllers\User->details('assets', 'img', 'favicon.png')
#6 C:\xampp\htdocs\asia\codeigniter\rent-a-ride\system\CodeIgniter.php(419): CodeIgniter\CodeIgniter->runController(Object(App\Controllers\User))
#7 C:\xampp\htdocs\asia\codeigniter\rent-a-ride\system\CodeIgniter.php(326): CodeIgniter\CodeIgniter->handleRequest(NULL, Object(Config\Cache), false)
#8 C:\xampp\htdocs\asia\codeigniter\rent-a-ride\index.php(38): CodeIgniter\CodeIgniter->run()
#9 {main}
ERROR - 2022-04-03 02:12:41 --> Unknown column 'assets' in 'where clause'
CRITICAL - 2022-04-03 02:12:41 --> Call to a member function getFirstRow() on bool
#0 C:\xampp\htdocs\asia\codeigniter\rent-a-ride\system\BaseModel.php(622): CodeIgniter\Model->doFirst()
#1 C:\xampp\htdocs\asia\codeigniter\rent-a-ride\app\Controllers\Vehicle.php(61): CodeIgniter\BaseModel->first()
#2 C:\xampp\htdocs\asia\codeigniter\rent-a-ride\system\CodeIgniter.php(832): App\Controllers\Vehicle->details('assets', 'img', 'favicon.png')
#3 C:\xampp\htdocs\asia\codeigniter\rent-a-ride\system\CodeIgniter.php(419): CodeIgniter\CodeIgniter->runController(Object(App\Controllers\Vehicle))
#4 C:\xampp\htdocs\asia\codeigniter\rent-a-ride\system\CodeIgniter.php(326): CodeIgniter\CodeIgniter->handleRequest(NULL, Object(Config\Cache), false)
#5 C:\xampp\htdocs\asia\codeigniter\rent-a-ride\index.php(38): CodeIgniter\CodeIgniter->run()
#6 {main}
CRITICAL - 2022-04-03 02:12:47 --> Trying to access array offset on value of type null
#0 C:\xampp\htdocs\asia\codeigniter\rent-a-ride\app\Views\pages\driver\details.php(27): CodeIgniter\Debug\Exceptions->errorHandler(2, 'Trying to acces...', 'C:\\xampp\\htdocs...', 27)
#1 C:\xampp\htdocs\asia\codeigniter\rent-a-ride\system\View\View.php(210): include('C:\\xampp\\htdocs...')
#2 C:\xampp\htdocs\asia\codeigniter\rent-a-ride\system\View\View.php(213): CodeIgniter\View\View->CodeIgniter\View\{closure}()
#3 C:\xampp\htdocs\asia\codeigniter\rent-a-ride\system\Common.php(1089): CodeIgniter\View\View->render('pages/driver/de...', Array, true)
#4 C:\xampp\htdocs\asia\codeigniter\rent-a-ride\app\Controllers\Driver.php(49): view('pages/driver/de...', Array)
#5 C:\xampp\htdocs\asia\codeigniter\rent-a-ride\system\CodeIgniter.php(832): App\Controllers\Driver->details('assets', 'img', 'favicon.png')
#6 C:\xampp\htdocs\asia\codeigniter\rent-a-ride\system\CodeIgniter.php(419): CodeIgniter\CodeIgniter->runController(Object(App\Controllers\Driver))
#7 C:\xampp\htdocs\asia\codeigniter\rent-a-ride\system\CodeIgniter.php(326): CodeIgniter\CodeIgniter->handleRequest(NULL, Object(Config\Cache), false)
#8 C:\xampp\htdocs\asia\codeigniter\rent-a-ride\index.php(38): CodeIgniter\CodeIgniter->run()
#9 {main}
CRITICAL - 2022-04-03 02:12:55 --> Trying to access array offset on value of type null
#0 C:\xampp\htdocs\asia\codeigniter\rent-a-ride\app\Views\pages\booking\details.php(41): CodeIgniter\Debug\Exceptions->errorHandler(2, 'Trying to acces...', 'C:\\xampp\\htdocs...', 41)
#1 C:\xampp\htdocs\asia\codeigniter\rent-a-ride\system\View\View.php(210): include('C:\\xampp\\htdocs...')
#2 C:\xampp\htdocs\asia\codeigniter\rent-a-ride\system\View\View.php(213): CodeIgniter\View\View->CodeIgniter\View\{closure}()
#3 C:\xampp\htdocs\asia\codeigniter\rent-a-ride\system\Common.php(1089): CodeIgniter\View\View->render('pages/booking/d...', Array, true)
#4 C:\xampp\htdocs\asia\codeigniter\rent-a-ride\app\Controllers\Booking.php(71): view('pages/booking/d...', Array)
#5 C:\xampp\htdocs\asia\codeigniter\rent-a-ride\system\CodeIgniter.php(832): App\Controllers\Booking->details('assets', 'img', 'favicon.png')
#6 C:\xampp\htdocs\asia\codeigniter\rent-a-ride\system\CodeIgniter.php(419): CodeIgniter\CodeIgniter->runController(Object(App\Controllers\Booking))
#7 C:\xampp\htdocs\asia\codeigniter\rent-a-ride\system\CodeIgniter.php(326): CodeIgniter\CodeIgniter->handleRequest(NULL, Object(Config\Cache), false)
#8 C:\xampp\htdocs\asia\codeigniter\rent-a-ride\index.php(38): CodeIgniter\CodeIgniter->run()
#9 {main}
CRITICAL - 2022-04-03 02:19:34 --> Trying to access array offset on value of type null
#0 C:\xampp\htdocs\asia\codeigniter\rent-a-ride\app\Views\pages\booking\details.php(41): CodeIgniter\Debug\Exceptions->errorHandler(2, 'Trying to acces...', 'C:\\xampp\\htdocs...', 41)
#1 C:\xampp\htdocs\asia\codeigniter\rent-a-ride\system\View\View.php(210): include('C:\\xampp\\htdocs...')
#2 C:\xampp\htdocs\asia\codeigniter\rent-a-ride\system\View\View.php(213): CodeIgniter\View\View->CodeIgniter\View\{closure}()
#3 C:\xampp\htdocs\asia\codeigniter\rent-a-ride\system\Common.php(1089): CodeIgniter\View\View->render('pages/booking/d...', Array, true)
#4 C:\xampp\htdocs\asia\codeigniter\rent-a-ride\app\Controllers\Booking.php(71): view('pages/booking/d...', Array)
#5 C:\xampp\htdocs\asia\codeigniter\rent-a-ride\system\CodeIgniter.php(832): App\Controllers\Booking->details('assets', 'img', 'favicon.png')
#6 C:\xampp\htdocs\asia\codeigniter\rent-a-ride\system\CodeIgniter.php(419): CodeIgniter\CodeIgniter->runController(Object(App\Controllers\Booking))
#7 C:\xampp\htdocs\asia\codeigniter\rent-a-ride\system\CodeIgniter.php(326): CodeIgniter\CodeIgniter->handleRequest(NULL, Object(Config\Cache), false)
#8 C:\xampp\htdocs\asia\codeigniter\rent-a-ride\index.php(38): CodeIgniter\CodeIgniter->run()
#9 {main}
CRITICAL - 2022-04-03 02:20:16 --> Trying to access array offset on value of type null
#0 C:\xampp\htdocs\asia\codeigniter\rent-a-ride\app\Views\pages\booking\details.php(41): CodeIgniter\Debug\Exceptions->errorHandler(2, 'Trying to acces...', 'C:\\xampp\\htdocs...', 41)
#1 C:\xampp\htdocs\asia\codeigniter\rent-a-ride\system\View\View.php(210): include('C:\\xampp\\htdocs...')
#2 C:\xampp\htdocs\asia\codeigniter\rent-a-ride\system\View\View.php(213): CodeIgniter\View\View->CodeIgniter\View\{closure}()
#3 C:\xampp\htdocs\asia\codeigniter\rent-a-ride\system\Common.php(1089): CodeIgniter\View\View->render('pages/booking/d...', Array, true)
#4 C:\xampp\htdocs\asia\codeigniter\rent-a-ride\app\Controllers\Booking.php(71): view('pages/booking/d...', Array)
#5 C:\xampp\htdocs\asia\codeigniter\rent-a-ride\system\CodeIgniter.php(832): App\Controllers\Booking->details('assets', 'img', 'favicon.png')
#6 C:\xampp\htdocs\asia\codeigniter\rent-a-ride\system\CodeIgniter.php(419): CodeIgniter\CodeIgniter->runController(Object(App\Controllers\Booking))
#7 C:\xampp\htdocs\asia\codeigniter\rent-a-ride\system\CodeIgniter.php(326): CodeIgniter\CodeIgniter->handleRequest(NULL, Object(Config\Cache), false)
#8 C:\xampp\htdocs\asia\codeigniter\rent-a-ride\index.php(38): CodeIgniter\CodeIgniter->run()
#9 {main}
CRITICAL - 2022-04-03 02:58:43 --> Trying to access array offset on value of type null
#0 C:\xampp\htdocs\asia\codeigniter\rent-a-ride\app\Views\pages\booking\details.php(41): CodeIgniter\Debug\Exceptions->errorHandler(2, 'Trying to acces...', 'C:\\xampp\\htdocs...', 41)
#1 C:\xampp\htdocs\asia\codeigniter\rent-a-ride\system\View\View.php(210): include('C:\\xampp\\htdocs...')
#2 C:\xampp\htdocs\asia\codeigniter\rent-a-ride\system\View\View.php(213): CodeIgniter\View\View->CodeIgniter\View\{closure}()
#3 C:\xampp\htdocs\asia\codeigniter\rent-a-ride\system\Common.php(1089): CodeIgniter\View\View->render('pages/booking/d...', Array, true)
#4 C:\xampp\htdocs\asia\codeigniter\rent-a-ride\app\Controllers\Booking.php(71): view('pages/booking/d...', Array)
#5 C:\xampp\htdocs\asia\codeigniter\rent-a-ride\system\CodeIgniter.php(832): App\Controllers\Booking->details('assets', 'img', 'favicon.png')
#6 C:\xampp\htdocs\asia\codeigniter\rent-a-ride\system\CodeIgniter.php(419): CodeIgniter\CodeIgniter->runController(Object(App\Controllers\Booking))
#7 C:\xampp\htdocs\asia\codeigniter\rent-a-ride\system\CodeIgniter.php(326): CodeIgniter\CodeIgniter->handleRequest(NULL, Object(Config\Cache), false)
#8 C:\xampp\htdocs\asia\codeigniter\rent-a-ride\index.php(38): CodeIgniter\CodeIgniter->run()
#9 {main}
CRITICAL - 2022-04-03 03:02:32 --> Trying to access array offset on value of type null
#0 C:\xampp\htdocs\asia\codeigniter\rent-a-ride\app\Views\pages\booking\details.php(41): CodeIgniter\Debug\Exceptions->errorHandler(2, 'Trying to acces...', 'C:\\xampp\\htdocs...', 41)
#1 C:\xampp\htdocs\asia\codeigniter\rent-a-ride\system\View\View.php(210): include('C:\\xampp\\htdocs...')
#2 C:\xampp\htdocs\asia\codeigniter\rent-a-ride\system\View\View.php(213): CodeIgniter\View\View->CodeIgniter\View\{closure}()
#3 C:\xampp\htdocs\asia\codeigniter\rent-a-ride\system\Common.php(1089): CodeIgniter\View\View->render('pages/booking/d...', Array, true)
#4 C:\xampp\htdocs\asia\codeigniter\rent-a-ride\app\Controllers\Booking.php(71): view('pages/booking/d...', Array)
#5 C:\xampp\htdocs\asia\codeigniter\rent-a-ride\system\CodeIgniter.php(832): App\Controllers\Booking->details('assets', 'img', 'favicon.png')
#6 C:\xampp\htdocs\asia\codeigniter\rent-a-ride\system\CodeIgniter.php(419): CodeIgniter\CodeIgniter->runController(Object(App\Controllers\Booking))
#7 C:\xampp\htdocs\asia\codeigniter\rent-a-ride\system\CodeIgniter.php(326): CodeIgniter\CodeIgniter->handleRequest(NULL, Object(Config\Cache), false)
#8 C:\xampp\htdocs\asia\codeigniter\rent-a-ride\index.php(38): CodeIgniter\CodeIgniter->run()
#9 {main}
CRITICAL - 2022-04-03 03:02:35 --> Trying to access array offset on value of type null
#0 C:\xampp\htdocs\asia\codeigniter\rent-a-ride\app\Views\pages\booking\details.php(41): CodeIgniter\Debug\Exceptions->errorHandler(2, 'Trying to acces...', 'C:\\xampp\\htdocs...', 41)
#1 C:\xampp\htdocs\asia\codeigniter\rent-a-ride\system\View\View.php(210): include('C:\\xampp\\htdocs...')
#2 C:\xampp\htdocs\asia\codeigniter\rent-a-ride\system\View\View.php(213): CodeIgniter\View\View->CodeIgniter\View\{closure}()
#3 C:\xampp\htdocs\asia\codeigniter\rent-a-ride\system\Common.php(1089): CodeIgniter\View\View->render('pages/booking/d...', Array, true)
#4 C:\xampp\htdocs\asia\codeigniter\rent-a-ride\app\Controllers\Booking.php(71): view('pages/booking/d...', Array)
#5 C:\xampp\htdocs\asia\codeigniter\rent-a-ride\system\CodeIgniter.php(832): App\Controllers\Booking->details('assets', 'img', 'favicon.png')
#6 C:\xampp\htdocs\asia\codeigniter\rent-a-ride\system\CodeIgniter.php(419): CodeIgniter\CodeIgniter->runController(Object(App\Controllers\Booking))
#7 C:\xampp\htdocs\asia\codeigniter\rent-a-ride\system\CodeIgniter.php(326): CodeIgniter\CodeIgniter->handleRequest(NULL, Object(Config\Cache), false)
#8 C:\xampp\htdocs\asia\codeigniter\rent-a-ride\index.php(38): CodeIgniter\CodeIgniter->run()
#9 {main}
CRITICAL - 2022-04-03 03:03:41 --> Trying to access array offset on value of type null
#0 C:\xampp\htdocs\asia\codeigniter\rent-a-ride\app\Views\pages\booking\details.php(41): CodeIgniter\Debug\Exceptions->errorHandler(2, 'Trying to acces...', 'C:\\xampp\\htdocs...', 41)
#1 C:\xampp\htdocs\asia\codeigniter\rent-a-ride\system\View\View.php(210): include('C:\\xampp\\htdocs...')
#2 C:\xampp\htdocs\asia\codeigniter\rent-a-ride\system\View\View.php(213): CodeIgniter\View\View->CodeIgniter\View\{closure}()
#3 C:\xampp\htdocs\asia\codeigniter\rent-a-ride\system\Common.php(1089): CodeIgniter\View\View->render('pages/booking/d...', Array, true)
#4 C:\xampp\htdocs\asia\codeigniter\rent-a-ride\app\Controllers\Booking.php(71): view('pages/booking/d...', Array)
#5 C:\xampp\htdocs\asia\codeigniter\rent-a-ride\system\CodeIgniter.php(832): App\Controllers\Booking->details('assets', 'img', 'favicon.png')
#6 C:\xampp\htdocs\asia\codeigniter\rent-a-ride\system\CodeIgniter.php(419): CodeIgniter\CodeIgniter->runController(Object(App\Controllers\Booking))
#7 C:\xampp\htdocs\asia\codeigniter\rent-a-ride\system\CodeIgniter.php(326): CodeIgniter\CodeIgniter->handleRequest(NULL, Object(Config\Cache), false)
#8 C:\xampp\htdocs\asia\codeigniter\rent-a-ride\index.php(38): CodeIgniter\CodeIgniter->run()
#9 {main}
CRITICAL - 2022-04-03 03:04:17 --> Trying to access array offset on value of type null
#0 C:\xampp\htdocs\asia\codeigniter\rent-a-ride\app\Views\pages\booking\details.php(41): CodeIgniter\Debug\Exceptions->errorHandler(2, 'Trying to acces...', 'C:\\xampp\\htdocs...', 41)
#1 C:\xampp\htdocs\asia\codeigniter\rent-a-ride\system\View\View.php(210): include('C:\\xampp\\htdocs...')
#2 C:\xampp\htdocs\asia\codeigniter\rent-a-ride\system\View\View.php(213): CodeIgniter\View\View->CodeIgniter\View\{closure}()
#3 C:\xampp\htdocs\asia\codeigniter\rent-a-ride\system\Common.php(1089): CodeIgniter\View\View->render('pages/booking/d...', Array, true)
#4 C:\xampp\htdocs\asia\codeigniter\rent-a-ride\app\Controllers\Booking.php(71): view('pages/booking/d...', Array)
#5 C:\xampp\htdocs\asia\codeigniter\rent-a-ride\system\CodeIgniter.php(832): App\Controllers\Booking->details('assets', 'img', 'favicon.png')
#6 C:\xampp\htdocs\asia\codeigniter\rent-a-ride\system\CodeIgniter.php(419): CodeIgniter\CodeIgniter->runController(Object(App\Controllers\Booking))
#7 C:\xampp\htdocs\asia\codeigniter\rent-a-ride\system\CodeIgniter.php(326): CodeIgniter\CodeIgniter->handleRequest(NULL, Object(Config\Cache), false)
#8 C:\xampp\htdocs\asia\codeigniter\rent-a-ride\index.php(38): CodeIgniter\CodeIgniter->run()
#9 {main}
CRITICAL - 2022-04-03 03:04:28 --> Trying to access array offset on value of type null
#0 C:\xampp\htdocs\asia\codeigniter\rent-a-ride\app\Views\pages\booking\details.php(41): CodeIgniter\Debug\Exceptions->errorHandler(2, 'Trying to acces...', 'C:\\xampp\\htdocs...', 41)
#1 C:\xampp\htdocs\asia\codeigniter\rent-a-ride\system\View\View.php(210): include('C:\\xampp\\htdocs...')
#2 C:\xampp\htdocs\asia\codeigniter\rent-a-ride\system\View\View.php(213): CodeIgniter\View\View->CodeIgniter\View\{closure}()
#3 C:\xampp\htdocs\asia\codeigniter\rent-a-ride\system\Common.php(1089): CodeIgniter\View\View->render('pages/booking/d...', Array, true)
#4 C:\xampp\htdocs\asia\codeigniter\rent-a-ride\app\Controllers\Booking.php(71): view('pages/booking/d...', Array)
#5 C:\xampp\htdocs\asia\codeigniter\rent-a-ride\system\CodeIgniter.php(832): App\Controllers\Booking->details('assets', 'img', 'favicon.png')
#6 C:\xampp\htdocs\asia\codeigniter\rent-a-ride\system\CodeIgniter.php(419): CodeIgniter\CodeIgniter->runController(Object(App\Controllers\Booking))
#7 C:\xampp\htdocs\asia\codeigniter\rent-a-ride\system\CodeIgniter.php(326): CodeIgniter\CodeIgniter->handleRequest(NULL, Object(Config\Cache), false)
#8 C:\xampp\htdocs\asia\codeigniter\rent-a-ride\index.php(38): CodeIgniter\CodeIgniter->run()
#9 {main}
CRITICAL - 2022-04-03 03:04:40 --> Trying to access array offset on value of type null
#0 C:\xampp\htdocs\asia\codeigniter\rent-a-ride\app\Views\pages\booking\details.php(41): CodeIgniter\Debug\Exceptions->errorHandler(2, 'Trying to acces...', 'C:\\xampp\\htdocs...', 41)
#1 C:\xampp\htdocs\asia\codeigniter\rent-a-ride\system\View\View.php(210): include('C:\\xampp\\htdocs...')
#2 C:\xampp\htdocs\asia\codeigniter\rent-a-ride\system\View\View.php(213): CodeIgniter\View\View->CodeIgniter\View\{closure}()
#3 C:\xampp\htdocs\asia\codeigniter\rent-a-ride\system\Common.php(1089): CodeIgniter\View\View->render('pages/booking/d...', Array, true)
#4 C:\xampp\htdocs\asia\codeigniter\rent-a-ride\app\Controllers\Booking.php(71): view('pages/booking/d...', Array)
#5 C:\xampp\htdocs\asia\codeigniter\rent-a-ride\system\CodeIgniter.php(832): App\Controllers\Booking->details('assets', 'img', 'favicon.png')
#6 C:\xampp\htdocs\asia\codeigniter\rent-a-ride\system\CodeIgniter.php(419): CodeIgniter\CodeIgniter->runController(Object(App\Controllers\Booking))
#7 C:\xampp\htdocs\asia\codeigniter\rent-a-ride\system\CodeIgniter.php(326): CodeIgniter\CodeIgniter->handleRequest(NULL, Object(Config\Cache), false)
#8 C:\xampp\htdocs\asia\codeigniter\rent-a-ride\index.php(38): CodeIgniter\CodeIgniter->run()
#9 {main}
CRITICAL - 2022-04-03 03:04:46 --> Trying to access array offset on value of type null
#0 C:\xampp\htdocs\asia\codeigniter\rent-a-ride\app\Views\pages\booking\details.php(41): CodeIgniter\Debug\Exceptions->errorHandler(2, 'Trying to acces...', 'C:\\xampp\\htdocs...', 41)
#1 C:\xampp\htdocs\asia\codeigniter\rent-a-ride\system\View\View.php(210): include('C:\\xampp\\htdocs...')
#2 C:\xampp\htdocs\asia\codeigniter\rent-a-ride\system\View\View.php(213): CodeIgniter\View\View->CodeIgniter\View\{closure}()
#3 C:\xampp\htdocs\asia\codeigniter\rent-a-ride\system\Common.php(1089): CodeIgniter\View\View->render('pages/booking/d...', Array, true)
#4 C:\xampp\htdocs\asia\codeigniter\rent-a-ride\app\Controllers\Booking.php(71): view('pages/booking/d...', Array)
#5 C:\xampp\htdocs\asia\codeigniter\rent-a-ride\system\CodeIgniter.php(832): App\Controllers\Booking->details('assets', 'img', 'favicon.png')
#6 C:\xampp\htdocs\asia\codeigniter\rent-a-ride\system\CodeIgniter.php(419): CodeIgniter\CodeIgniter->runController(Object(App\Controllers\Booking))
#7 C:\xampp\htdocs\asia\codeigniter\rent-a-ride\system\CodeIgniter.php(326): CodeIgniter\CodeIgniter->handleRequest(NULL, Object(Config\Cache), false)
#8 C:\xampp\htdocs\asia\codeigniter\rent-a-ride\index.php(38): CodeIgniter\CodeIgniter->run()
#9 {main}
CRITICAL - 2022-04-03 03:05:30 --> Trying to access array offset on value of type null
#0 C:\xampp\htdocs\asia\codeigniter\rent-a-ride\app\Views\pages\booking\details.php(41): CodeIgniter\Debug\Exceptions->errorHandler(2, 'Trying to acces...', 'C:\\xampp\\htdocs...', 41)
#1 C:\xampp\htdocs\asia\codeigniter\rent-a-ride\system\View\View.php(210): include('C:\\xampp\\htdocs...')
#2 C:\xampp\htdocs\asia\codeigniter\rent-a-ride\system\View\View.php(213): CodeIgniter\View\View->CodeIgniter\View\{closure}()
#3 C:\xampp\htdocs\asia\codeigniter\rent-a-ride\system\Common.php(1089): CodeIgniter\View\View->render('pages/booking/d...', Array, true)
#4 C:\xampp\htdocs\asia\codeigniter\rent-a-ride\app\Controllers\Booking.php(71): view('pages/booking/d...', Array)
#5 C:\xampp\htdocs\asia\codeigniter\rent-a-ride\system\CodeIgniter.php(832): App\Controllers\Booking->details('assets', 'img', 'favicon.png')
#6 C:\xampp\htdocs\asia\codeigniter\rent-a-ride\system\CodeIgniter.php(419): CodeIgniter\CodeIgniter->runController(Object(App\Controllers\Booking))
#7 C:\xampp\htdocs\asia\codeigniter\rent-a-ride\system\CodeIgniter.php(326): CodeIgniter\CodeIgniter->handleRequest(NULL, Object(Config\Cache), false)
#8 C:\xampp\htdocs\asia\codeigniter\rent-a-ride\index.php(38): CodeIgniter\CodeIgniter->run()
#9 {main}
CRITICAL - 2022-04-03 03:05:48 --> Trying to access array offset on value of type null
#0 C:\xampp\htdocs\asia\codeigniter\rent-a-ride\app\Views\pages\booking\details.php(41): CodeIgniter\Debug\Exceptions->errorHandler(2, 'Trying to acces...', 'C:\\xampp\\htdocs...', 41)
#1 C:\xampp\htdocs\asia\codeigniter\rent-a-ride\system\View\View.php(210): include('C:\\xampp\\htdocs...')
#2 C:\xampp\htdocs\asia\codeigniter\rent-a-ride\system\View\View.php(213): CodeIgniter\View\View->CodeIgniter\View\{closure}()
#3 C:\xampp\htdocs\asia\codeigniter\rent-a-ride\system\Common.php(1089): CodeIgniter\View\View->render('pages/booking/d...', Array, true)
#4 C:\xampp\htdocs\asia\codeigniter\rent-a-ride\app\Controllers\Booking.php(71): view('pages/booking/d...', Array)
#5 C:\xampp\htdocs\asia\codeigniter\rent-a-ride\system\CodeIgniter.php(832): App\Controllers\Booking->details('assets', 'img', 'favicon.png')
#6 C:\xampp\htdocs\asia\codeigniter\rent-a-ride\system\CodeIgniter.php(419): CodeIgniter\CodeIgniter->runController(Object(App\Controllers\Booking))
#7 C:\xampp\htdocs\asia\codeigniter\rent-a-ride\system\CodeIgniter.php(326): CodeIgniter\CodeIgniter->handleRequest(NULL, Object(Config\Cache), false)
#8 C:\xampp\htdocs\asia\codeigniter\rent-a-ride\index.php(38): CodeIgniter\CodeIgniter->run()
#9 {main}
CRITICAL - 2022-04-03 03:06:31 --> Trying to access array offset on value of type null
#0 C:\xampp\htdocs\asia\codeigniter\rent-a-ride\app\Views\pages\booking\details.php(41): CodeIgniter\Debug\Exceptions->errorHandler(2, 'Trying to acces...', 'C:\\xampp\\htdocs...', 41)
#1 C:\xampp\htdocs\asia\codeigniter\rent-a-ride\system\View\View.php(210): include('C:\\xampp\\htdocs...')
#2 C:\xampp\htdocs\asia\codeigniter\rent-a-ride\system\View\View.php(213): CodeIgniter\View\View->CodeIgniter\View\{closure}()
#3 C:\xampp\htdocs\asia\codeigniter\rent-a-ride\system\Common.php(1089): CodeIgniter\View\View->render('pages/booking/d...', Array, true)
#4 C:\xampp\htdocs\asia\codeigniter\rent-a-ride\app\Controllers\Booking.php(71): view('pages/booking/d...', Array)
#5 C:\xampp\htdocs\asia\codeigniter\rent-a-ride\system\CodeIgniter.php(832): App\Controllers\Booking->details('assets', 'img', 'favicon.png')
#6 C:\xampp\htdocs\asia\codeigniter\rent-a-ride\system\CodeIgniter.php(419): CodeIgniter\CodeIgniter->runController(Object(App\Controllers\Booking))
#7 C:\xampp\htdocs\asia\codeigniter\rent-a-ride\system\CodeIgniter.php(326): CodeIgniter\CodeIgniter->handleRequest(NULL, Object(Config\Cache), false)
#8 C:\xampp\htdocs\asia\codeigniter\rent-a-ride\index.php(38): CodeIgniter\CodeIgniter->run()
#9 {main}
CRITICAL - 2022-04-03 03:07:25 --> Trying to access array offset on value of type null
#0 C:\xampp\htdocs\asia\codeigniter\rent-a-ride\app\Views\pages\booking\details.php(41): CodeIgniter\Debug\Exceptions->errorHandler(2, 'Trying to acces...', 'C:\\xampp\\htdocs...', 41)
#1 C:\xampp\htdocs\asia\codeigniter\rent-a-ride\system\View\View.php(210): include('C:\\xampp\\htdocs...')
#2 C:\xampp\htdocs\asia\codeigniter\rent-a-ride\system\View\View.php(213): CodeIgniter\View\View->CodeIgniter\View\{closure}()
#3 C:\xampp\htdocs\asia\codeigniter\rent-a-ride\system\Common.php(1089): CodeIgniter\View\View->render('pages/booking/d...', Array, true)
#4 C:\xampp\htdocs\asia\codeigniter\rent-a-ride\app\Controllers\Booking.php(71): view('pages/booking/d...', Array)
#5 C:\xampp\htdocs\asia\codeigniter\rent-a-ride\system\CodeIgniter.php(832): App\Controllers\Booking->details('assets', 'img', 'favicon.png')
#6 C:\xampp\htdocs\asia\codeigniter\rent-a-ride\system\CodeIgniter.php(419): CodeIgniter\CodeIgniter->runController(Object(App\Controllers\Booking))
#7 C:\xampp\htdocs\asia\codeigniter\rent-a-ride\system\CodeIgniter.php(326): CodeIgniter\CodeIgniter->handleRequest(NULL, Object(Config\Cache), false)
#8 C:\xampp\htdocs\asia\codeigniter\rent-a-ride\index.php(38): CodeIgniter\CodeIgniter->run()
#9 {main}
CRITICAL - 2022-04-03 03:08:54 --> Trying to access array offset on value of type null
#0 C:\xampp\htdocs\asia\codeigniter\rent-a-ride\app\Views\pages\booking\details.php(41): CodeIgniter\Debug\Exceptions->errorHandler(2, 'Trying to acces...', 'C:\\xampp\\htdocs...', 41)
#1 C:\xampp\htdocs\asia\codeigniter\rent-a-ride\system\View\View.php(210): include('C:\\xampp\\htdocs...')
#2 C:\xampp\htdocs\asia\codeigniter\rent-a-ride\system\View\View.php(213): CodeIgniter\View\View->CodeIgniter\View\{closure}()
#3 C:\xampp\htdocs\asia\codeigniter\rent-a-ride\system\Common.php(1089): CodeIgniter\View\View->render('pages/booking/d...', Array, true)
#4 C:\xampp\htdocs\asia\codeigniter\rent-a-ride\app\Controllers\Booking.php(71): view('pages/booking/d...', Array)
#5 C:\xampp\htdocs\asia\codeigniter\rent-a-ride\system\CodeIgniter.php(832): App\Controllers\Booking->details('assets', 'img', 'favicon.png')
#6 C:\xampp\htdocs\asia\codeigniter\rent-a-ride\system\CodeIgniter.php(419): CodeIgniter\CodeIgniter->runController(Object(App\Controllers\Booking))
#7 C:\xampp\htdocs\asia\codeigniter\rent-a-ride\system\CodeIgniter.php(326): CodeIgniter\CodeIgniter->handleRequest(NULL, Object(Config\Cache), false)
#8 C:\xampp\htdocs\asia\codeigniter\rent-a-ride\index.php(38): CodeIgniter\CodeIgniter->run()
#9 {main}
CRITICAL - 2022-04-03 03:10:35 --> Trying to access array offset on value of type null
#0 C:\xampp\htdocs\asia\codeigniter\rent-a-ride\app\Views\pages\booking\details.php(41): CodeIgniter\Debug\Exceptions->errorHandler(2, 'Trying to acces...', 'C:\\xampp\\htdocs...', 41)
#1 C:\xampp\htdocs\asia\codeigniter\rent-a-ride\system\View\View.php(210): include('C:\\xampp\\htdocs...')
#2 C:\xampp\htdocs\asia\codeigniter\rent-a-ride\system\View\View.php(213): CodeIgniter\View\View->CodeIgniter\View\{closure}()
#3 C:\xampp\htdocs\asia\codeigniter\rent-a-ride\system\Common.php(1089): CodeIgniter\View\View->render('pages/booking/d...', Array, true)
#4 C:\xampp\htdocs\asia\codeigniter\rent-a-ride\app\Controllers\Booking.php(71): view('pages/booking/d...', Array)
#5 C:\xampp\htdocs\asia\codeigniter\rent-a-ride\system\CodeIgniter.php(832): App\Controllers\Booking->details('assets', 'img', 'favicon.png')
#6 C:\xampp\htdocs\asia\codeigniter\rent-a-ride\system\CodeIgniter.php(419): CodeIgniter\CodeIgniter->runController(Object(App\Controllers\Booking))
#7 C:\xampp\htdocs\asia\codeigniter\rent-a-ride\system\CodeIgniter.php(326): CodeIgniter\CodeIgniter->handleRequest(NULL, Object(Config\Cache), false)
#8 C:\xampp\htdocs\asia\codeigniter\rent-a-ride\index.php(38): CodeIgniter\CodeIgniter->run()
#9 {main}
CRITICAL - 2022-04-03 03:17:35 --> Trying to access array offset on value of type null
#0 C:\xampp\htdocs\asia\codeigniter\rent-a-ride\app\Views\pages\user\details.php(30): CodeIgniter\Debug\Exceptions->errorHandler(2, 'Trying to acces...', 'C:\\xampp\\htdocs...', 30)
#1 C:\xampp\htdocs\asia\codeigniter\rent-a-ride\system\View\View.php(210): include('C:\\xampp\\htdocs...')
#2 C:\xampp\htdocs\asia\codeigniter\rent-a-ride\system\View\View.php(213): CodeIgniter\View\View->CodeIgniter\View\{closure}()
#3 C:\xampp\htdocs\asia\codeigniter\rent-a-ride\system\Common.php(1089): CodeIgniter\View\View->render('pages/user/deta...', Array, true)
#4 C:\xampp\htdocs\asia\codeigniter\rent-a-ride\app\Controllers\User.php(71): view('pages/user/deta...', Array)
#5 C:\xampp\htdocs\asia\codeigniter\rent-a-ride\system\CodeIgniter.php(832): App\Controllers\User->details('assets', 'img', 'favicon.png')
#6 C:\xampp\htdocs\asia\codeigniter\rent-a-ride\system\CodeIgniter.php(419): CodeIgniter\CodeIgniter->runController(Object(App\Controllers\User))
#7 C:\xampp\htdocs\asia\codeigniter\rent-a-ride\system\CodeIgniter.php(326): CodeIgniter\CodeIgniter->handleRequest(NULL, Object(Config\Cache), false)
#8 C:\xampp\htdocs\asia\codeigniter\rent-a-ride\index.php(38): CodeIgniter\CodeIgniter->run()
#9 {main}
ERROR - 2022-04-03 03:17:58 --> Unknown column 'assets' in 'where clause'
CRITICAL - 2022-04-03 03:17:58 --> Call to a member function getFirstRow() on bool
#0 C:\xampp\htdocs\asia\codeigniter\rent-a-ride\system\BaseModel.php(622): CodeIgniter\Model->doFirst()
#1 C:\xampp\htdocs\asia\codeigniter\rent-a-ride\app\Controllers\Vehicle.php(61): CodeIgniter\BaseModel->first()
#2 C:\xampp\htdocs\asia\codeigniter\rent-a-ride\system\CodeIgniter.php(832): App\Controllers\Vehicle->details('assets', 'img', 'favicon.png')
#3 C:\xampp\htdocs\asia\codeigniter\rent-a-ride\system\CodeIgniter.php(419): CodeIgniter\CodeIgniter->runController(Object(App\Controllers\Vehicle))
#4 C:\xampp\htdocs\asia\codeigniter\rent-a-ride\system\CodeIgniter.php(326): CodeIgniter\CodeIgniter->handleRequest(NULL, Object(Config\Cache), false)
#5 C:\xampp\htdocs\asia\codeigniter\rent-a-ride\index.php(38): CodeIgniter\CodeIgniter->run()
#6 {main}
CRITICAL - 2022-04-03 03:18:09 --> Trying to access array offset on value of type null
#0 C:\xampp\htdocs\asia\codeigniter\rent-a-ride\app\Views\pages\driver\details.php(27): CodeIgniter\Debug\Exceptions->errorHandler(2, 'Trying to acces...', 'C:\\xampp\\htdocs...', 27)
#1 C:\xampp\htdocs\asia\codeigniter\rent-a-ride\system\View\View.php(210): include('C:\\xampp\\htdocs...')
#2 C:\xampp\htdocs\asia\codeigniter\rent-a-ride\system\View\View.php(213): CodeIgniter\View\View->CodeIgniter\View\{closure}()
#3 C:\xampp\htdocs\asia\codeigniter\rent-a-ride\system\Common.php(1089): CodeIgniter\View\View->render('pages/driver/de...', Array, true)
#4 C:\xampp\htdocs\asia\codeigniter\rent-a-ride\app\Controllers\Driver.php(49): view('pages/driver/de...', Array)
#5 C:\xampp\htdocs\asia\codeigniter\rent-a-ride\system\CodeIgniter.php(832): App\Controllers\Driver->details('assets', 'img', 'favicon.png')
#6 C:\xampp\htdocs\asia\codeigniter\rent-a-ride\system\CodeIgniter.php(419): CodeIgniter\CodeIgniter->runController(Object(App\Controllers\Driver))
#7 C:\xampp\htdocs\asia\codeigniter\rent-a-ride\system\CodeIgniter.php(326): CodeIgniter\CodeIgniter->handleRequest(NULL, Object(Config\Cache), false)
#8 C:\xampp\htdocs\asia\codeigniter\rent-a-ride\index.php(38): CodeIgniter\CodeIgniter->run()
#9 {main}
CRITICAL - 2022-04-03 03:18:32 --> Trying to access array offset on value of type null
#0 C:\xampp\htdocs\asia\codeigniter\rent-a-ride\app\Views\pages\booking\details.php(41): CodeIgniter\Debug\Exceptions->errorHandler(2, 'Trying to acces...', 'C:\\xampp\\htdocs...', 41)
#1 C:\xampp\htdocs\asia\codeigniter\rent-a-ride\system\View\View.php(210): include('C:\\xampp\\htdocs...')
#2 C:\xampp\htdocs\asia\codeigniter\rent-a-ride\system\View\View.php(213): CodeIgniter\View\View->CodeIgniter\View\{closure}()
#3 C:\xampp\htdocs\asia\codeigniter\rent-a-ride\system\Common.php(1089): CodeIgniter\View\View->render('pages/booking/d...', Array, true)
#4 C:\xampp\htdocs\asia\codeigniter\rent-a-ride\app\Controllers\Booking.php(71): view('pages/booking/d...', Array)
#5 C:\xampp\htdocs\asia\codeigniter\rent-a-ride\system\CodeIgniter.php(832): App\Controllers\Booking->details('assets', 'img', 'favicon.png')
#6 C:\xampp\htdocs\asia\codeigniter\rent-a-ride\system\CodeIgniter.php(419): CodeIgniter\CodeIgniter->runController(Object(App\Controllers\Booking))
#7 C:\xampp\htdocs\asia\codeigniter\rent-a-ride\system\CodeIgniter.php(326): CodeIgniter\CodeIgniter->handleRequest(NULL, Object(Config\Cache), false)
#8 C:\xampp\htdocs\asia\codeigniter\rent-a-ride\index.php(38): CodeIgniter\CodeIgniter->run()
#9 {main}
CRITICAL - 2022-04-03 03:53:15 --> Trying to access array offset on value of type null
#0 C:\xampp\htdocs\asia\codeigniter\rent-a-ride\app\Views\pages\booking\details.php(41): CodeIgniter\Debug\Exceptions->errorHandler(2, 'Trying to acces...', 'C:\\xampp\\htdocs...', 41)
#1 C:\xampp\htdocs\asia\codeigniter\rent-a-ride\system\View\View.php(210): include('C:\\xampp\\htdocs...')
#2 C:\xampp\htdocs\asia\codeigniter\rent-a-ride\system\View\View.php(213): CodeIgniter\View\View->CodeIgniter\View\{closure}()
#3 C:\xampp\htdocs\asia\codeigniter\rent-a-ride\system\Common.php(1089): CodeIgniter\View\View->render('pages/booking/d...', Array, true)
#4 C:\xampp\htdocs\asia\codeigniter\rent-a-ride\app\Controllers\Booking.php(71): view('pages/booking/d...', Array)
#5 C:\xampp\htdocs\asia\codeigniter\rent-a-ride\system\CodeIgniter.php(832): App\Controllers\Booking->details('assets', 'img', 'favicon.png')
#6 C:\xampp\htdocs\asia\codeigniter\rent-a-ride\system\CodeIgniter.php(419): CodeIgniter\CodeIgniter->runController(Object(App\Controllers\Booking))
#7 C:\xampp\htdocs\asia\codeigniter\rent-a-ride\system\CodeIgniter.php(326): CodeIgniter\CodeIgniter->handleRequest(NULL, Object(Config\Cache), false)
#8 C:\xampp\htdocs\asia\codeigniter\rent-a-ride\index.php(38): CodeIgniter\CodeIgniter->run()
#9 {main}
ERROR - 2022-04-03 03:53:33 --> Unknown column 'assets' in 'where clause'
CRITICAL - 2022-04-03 03:53:33 --> Call to a member function getFirstRow() on bool
#0 C:\xampp\htdocs\asia\codeigniter\rent-a-ride\system\BaseModel.php(622): CodeIgniter\Model->doFirst()
#1 C:\xampp\htdocs\asia\codeigniter\rent-a-ride\app\Controllers\Vehicle.php(61): CodeIgniter\BaseModel->first()
#2 C:\xampp\htdocs\asia\codeigniter\rent-a-ride\system\CodeIgniter.php(832): App\Controllers\Vehicle->details('assets', 'img', 'favicon.png')
#3 C:\xampp\htdocs\asia\codeigniter\rent-a-ride\system\CodeIgniter.php(419): CodeIgniter\CodeIgniter->runController(Object(App\Controllers\Vehicle))
#4 C:\xampp\htdocs\asia\codeigniter\rent-a-ride\system\CodeIgniter.php(326): CodeIgniter\CodeIgniter->handleRequest(NULL, Object(Config\Cache), false)
#5 C:\xampp\htdocs\asia\codeigniter\rent-a-ride\index.php(38): CodeIgniter\CodeIgniter->run()
#6 {main}
CRITICAL - 2022-04-03 03:53:47 --> Trying to access array offset on value of type null
#0 C:\xampp\htdocs\asia\codeigniter\rent-a-ride\app\Views\pages\user\details.php(30): CodeIgniter\Debug\Exceptions->errorHandler(2, 'Trying to acces...', 'C:\\xampp\\htdocs...', 30)
#1 C:\xampp\htdocs\asia\codeigniter\rent-a-ride\system\View\View.php(210): include('C:\\xampp\\htdocs...')
#2 C:\xampp\htdocs\asia\codeigniter\rent-a-ride\system\View\View.php(213): CodeIgniter\View\View->CodeIgniter\View\{closure}()
#3 C:\xampp\htdocs\asia\codeigniter\rent-a-ride\system\Common.php(1089): CodeIgniter\View\View->render('pages/user/deta...', Array, true)
#4 C:\xampp\htdocs\asia\codeigniter\rent-a-ride\app\Controllers\User.php(71): view('pages/user/deta...', Array)
#5 C:\xampp\htdocs\asia\codeigniter\rent-a-ride\system\CodeIgniter.php(832): App\Controllers\User->details('assets', 'img', 'favicon.png')
#6 C:\xampp\htdocs\asia\codeigniter\rent-a-ride\system\CodeIgniter.php(419): CodeIgniter\CodeIgniter->runController(Object(App\Controllers\User))
#7 C:\xampp\htdocs\asia\codeigniter\rent-a-ride\system\CodeIgniter.php(326): CodeIgniter\CodeIgniter->handleRequest(NULL, Object(Config\Cache), false)
#8 C:\xampp\htdocs\asia\codeigniter\rent-a-ride\index.php(38): CodeIgniter\CodeIgniter->run()
#9 {main}
CRITICAL - 2022-04-03 03:53:55 --> Trying to access array offset on value of type null
#0 C:\xampp\htdocs\asia\codeigniter\rent-a-ride\app\Views\pages\user\edit.php(21): CodeIgniter\Debug\Exceptions->errorHandler(2, 'Trying to acces...', 'C:\\xampp\\htdocs...', 21)
#1 C:\xampp\htdocs\asia\codeigniter\rent-a-ride\system\View\View.php(210): include('C:\\xampp\\htdocs...')
#2 C:\xampp\htdocs\asia\codeigniter\rent-a-ride\system\View\View.php(213): CodeIgniter\View\View->CodeIgniter\View\{closure}()
#3 C:\xampp\htdocs\asia\codeigniter\rent-a-ride\system\Common.php(1089): CodeIgniter\View\View->render('pages/user/edit', Array, true)
#4 C:\xampp\htdocs\asia\codeigniter\rent-a-ride\app\Controllers\User.php(88): view('pages/user/edit', Array)
#5 C:\xampp\htdocs\asia\codeigniter\rent-a-ride\system\CodeIgniter.php(832): App\Controllers\User->edit('assets', 'img', 'favicon.png')
#6 C:\xampp\htdocs\asia\codeigniter\rent-a-ride\system\CodeIgniter.php(419): CodeIgniter\CodeIgniter->runController(Object(App\Controllers\User))
#7 C:\xampp\htdocs\asia\codeigniter\rent-a-ride\system\CodeIgniter.php(326): CodeIgniter\CodeIgniter->handleRequest(NULL, Object(Config\Cache), false)
#8 C:\xampp\htdocs\asia\codeigniter\rent-a-ride\index.php(38): CodeIgniter\CodeIgniter->run()
#9 {main}
CRITICAL - 2022-04-03 03:54:09 --> Trying to access array offset on value of type null
#0 C:\xampp\htdocs\asia\codeigniter\rent-a-ride\app\Views\pages\driver\details.php(27): CodeIgniter\Debug\Exceptions->errorHandler(2, 'Trying to acces...', 'C:\\xampp\\htdocs...', 27)
#1 C:\xampp\htdocs\asia\codeigniter\rent-a-ride\system\View\View.php(210): include('C:\\xampp\\htdocs...')
#2 C:\xampp\htdocs\asia\codeigniter\rent-a-ride\system\View\View.php(213): CodeIgniter\View\View->CodeIgniter\View\{closure}()
#3 C:\xampp\htdocs\asia\codeigniter\rent-a-ride\system\Common.php(1089): CodeIgniter\View\View->render('pages/driver/de...', Array, true)
#4 C:\xampp\htdocs\asia\codeigniter\rent-a-ride\app\Controllers\Driver.php(49): view('pages/driver/de...', Array)
#5 C:\xampp\htdocs\asia\codeigniter\rent-a-ride\system\CodeIgniter.php(832): App\Controllers\Driver->details('assets', 'img', 'favicon.png')
#6 C:\xampp\htdocs\asia\codeigniter\rent-a-ride\system\CodeIgniter.php(419): CodeIgniter\CodeIgniter->runController(Object(App\Controllers\Driver))
#7 C:\xampp\htdocs\asia\codeigniter\rent-a-ride\system\CodeIgniter.php(326): CodeIgniter\CodeIgniter->handleRequest(NULL, Object(Config\Cache), false)
#8 C:\xampp\htdocs\asia\codeigniter\rent-a-ride\index.php(38): CodeIgniter\CodeIgniter->run()
#9 {main}
CRITICAL - 2022-04-03 04:02:46 --> Trying to access array offset on value of type null
#0 C:\xampp\htdocs\asia\codeigniter\rent-a-ride\app\Views\pages\booking\details.php(41): CodeIgniter\Debug\Exceptions->errorHandler(2, 'Trying to acces...', 'C:\\xampp\\htdocs...', 41)
#1 C:\xampp\htdocs\asia\codeigniter\rent-a-ride\system\View\View.php(210): include('C:\\xampp\\htdocs...')
#2 C:\xampp\htdocs\asia\codeigniter\rent-a-ride\system\View\View.php(213): CodeIgniter\View\View->CodeIgniter\View\{closure}()
#3 C:\xampp\htdocs\asia\codeigniter\rent-a-ride\system\Common.php(1089): CodeIgniter\View\View->render('pages/booking/d...', Array, true)
#4 C:\xampp\htdocs\asia\codeigniter\rent-a-ride\app\Controllers\Booking.php(71): view('pages/booking/d...', Array)
#5 C:\xampp\htdocs\asia\codeigniter\rent-a-ride\system\CodeIgniter.php(832): App\Controllers\Booking->details('assets', 'img', 'favicon.png')
#6 C:\xampp\htdocs\asia\codeigniter\rent-a-ride\system\CodeIgniter.php(419): CodeIgniter\CodeIgniter->runController(Object(App\Controllers\Booking))
#7 C:\xampp\htdocs\asia\codeigniter\rent-a-ride\system\CodeIgniter.php(326): CodeIgniter\CodeIgniter->handleRequest(NULL, Object(Config\Cache), false)
#8 C:\xampp\htdocs\asia\codeigniter\rent-a-ride\index.php(38): CodeIgniter\CodeIgniter->run()
#9 {main}
CRITICAL - 2022-04-03 04:03:02 --> Trying to access array offset on value of type null
#0 C:\xampp\htdocs\asia\codeigniter\rent-a-ride\app\Views\pages\booking\details.php(41): CodeIgniter\Debug\Exceptions->errorHandler(2, 'Trying to acces...', 'C:\\xampp\\htdocs...', 41)
#1 C:\xampp\htdocs\asia\codeigniter\rent-a-ride\system\View\View.php(210): include('C:\\xampp\\htdocs...')
#2 C:\xampp\htdocs\asia\codeigniter\rent-a-ride\system\View\View.php(213): CodeIgniter\View\View->CodeIgniter\View\{closure}()
#3 C:\xampp\htdocs\asia\codeigniter\rent-a-ride\system\Common.php(1089): CodeIgniter\View\View->render('pages/booking/d...', Array, true)
#4 C:\xampp\htdocs\asia\codeigniter\rent-a-ride\app\Controllers\Booking.php(71): view('pages/booking/d...', Array)
#5 C:\xampp\htdocs\asia\codeigniter\rent-a-ride\system\CodeIgniter.php(832): App\Controllers\Booking->details('assets', 'img', 'favicon.png')
#6 C:\xampp\htdocs\asia\codeigniter\rent-a-ride\system\CodeIgniter.php(419): CodeIgniter\CodeIgniter->runController(Object(App\Controllers\Booking))
#7 C:\xampp\htdocs\asia\codeigniter\rent-a-ride\system\CodeIgniter.php(326): CodeIgniter\CodeIgniter->handleRequest(NULL, Object(Config\Cache), false)
#8 C:\xampp\htdocs\asia\codeigniter\rent-a-ride\index.php(38): CodeIgniter\CodeIgniter->run()
#9 {main}
CRITICAL - 2022-04-03 04:04:56 --> Trying to access array offset on value of type null
#0 C:\xampp\htdocs\asia\codeigniter\rent-a-ride\app\Views\pages\booking\details.php(56): CodeIgniter\Debug\Exceptions->errorHandler(2, 'Trying to acces...', 'C:\\xampp\\htdocs...', 56)
#1 C:\xampp\htdocs\asia\codeigniter\rent-a-ride\system\View\View.php(210): include('C:\\xampp\\htdocs...')
#2 C:\xampp\htdocs\asia\codeigniter\rent-a-ride\system\View\View.php(213): CodeIgniter\View\View->CodeIgniter\View\{closure}()
#3 C:\xampp\htdocs\asia\codeigniter\rent-a-ride\system\Common.php(1089): CodeIgniter\View\View->render('pages/booking/d...', Array, true)
#4 C:\xampp\htdocs\asia\codeigniter\rent-a-ride\app\Controllers\Booking.php(71): view('pages/booking/d...', Array)
#5 C:\xampp\htdocs\asia\codeigniter\rent-a-ride\system\CodeIgniter.php(832): App\Controllers\Booking->details('assets', 'img', 'favicon.png')
#6 C:\xampp\htdocs\asia\codeigniter\rent-a-ride\system\CodeIgniter.php(419): CodeIgniter\CodeIgniter->runController(Object(App\Controllers\Booking))
#7 C:\xampp\htdocs\asia\codeigniter\rent-a-ride\system\CodeIgniter.php(326): CodeIgniter\CodeIgniter->handleRequest(NULL, Object(Config\Cache), false)
#8 C:\xampp\htdocs\asia\codeigniter\rent-a-ride\index.php(38): CodeIgniter\CodeIgniter->run()
#9 {main}
CRITICAL - 2022-04-03 04:05:26 --> Trying to access array offset on value of type null
#0 C:\xampp\htdocs\asia\codeigniter\rent-a-ride\app\Views\pages\booking\details.php(57): CodeIgniter\Debug\Exceptions->errorHandler(2, 'Trying to acces...', 'C:\\xampp\\htdocs...', 57)
#1 C:\xampp\htdocs\asia\codeigniter\rent-a-ride\system\View\View.php(210): include('C:\\xampp\\htdocs...')
#2 C:\xampp\htdocs\asia\codeigniter\rent-a-ride\system\View\View.php(213): CodeIgniter\View\View->CodeIgniter\View\{closure}()
#3 C:\xampp\htdocs\asia\codeigniter\rent-a-ride\system\Common.php(1089): CodeIgniter\View\View->render('pages/booking/d...', Array, true)
#4 C:\xampp\htdocs\asia\codeigniter\rent-a-ride\app\Controllers\Booking.php(71): view('pages/booking/d...', Array)
#5 C:\xampp\htdocs\asia\codeigniter\rent-a-ride\system\CodeIgniter.php(832): App\Controllers\Booking->details('assets', 'img', 'favicon.png')
#6 C:\xampp\htdocs\asia\codeigniter\rent-a-ride\system\CodeIgniter.php(419): CodeIgniter\CodeIgniter->runController(Object(App\Controllers\Booking))
#7 C:\xampp\htdocs\asia\codeigniter\rent-a-ride\system\CodeIgniter.php(326): CodeIgniter\CodeIgniter->handleRequest(NULL, Object(Config\Cache), false)
#8 C:\xampp\htdocs\asia\codeigniter\rent-a-ride\index.php(38): CodeIgniter\CodeIgniter->run()
#9 {main}
CRITICAL - 2022-04-03 04:05:49 --> Trying to access array offset on value of type null
#0 C:\xampp\htdocs\asia\codeigniter\rent-a-ride\app\Views\pages\booking\details.php(57): CodeIgniter\Debug\Exceptions->errorHandler(2, 'Trying to acces...', 'C:\\xampp\\htdocs...', 57)
#1 C:\xampp\htdocs\asia\codeigniter\rent-a-ride\system\View\View.php(210): include('C:\\xampp\\htdocs...')
#2 C:\xampp\htdocs\asia\codeigniter\rent-a-ride\system\View\View.php(213): CodeIgniter\View\View->CodeIgniter\View\{closure}()
#3 C:\xampp\htdocs\asia\codeigniter\rent-a-ride\system\Common.php(1089): CodeIgniter\View\View->render('pages/booking/d...', Array, true)
#4 C:\xampp\htdocs\asia\codeigniter\rent-a-ride\app\Controllers\Booking.php(71): view('pages/booking/d...', Array)
#5 C:\xampp\htdocs\asia\codeigniter\rent-a-ride\system\CodeIgniter.php(832): App\Controllers\Booking->details('assets', 'img', 'favicon.png')
#6 C:\xampp\htdocs\asia\codeigniter\rent-a-ride\system\CodeIgniter.php(419): CodeIgniter\CodeIgniter->runController(Object(App\Controllers\Booking))
#7 C:\xampp\htdocs\asia\codeigniter\rent-a-ride\system\CodeIgniter.php(326): CodeIgniter\CodeIgniter->handleRequest(NULL, Object(Config\Cache), false)
#8 C:\xampp\htdocs\asia\codeigniter\rent-a-ride\index.php(38): CodeIgniter\CodeIgniter->run()
#9 {main}
CRITICAL - 2022-04-03 04:05:50 --> Trying to access array offset on value of type null
#0 C:\xampp\htdocs\asia\codeigniter\rent-a-ride\app\Views\pages\booking\details.php(57): CodeIgniter\Debug\Exceptions->errorHandler(2, 'Trying to acces...', 'C:\\xampp\\htdocs...', 57)
#1 C:\xampp\htdocs\asia\codeigniter\rent-a-ride\system\View\View.php(210): include('C:\\xampp\\htdocs...')
#2 C:\xampp\htdocs\asia\codeigniter\rent-a-ride\system\View\View.php(213): CodeIgniter\View\View->CodeIgniter\View\{closure}()
#3 C:\xampp\htdocs\asia\codeigniter\rent-a-ride\system\Common.php(1089): CodeIgniter\View\View->render('pages/booking/d...', Array, true)
#4 C:\xampp\htdocs\asia\codeigniter\rent-a-ride\app\Controllers\Booking.php(71): view('pages/booking/d...', Array)
#5 C:\xampp\htdocs\asia\codeigniter\rent-a-ride\system\CodeIgniter.php(832): App\Controllers\Booking->details('assets', 'img', 'favicon.png')
#6 C:\xampp\htdocs\asia\codeigniter\rent-a-ride\system\CodeIgniter.php(419): CodeIgniter\CodeIgniter->runController(Object(App\Controllers\Booking))
#7 C:\xampp\htdocs\asia\codeigniter\rent-a-ride\system\CodeIgniter.php(326): CodeIgniter\CodeIgniter->handleRequest(NULL, Object(Config\Cache), false)
#8 C:\xampp\htdocs\asia\codeigniter\rent-a-ride\index.php(38): CodeIgniter\CodeIgniter->run()
#9 {main}
CRITICAL - 2022-04-03 04:05:50 --> Trying to access array offset on value of type null
#0 C:\xampp\htdocs\asia\codeigniter\rent-a-ride\app\Views\pages\booking\details.php(57): CodeIgniter\Debug\Exceptions->errorHandler(2, 'Trying to acces...', 'C:\\xampp\\htdocs...', 57)
#1 C:\xampp\htdocs\asia\codeigniter\rent-a-ride\system\View\View.php(210): include('C:\\xampp\\htdocs...')
#2 C:\xampp\htdocs\asia\codeigniter\rent-a-ride\system\View\View.php(213): CodeIgniter\View\View->CodeIgniter\View\{closure}()
#3 C:\xampp\htdocs\asia\codeigniter\rent-a-ride\system\Common.php(1089): CodeIgniter\View\View->render('pages/booking/d...', Array, true)
#4 C:\xampp\htdocs\asia\codeigniter\rent-a-ride\app\Controllers\Booking.php(71): view('pages/booking/d...', Array)
#5 C:\xampp\htdocs\asia\codeigniter\rent-a-ride\system\CodeIgniter.php(832): App\Controllers\Booking->details('assets', 'img', 'favicon.png')
#6 C:\xampp\htdocs\asia\codeigniter\rent-a-ride\system\CodeIgniter.php(419): CodeIgniter\CodeIgniter->runController(Object(App\Controllers\Booking))
#7 C:\xampp\htdocs\asia\codeigniter\rent-a-ride\system\CodeIgniter.php(326): CodeIgniter\CodeIgniter->handleRequest(NULL, Object(Config\Cache), false)
#8 C:\xampp\htdocs\asia\codeigniter\rent-a-ride\index.php(38): CodeIgniter\CodeIgniter->run()
#9 {main}
CRITICAL - 2022-04-03 04:05:50 --> Trying to access array offset on value of type null
#0 C:\xampp\htdocs\asia\codeigniter\rent-a-ride\app\Views\pages\booking\details.php(57): CodeIgniter\Debug\Exceptions->errorHandler(2, 'Trying to acces...', 'C:\\xampp\\htdocs...', 57)
#1 C:\xampp\htdocs\asia\codeigniter\rent-a-ride\system\View\View.php(210): include('C:\\xampp\\htdocs...')
#2 C:\xampp\htdocs\asia\codeigniter\rent-a-ride\system\View\View.php(213): CodeIgniter\View\View->CodeIgniter\View\{closure}()
#3 C:\xampp\htdocs\asia\codeigniter\rent-a-ride\system\Common.php(1089): CodeIgniter\View\View->render('pages/booking/d...', Array, true)
#4 C:\xampp\htdocs\asia\codeigniter\rent-a-ride\app\Controllers\Booking.php(71): view('pages/booking/d...', Array)
#5 C:\xampp\htdocs\asia\codeigniter\rent-a-ride\system\CodeIgniter.php(832): App\Controllers\Booking->details('assets', 'img', 'favicon.png')
#6 C:\xampp\htdocs\asia\codeigniter\rent-a-ride\system\CodeIgniter.php(419): CodeIgniter\CodeIgniter->runController(Object(App\Controllers\Booking))
#7 C:\xampp\htdocs\asia\codeigniter\rent-a-ride\system\CodeIgniter.php(326): CodeIgniter\CodeIgniter->handleRequest(NULL, Object(Config\Cache), false)
#8 C:\xampp\htdocs\asia\codeigniter\rent-a-ride\index.php(38): CodeIgniter\CodeIgniter->run()
#9 {main}
CRITICAL - 2022-04-03 04:07:24 --> Trying to access array offset on value of type null
#0 C:\xampp\htdocs\asia\codeigniter\rent-a-ride\app\Views\pages\booking\details.php(57): CodeIgniter\Debug\Exceptions->errorHandler(2, 'Trying to acces...', 'C:\\xampp\\htdocs...', 57)
#1 C:\xampp\htdocs\asia\codeigniter\rent-a-ride\system\View\View.php(210): include('C:\\xampp\\htdocs...')
#2 C:\xampp\htdocs\asia\codeigniter\rent-a-ride\system\View\View.php(213): CodeIgniter\View\View->CodeIgniter\View\{closure}()
#3 C:\xampp\htdocs\asia\codeigniter\rent-a-ride\system\Common.php(1089): CodeIgniter\View\View->render('pages/booking/d...', Array, true)
#4 C:\xampp\htdocs\asia\codeigniter\rent-a-ride\app\Controllers\Booking.php(71): view('pages/booking/d...', Array)
#5 C:\xampp\htdocs\asia\codeigniter\rent-a-ride\system\CodeIgniter.php(832): App\Controllers\Booking->details('assets', 'img', 'favicon.png')
#6 C:\xampp\htdocs\asia\codeigniter\rent-a-ride\system\CodeIgniter.php(419): CodeIgniter\CodeIgniter->runController(Object(App\Controllers\Booking))
#7 C:\xampp\htdocs\asia\codeigniter\rent-a-ride\system\CodeIgniter.php(326): CodeIgniter\CodeIgniter->handleRequest(NULL, Object(Config\Cache), false)
#8 C:\xampp\htdocs\asia\codeigniter\rent-a-ride\index.php(38): CodeIgniter\CodeIgniter->run()
#9 {main}
CRITICAL - 2022-04-03 04:07:55 --> Trying to access array offset on value of type null
#0 C:\xampp\htdocs\asia\codeigniter\rent-a-ride\app\Views\pages\booking\details.php(57): CodeIgniter\Debug\Exceptions->errorHandler(2, 'Trying to acces...', 'C:\\xampp\\htdocs...', 57)
#1 C:\xampp\htdocs\asia\codeigniter\rent-a-ride\system\View\View.php(210): include('C:\\xampp\\htdocs...')
#2 C:\xampp\htdocs\asia\codeigniter\rent-a-ride\system\View\View.php(213): CodeIgniter\View\View->CodeIgniter\View\{closure}()
#3 C:\xampp\htdocs\asia\codeigniter\rent-a-ride\system\Common.php(1089): CodeIgniter\View\View->render('pages/booking/d...', Array, true)
#4 C:\xampp\htdocs\asia\codeigniter\rent-a-ride\app\Controllers\Booking.php(71): view('pages/booking/d...', Array)
#5 C:\xampp\htdocs\asia\codeigniter\rent-a-ride\system\CodeIgniter.php(832): App\Controllers\Booking->details('assets', 'img', 'favicon.png')
#6 C:\xampp\htdocs\asia\codeigniter\rent-a-ride\system\CodeIgniter.php(419): CodeIgniter\CodeIgniter->runController(Object(App\Controllers\Booking))
#7 C:\xampp\htdocs\asia\codeigniter\rent-a-ride\system\CodeIgniter.php(326): CodeIgniter\CodeIgniter->handleRequest(NULL, Object(Config\Cache), false)
#8 C:\xampp\htdocs\asia\codeigniter\rent-a-ride\index.php(38): CodeIgniter\CodeIgniter->run()
#9 {main}
CRITICAL - 2022-04-03 04:09:20 --> Trying to access array offset on value of type null
#0 C:\xampp\htdocs\asia\codeigniter\rent-a-ride\app\Views\pages\booking\details.php(57): CodeIgniter\Debug\Exceptions->errorHandler(2, 'Trying to acces...', 'C:\\xampp\\htdocs...', 57)
#1 C:\xampp\htdocs\asia\codeigniter\rent-a-ride\system\View\View.php(210): include('C:\\xampp\\htdocs...')
#2 C:\xampp\htdocs\asia\codeigniter\rent-a-ride\system\View\View.php(213): CodeIgniter\View\View->CodeIgniter\View\{closure}()
#3 C:\xampp\htdocs\asia\codeigniter\rent-a-ride\system\Common.php(1089): CodeIgniter\View\View->render('pages/booking/d...', Array, true)
#4 C:\xampp\htdocs\asia\codeigniter\rent-a-ride\app\Controllers\Booking.php(71): view('pages/booking/d...', Array)
#5 C:\xampp\htdocs\asia\codeigniter\rent-a-ride\system\CodeIgniter.php(832): App\Controllers\Booking->details('assets', 'img', 'favicon.png')
#6 C:\xampp\htdocs\asia\codeigniter\rent-a-ride\system\CodeIgniter.php(419): CodeIgniter\CodeIgniter->runController(Object(App\Controllers\Booking))
#7 C:\xampp\htdocs\asia\codeigniter\rent-a-ride\system\CodeIgniter.php(326): CodeIgniter\CodeIgniter->handleRequest(NULL, Object(Config\Cache), false)
#8 C:\xampp\htdocs\asia\codeigniter\rent-a-ride\index.php(38): CodeIgniter\CodeIgniter->run()
#9 {main}
CRITICAL - 2022-04-03 04:10:40 --> Trying to access array offset on value of type null
#0 C:\xampp\htdocs\asia\codeigniter\rent-a-ride\app\Views\pages\booking\details.php(57): CodeIgniter\Debug\Exceptions->errorHandler(2, 'Trying to acces...', 'C:\\xampp\\htdocs...', 57)
#1 C:\xampp\htdocs\asia\codeigniter\rent-a-ride\system\View\View.php(210): include('C:\\xampp\\htdocs...')
#2 C:\xampp\htdocs\asia\codeigniter\rent-a-ride\system\View\View.php(213): CodeIgniter\View\View->CodeIgniter\View\{closure}()
#3 C:\xampp\htdocs\asia\codeigniter\rent-a-ride\system\Common.php(1089): CodeIgniter\View\View->render('pages/booking/d...', Array, true)
#4 C:\xampp\htdocs\asia\codeigniter\rent-a-ride\app\Controllers\Booking.php(71): view('pages/booking/d...', Array)
#5 C:\xampp\htdocs\asia\codeigniter\rent-a-ride\system\CodeIgniter.php(832): App\Controllers\Booking->details('assets', 'img', 'favicon.png')
#6 C:\xampp\htdocs\asia\codeigniter\rent-a-ride\system\CodeIgniter.php(419): CodeIgniter\CodeIgniter->runController(Object(App\Controllers\Booking))
#7 C:\xampp\htdocs\asia\codeigniter\rent-a-ride\system\CodeIgniter.php(326): CodeIgniter\CodeIgniter->handleRequest(NULL, Object(Config\Cache), false)
#8 C:\xampp\htdocs\asia\codeigniter\rent-a-ride\index.php(38): CodeIgniter\CodeIgniter->run()
#9 {main}
CRITICAL - 2022-04-03 04:10:58 --> Trying to access array offset on value of type null
#0 C:\xampp\htdocs\asia\codeigniter\rent-a-ride\app\Views\pages\booking\details.php(57): CodeIgniter\Debug\Exceptions->errorHandler(2, 'Trying to acces...', 'C:\\xampp\\htdocs...', 57)
#1 C:\xampp\htdocs\asia\codeigniter\rent-a-ride\system\View\View.php(210): include('C:\\xampp\\htdocs...')
#2 C:\xampp\htdocs\asia\codeigniter\rent-a-ride\system\View\View.php(213): CodeIgniter\View\View->CodeIgniter\View\{closure}()
#3 C:\xampp\htdocs\asia\codeigniter\rent-a-ride\system\Common.php(1089): CodeIgniter\View\View->render('pages/booking/d...', Array, true)
#4 C:\xampp\htdocs\asia\codeigniter\rent-a-ride\app\Controllers\Booking.php(71): view('pages/booking/d...', Array)
#5 C:\xampp\htdocs\asia\codeigniter\rent-a-ride\system\CodeIgniter.php(832): App\Controllers\Booking->details('assets', 'img', 'favicon.png')
#6 C:\xampp\htdocs\asia\codeigniter\rent-a-ride\system\CodeIgniter.php(419): CodeIgniter\CodeIgniter->runController(Object(App\Controllers\Booking))
#7 C:\xampp\htdocs\asia\codeigniter\rent-a-ride\system\CodeIgniter.php(326): CodeIgniter\CodeIgniter->handleRequest(NULL, Object(Config\Cache), false)
#8 C:\xampp\htdocs\asia\codeigniter\rent-a-ride\index.php(38): CodeIgniter\CodeIgniter->run()
#9 {main}
CRITICAL - 2022-04-03 04:10:59 --> Trying to access array offset on value of type null
#0 C:\xampp\htdocs\asia\codeigniter\rent-a-ride\app\Views\pages\booking\details.php(57): CodeIgniter\Debug\Exceptions->errorHandler(2, 'Trying to acces...', 'C:\\xampp\\htdocs...', 57)
#1 C:\xampp\htdocs\asia\codeigniter\rent-a-ride\system\View\View.php(210): include('C:\\xampp\\htdocs...')
#2 C:\xampp\htdocs\asia\codeigniter\rent-a-ride\system\View\View.php(213): CodeIgniter\View\View->CodeIgniter\View\{closure}()
#3 C:\xampp\htdocs\asia\codeigniter\rent-a-ride\system\Common.php(1089): CodeIgniter\View\View->render('pages/booking/d...', Array, true)
#4 C:\xampp\htdocs\asia\codeigniter\rent-a-ride\app\Controllers\Booking.php(71): view('pages/booking/d...', Array)
#5 C:\xampp\htdocs\asia\codeigniter\rent-a-ride\system\CodeIgniter.php(832): App\Controllers\Booking->details('assets', 'img', 'favicon.png')
#6 C:\xampp\htdocs\asia\codeigniter\rent-a-ride\system\CodeIgniter.php(419): CodeIgniter\CodeIgniter->runController(Object(App\Controllers\Booking))
#7 C:\xampp\htdocs\asia\codeigniter\rent-a-ride\system\CodeIgniter.php(326): CodeIgniter\CodeIgniter->handleRequest(NULL, Object(Config\Cache), false)
#8 C:\xampp\htdocs\asia\codeigniter\rent-a-ride\index.php(38): CodeIgniter\CodeIgniter->run()
#9 {main}
CRITICAL - 2022-04-03 04:11:20 --> Trying to access array offset on value of type null
#0 C:\xampp\htdocs\asia\codeigniter\rent-a-ride\app\Views\pages\booking\details.php(57): CodeIgniter\Debug\Exceptions->errorHandler(2, 'Trying to acces...', 'C:\\xampp\\htdocs...', 57)
#1 C:\xampp\htdocs\asia\codeigniter\rent-a-ride\system\View\View.php(210): include('C:\\xampp\\htdocs...')
#2 C:\xampp\htdocs\asia\codeigniter\rent-a-ride\system\View\View.php(213): CodeIgniter\View\View->CodeIgniter\View\{closure}()
#3 C:\xampp\htdocs\asia\codeigniter\rent-a-ride\system\Common.php(1089): CodeIgniter\View\View->render('pages/booking/d...', Array, true)
#4 C:\xampp\htdocs\asia\codeigniter\rent-a-ride\app\Controllers\Booking.php(71): view('pages/booking/d...', Array)
#5 C:\xampp\htdocs\asia\codeigniter\rent-a-ride\system\CodeIgniter.php(832): App\Controllers\Booking->details('assets', 'img', 'favicon.png')
#6 C:\xampp\htdocs\asia\codeigniter\rent-a-ride\system\CodeIgniter.php(419): CodeIgniter\CodeIgniter->runController(Object(App\Controllers\Booking))
#7 C:\xampp\htdocs\asia\codeigniter\rent-a-ride\system\CodeIgniter.php(326): CodeIgniter\CodeIgniter->handleRequest(NULL, Object(Config\Cache), false)
#8 C:\xampp\htdocs\asia\codeigniter\rent-a-ride\index.php(38): CodeIgniter\CodeIgniter->run()
#9 {main}
CRITICAL - 2022-04-03 04:11:45 --> Trying to access array offset on value of type null
#0 C:\xampp\htdocs\asia\codeigniter\rent-a-ride\app\Views\pages\booking\details.php(57): CodeIgniter\Debug\Exceptions->errorHandler(2, 'Trying to acces...', 'C:\\xampp\\htdocs...', 57)
#1 C:\xampp\htdocs\asia\codeigniter\rent-a-ride\system\View\View.php(210): include('C:\\xampp\\htdocs...')
#2 C:\xampp\htdocs\asia\codeigniter\rent-a-ride\system\View\View.php(213): CodeIgniter\View\View->CodeIgniter\View\{closure}()
#3 C:\xampp\htdocs\asia\codeigniter\rent-a-ride\system\Common.php(1089): CodeIgniter\View\View->render('pages/booking/d...', Array, true)
#4 C:\xampp\htdocs\asia\codeigniter\rent-a-ride\app\Controllers\Booking.php(71): view('pages/booking/d...', Array)
#5 C:\xampp\htdocs\asia\codeigniter\rent-a-ride\system\CodeIgniter.php(832): App\Controllers\Booking->details('assets', 'img', 'favicon.png')
#6 C:\xampp\htdocs\asia\codeigniter\rent-a-ride\system\CodeIgniter.php(419): CodeIgniter\CodeIgniter->runController(Object(App\Controllers\Booking))
#7 C:\xampp\htdocs\asia\codeigniter\rent-a-ride\system\CodeIgniter.php(326): CodeIgniter\CodeIgniter->handleRequest(NULL, Object(Config\Cache), false)
#8 C:\xampp\htdocs\asia\codeigniter\rent-a-ride\index.php(38): CodeIgniter\CodeIgniter->run()
#9 {main}
CRITICAL - 2022-04-03 04:11:56 --> Trying to access array offset on value of type null
#0 C:\xampp\htdocs\asia\codeigniter\rent-a-ride\app\Views\pages\booking\details.php(57): CodeIgniter\Debug\Exceptions->errorHandler(2, 'Trying to acces...', 'C:\\xampp\\htdocs...', 57)
#1 C:\xampp\htdocs\asia\codeigniter\rent-a-ride\system\View\View.php(210): include('C:\\xampp\\htdocs...')
#2 C:\xampp\htdocs\asia\codeigniter\rent-a-ride\system\View\View.php(213): CodeIgniter\View\View->CodeIgniter\View\{closure}()
#3 C:\xampp\htdocs\asia\codeigniter\rent-a-ride\system\Common.php(1089): CodeIgniter\View\View->render('pages/booking/d...', Array, true)
#4 C:\xampp\htdocs\asia\codeigniter\rent-a-ride\app\Controllers\Booking.php(71): view('pages/booking/d...', Array)
#5 C:\xampp\htdocs\asia\codeigniter\rent-a-ride\system\CodeIgniter.php(832): App\Controllers\Booking->details('assets', 'img', 'favicon.png')
#6 C:\xampp\htdocs\asia\codeigniter\rent-a-ride\system\CodeIgniter.php(419): CodeIgniter\CodeIgniter->runController(Object(App\Controllers\Booking))
#7 C:\xampp\htdocs\asia\codeigniter\rent-a-ride\system\CodeIgniter.php(326): CodeIgniter\CodeIgniter->handleRequest(NULL, Object(Config\Cache), false)
#8 C:\xampp\htdocs\asia\codeigniter\rent-a-ride\index.php(38): CodeIgniter\CodeIgniter->run()
#9 {main}
CRITICAL - 2022-04-03 04:12:20 --> Trying to access array offset on value of type null
#0 C:\xampp\htdocs\asia\codeigniter\rent-a-ride\app\Views\pages\booking\details.php(57): CodeIgniter\Debug\Exceptions->errorHandler(2, 'Trying to acces...', 'C:\\xampp\\htdocs...', 57)
#1 C:\xampp\htdocs\asia\codeigniter\rent-a-ride\system\View\View.php(210): include('C:\\xampp\\htdocs...')
#2 C:\xampp\htdocs\asia\codeigniter\rent-a-ride\system\View\View.php(213): CodeIgniter\View\View->CodeIgniter\View\{closure}()
#3 C:\xampp\htdocs\asia\codeigniter\rent-a-ride\system\Common.php(1089): CodeIgniter\View\View->render('pages/booking/d...', Array, true)
#4 C:\xampp\htdocs\asia\codeigniter\rent-a-ride\app\Controllers\Booking.php(71): view('pages/booking/d...', Array)
#5 C:\xampp\htdocs\asia\codeigniter\rent-a-ride\system\CodeIgniter.php(832): App\Controllers\Booking->details('assets', 'img', 'favicon.png')
#6 C:\xampp\htdocs\asia\codeigniter\rent-a-ride\system\CodeIgniter.php(419): CodeIgniter\CodeIgniter->runController(Object(App\Controllers\Booking))
#7 C:\xampp\htdocs\asia\codeigniter\rent-a-ride\system\CodeIgniter.php(326): CodeIgniter\CodeIgniter->handleRequest(NULL, Object(Config\Cache), false)
#8 C:\xampp\htdocs\asia\codeigniter\rent-a-ride\index.php(38): CodeIgniter\CodeIgniter->run()
#9 {main}
CRITICAL - 2022-04-03 04:12:31 --> Trying to access array offset on value of type null
#0 C:\xampp\htdocs\asia\codeigniter\rent-a-ride\app\Views\pages\booking\details.php(57): CodeIgniter\Debug\Exceptions->errorHandler(2, 'Trying to acces...', 'C:\\xampp\\htdocs...', 57)
#1 C:\xampp\htdocs\asia\codeigniter\rent-a-ride\system\View\View.php(210): include('C:\\xampp\\htdocs...')
#2 C:\xampp\htdocs\asia\codeigniter\rent-a-ride\system\View\View.php(213): CodeIgniter\View\View->CodeIgniter\View\{closure}()
#3 C:\xampp\htdocs\asia\codeigniter\rent-a-ride\system\Common.php(1089): CodeIgniter\View\View->render('pages/booking/d...', Array, true)
#4 C:\xampp\htdocs\asia\codeigniter\rent-a-ride\app\Controllers\Booking.php(71): view('pages/booking/d...', Array)
#5 C:\xampp\htdocs\asia\codeigniter\rent-a-ride\system\CodeIgniter.php(832): App\Controllers\Booking->details('assets', 'img', 'favicon.png')
#6 C:\xampp\htdocs\asia\codeigniter\rent-a-ride\system\CodeIgniter.php(419): CodeIgniter\CodeIgniter->runController(Object(App\Controllers\Booking))
#7 C:\xampp\htdocs\asia\codeigniter\rent-a-ride\system\CodeIgniter.php(326): CodeIgniter\CodeIgniter->handleRequest(NULL, Object(Config\Cache), false)
#8 C:\xampp\htdocs\asia\codeigniter\rent-a-ride\index.php(38): CodeIgniter\CodeIgniter->run()
#9 {main}
CRITICAL - 2022-04-03 04:12:41 --> Trying to access array offset on value of type null
#0 C:\xampp\htdocs\asia\codeigniter\rent-a-ride\app\Views\pages\booking\details.php(57): CodeIgniter\Debug\Exceptions->errorHandler(2, 'Trying to acces...', 'C:\\xampp\\htdocs...', 57)
#1 C:\xampp\htdocs\asia\codeigniter\rent-a-ride\system\View\View.php(210): include('C:\\xampp\\htdocs...')
#2 C:\xampp\htdocs\asia\codeigniter\rent-a-ride\system\View\View.php(213): CodeIgniter\View\View->CodeIgniter\View\{closure}()
#3 C:\xampp\htdocs\asia\codeigniter\rent-a-ride\system\Common.php(1089): CodeIgniter\View\View->render('pages/booking/d...', Array, true)
#4 C:\xampp\htdocs\asia\codeigniter\rent-a-ride\app\Controllers\Booking.php(71): view('pages/booking/d...', Array)
#5 C:\xampp\htdocs\asia\codeigniter\rent-a-ride\system\CodeIgniter.php(832): App\Controllers\Booking->details('assets', 'img', 'favicon.png')
#6 C:\xampp\htdocs\asia\codeigniter\rent-a-ride\system\CodeIgniter.php(419): CodeIgniter\CodeIgniter->runController(Object(App\Controllers\Booking))
#7 C:\xampp\htdocs\asia\codeigniter\rent-a-ride\system\CodeIgniter.php(326): CodeIgniter\CodeIgniter->handleRequest(NULL, Object(Config\Cache), false)
#8 C:\xampp\htdocs\asia\codeigniter\rent-a-ride\index.php(38): CodeIgniter\CodeIgniter->run()
#9 {main}
CRITICAL - 2022-04-03 04:12:51 --> Trying to access array offset on value of type null
#0 C:\xampp\htdocs\asia\codeigniter\rent-a-ride\app\Views\pages\booking\details.php(57): CodeIgniter\Debug\Exceptions->errorHandler(2, 'Trying to acces...', 'C:\\xampp\\htdocs...', 57)
#1 C:\xampp\htdocs\asia\codeigniter\rent-a-ride\system\View\View.php(210): include('C:\\xampp\\htdocs...')
#2 C:\xampp\htdocs\asia\codeigniter\rent-a-ride\system\View\View.php(213): CodeIgniter\View\View->CodeIgniter\View\{closure}()
#3 C:\xampp\htdocs\asia\codeigniter\rent-a-ride\system\Common.php(1089): CodeIgniter\View\View->render('pages/booking/d...', Array, true)
#4 C:\xampp\htdocs\asia\codeigniter\rent-a-ride\app\Controllers\Booking.php(71): view('pages/booking/d...', Array)
#5 C:\xampp\htdocs\asia\codeigniter\rent-a-ride\system\CodeIgniter.php(832): App\Controllers\Booking->details('assets', 'img', 'favicon.png')
#6 C:\xampp\htdocs\asia\codeigniter\rent-a-ride\system\CodeIgniter.php(419): CodeIgniter\CodeIgniter->runController(Object(App\Controllers\Booking))
#7 C:\xampp\htdocs\asia\codeigniter\rent-a-ride\system\CodeIgniter.php(326): CodeIgniter\CodeIgniter->handleRequest(NULL, Object(Config\Cache), false)
#8 C:\xampp\htdocs\asia\codeigniter\rent-a-ride\index.php(38): CodeIgniter\CodeIgniter->run()
#9 {main}
CRITICAL - 2022-04-03 04:13:51 --> Trying to access array offset on value of type null
#0 C:\xampp\htdocs\asia\codeigniter\rent-a-ride\app\Views\pages\booking\details.php(57): CodeIgniter\Debug\Exceptions->errorHandler(2, 'Trying to acces...', 'C:\\xampp\\htdocs...', 57)
#1 C:\xampp\htdocs\asia\codeigniter\rent-a-ride\system\View\View.php(210): include('C:\\xampp\\htdocs...')
#2 C:\xampp\htdocs\asia\codeigniter\rent-a-ride\system\View\View.php(213): CodeIgniter\View\View->CodeIgniter\View\{closure}()
#3 C:\xampp\htdocs\asia\codeigniter\rent-a-ride\system\Common.php(1089): CodeIgniter\View\View->render('pages/booking/d...', Array, true)
#4 C:\xampp\htdocs\asia\codeigniter\rent-a-ride\app\Controllers\Booking.php(71): view('pages/booking/d...', Array)
#5 C:\xampp\htdocs\asia\codeigniter\rent-a-ride\system\CodeIgniter.php(832): App\Controllers\Booking->details('assets', 'img', 'favicon.png')
#6 C:\xampp\htdocs\asia\codeigniter\rent-a-ride\system\CodeIgniter.php(419): CodeIgniter\CodeIgniter->runController(Object(App\Controllers\Booking))
#7 C:\xampp\htdocs\asia\codeigniter\rent-a-ride\system\CodeIgniter.php(326): CodeIgniter\CodeIgniter->handleRequest(NULL, Object(Config\Cache), false)
#8 C:\xampp\htdocs\asia\codeigniter\rent-a-ride\index.php(38): CodeIgniter\CodeIgniter->run()
#9 {main}
CRITICAL - 2022-04-03 04:14:12 --> Trying to access array offset on value of type null
#0 C:\xampp\htdocs\asia\codeigniter\rent-a-ride\app\Views\pages\booking\details.php(57): CodeIgniter\Debug\Exceptions->errorHandler(2, 'Trying to acces...', 'C:\\xampp\\htdocs...', 57)
#1 C:\xampp\htdocs\asia\codeigniter\rent-a-ride\system\View\View.php(210): include('C:\\xampp\\htdocs...')
#2 C:\xampp\htdocs\asia\codeigniter\rent-a-ride\system\View\View.php(213): CodeIgniter\View\View->CodeIgniter\View\{closure}()
#3 C:\xampp\htdocs\asia\codeigniter\rent-a-ride\system\Common.php(1089): CodeIgniter\View\View->render('pages/booking/d...', Array, true)
#4 C:\xampp\htdocs\asia\codeigniter\rent-a-ride\app\Controllers\Booking.php(71): view('pages/booking/d...', Array)
#5 C:\xampp\htdocs\asia\codeigniter\rent-a-ride\system\CodeIgniter.php(832): App\Controllers\Booking->details('assets', 'img', 'favicon.png')
#6 C:\xampp\htdocs\asia\codeigniter\rent-a-ride\system\CodeIgniter.php(419): CodeIgniter\CodeIgniter->runController(Object(App\Controllers\Booking))
#7 C:\xampp\htdocs\asia\codeigniter\rent-a-ride\system\CodeIgniter.php(326): CodeIgniter\CodeIgniter->handleRequest(NULL, Object(Config\Cache), false)
#8 C:\xampp\htdocs\asia\codeigniter\rent-a-ride\index.php(38): CodeIgniter\CodeIgniter->run()
#9 {main}
CRITICAL - 2022-04-03 04:14:24 --> Trying to access array offset on value of type null
#0 C:\xampp\htdocs\asia\codeigniter\rent-a-ride\app\Views\pages\booking\details.php(57): CodeIgniter\Debug\Exceptions->errorHandler(2, 'Trying to acces...', 'C:\\xampp\\htdocs...', 57)
#1 C:\xampp\htdocs\asia\codeigniter\rent-a-ride\system\View\View.php(210): include('C:\\xampp\\htdocs...')
#2 C:\xampp\htdocs\asia\codeigniter\rent-a-ride\system\View\View.php(213): CodeIgniter\View\View->CodeIgniter\View\{closure}()
#3 C:\xampp\htdocs\asia\codeigniter\rent-a-ride\system\Common.php(1089): CodeIgniter\View\View->render('pages/booking/d...', Array, true)
#4 C:\xampp\htdocs\asia\codeigniter\rent-a-ride\app\Controllers\Booking.php(71): view('pages/booking/d...', Array)
#5 C:\xampp\htdocs\asia\codeigniter\rent-a-ride\system\CodeIgniter.php(832): App\Controllers\Booking->details('assets', 'img', 'favicon.png')
#6 C:\xampp\htdocs\asia\codeigniter\rent-a-ride\system\CodeIgniter.php(419): CodeIgniter\CodeIgniter->runController(Object(App\Controllers\Booking))
#7 C:\xampp\htdocs\asia\codeigniter\rent-a-ride\system\CodeIgniter.php(326): CodeIgniter\CodeIgniter->handleRequest(NULL, Object(Config\Cache), false)
#8 C:\xampp\htdocs\asia\codeigniter\rent-a-ride\index.php(38): CodeIgniter\CodeIgniter->run()
#9 {main}
CRITICAL - 2022-04-03 04:14:42 --> Trying to access array offset on value of type null
#0 C:\xampp\htdocs\asia\codeigniter\rent-a-ride\app\Views\pages\booking\details.php(57): CodeIgniter\Debug\Exceptions->errorHandler(2, 'Trying to acces...', 'C:\\xampp\\htdocs...', 57)
#1 C:\xampp\htdocs\asia\codeigniter\rent-a-ride\system\View\View.php(210): include('C:\\xampp\\htdocs...')
#2 C:\xampp\htdocs\asia\codeigniter\rent-a-ride\system\View\View.php(213): CodeIgniter\View\View->CodeIgniter\View\{closure}()
#3 C:\xampp\htdocs\asia\codeigniter\rent-a-ride\system\Common.php(1089): CodeIgniter\View\View->render('pages/booking/d...', Array, true)
#4 C:\xampp\htdocs\asia\codeigniter\rent-a-ride\app\Controllers\Booking.php(71): view('pages/booking/d...', Array)
#5 C:\xampp\htdocs\asia\codeigniter\rent-a-ride\system\CodeIgniter.php(832): App\Controllers\Booking->details('assets', 'img', 'favicon.png')
#6 C:\xampp\htdocs\asia\codeigniter\rent-a-ride\system\CodeIgniter.php(419): CodeIgniter\CodeIgniter->runController(Object(App\Controllers\Booking))
#7 C:\xampp\htdocs\asia\codeigniter\rent-a-ride\system\CodeIgniter.php(326): CodeIgniter\CodeIgniter->handleRequest(NULL, Object(Config\Cache), false)
#8 C:\xampp\htdocs\asia\codeigniter\rent-a-ride\index.php(38): CodeIgniter\CodeIgniter->run()
#9 {main}
CRITICAL - 2022-04-03 04:23:26 --> Trying to access array offset on value of type null
#0 C:\xampp\htdocs\asia\codeigniter\rent-a-ride\app\Views\pages\customer\details.php(23): CodeIgniter\Debug\Exceptions->errorHandler(2, 'Trying to acces...', 'C:\\xampp\\htdocs...', 23)
#1 C:\xampp\htdocs\asia\codeigniter\rent-a-ride\system\View\View.php(210): include('C:\\xampp\\htdocs...')
#2 C:\xampp\htdocs\asia\codeigniter\rent-a-ride\system\View\View.php(213): CodeIgniter\View\View->CodeIgniter\View\{closure}()
#3 C:\xampp\htdocs\asia\codeigniter\rent-a-ride\system\Common.php(1089): CodeIgniter\View\View->render('pages/customer/...', Array, true)
#4 C:\xampp\htdocs\asia\codeigniter\rent-a-ride\app\Controllers\Customer.php(49): view('pages/customer/...', Array)
#5 C:\xampp\htdocs\asia\codeigniter\rent-a-ride\system\CodeIgniter.php(832): App\Controllers\Customer->details('assets', 'img', 'favicon.png')
#6 C:\xampp\htdocs\asia\codeigniter\rent-a-ride\system\CodeIgniter.php(419): CodeIgniter\CodeIgniter->runController(Object(App\Controllers\Customer))
#7 C:\xampp\htdocs\asia\codeigniter\rent-a-ride\system\CodeIgniter.php(326): CodeIgniter\CodeIgniter->handleRequest(NULL, Object(Config\Cache), false)
#8 C:\xampp\htdocs\asia\codeigniter\rent-a-ride\index.php(38): CodeIgniter\CodeIgniter->run()
#9 {main}
